<?xml version="1.0" encoding="UTF-8"?>
<coverage generated="1784649782865" clover="3.2.0">
  <project timestamp="1784649782865" name="All files">
    <metrics statements="882" coveredstatements="578" conditionals="275" coveredconditionals="139" methods="104" coveredmethods="48" elements="1261" coveredelements="765" complexity="0" loc="882" ncloc="882" packages="16" files="58" classes="58"/>
    <package name="backend">
      <metrics statements="45" coveredstatements="36" conditionals="26" coveredconditionals="14" methods="4" coveredmethods="3"/>
      <file name="server.js" path="C:\Users\behzad\Desktop\fti2-main\fti2-main\backend\server.js">
        <metrics statements="45" coveredstatements="36" conditionals="26" coveredconditionals="14" methods="4" coveredmethods="3"/>
        <line num="1" count="8" type="stmt"/>
        <line num="2" count="8" type="stmt"/>
        <line num="3" count="8" type="stmt"/>
        <line num="4" count="8" type="stmt"/>
        <line num="7" count="8" type="stmt"/>
        <line num="10" count="8" type="stmt"/>
        <line num="11" count="24" type="stmt"/>
        <line num="13" count="8" type="cond" truecount="3" falsecount="1"/>
        <line num="14" count="0" type="stmt"/>
        <line num="15" count="0" type="stmt"/>
        <line num="18" count="8" type="cond" truecount="2" falsecount="2"/>
        <line num="19" count="0" type="stmt"/>
        <line num="20" count="0" type="stmt"/>
        <line num="23" count="8" type="stmt"/>
        <line num="24" count="8" type="stmt"/>
        <line num="27" count="8" type="stmt"/>
        <line num="28" count="8" type="stmt"/>
        <line num="31" count="8" type="stmt"/>
        <line num="35" count="8" type="cond" truecount="1" falsecount="1"/>
        <line num="36" count="0" type="stmt"/>
        <line num="39" count="8" type="stmt"/>
        <line num="41" count="8" type="stmt"/>
        <line num="43" count="8" type="stmt"/>
        <line num="46" count="8" type="stmt"/>
        <line num="51" count="8" type="stmt"/>
        <line num="54" count="82" type="stmt"/>
        <line num="60" count="82" type="cond" truecount="2" falsecount="0"/>
        <line num="63" count="2" type="cond" truecount="2" falsecount="2"/>
        <line num="64" count="0" type="stmt"/>
        <line num="67" count="2" type="cond" truecount="2" falsecount="0"/>
        <line num="68" count="1" type="stmt"/>
        <line num="70" count="1" type="stmt"/>
        <line num="77" count="8" type="stmt"/>
        <line num="80" count="8" type="stmt"/>
        <line num="81" count="8" type="stmt"/>
        <line num="84" count="8" type="stmt"/>
        <line num="85" count="2" type="stmt"/>
        <line num="89" count="8" type="stmt"/>
        <line num="92" count="8" type="stmt"/>
        <line num="95" count="8" type="stmt"/>
        <line num="98" count="8" type="cond" truecount="1" falsecount="1"/>
        <line num="99" count="0" type="cond" truecount="0" falsecount="2"/>
        <line num="100" count="0" type="stmt"/>
        <line num="101" count="0" type="cond" truecount="0" falsecount="2"/>
        <line num="105" count="8" type="stmt"/>
      </file>
    </package>
    <package name="backend.config">
      <metrics statements="8" coveredstatements="6" conditionals="0" coveredconditionals="0" methods="1" coveredmethods="1"/>
      <file name="db.js" path="C:\Users\behzad\Desktop\fti2-main\fti2-main\backend\config\db.js">
        <metrics statements="8" coveredstatements="6" conditionals="0" coveredconditionals="0" methods="1" coveredmethods="1"/>
        <line num="1" count="9" type="stmt"/>
        <line num="3" count="9" type="stmt"/>
        <line num="4" count="2" type="stmt"/>
        <line num="5" count="2" type="stmt"/>
        <line num="6" count="2" type="stmt"/>
        <line num="8" count="0" type="stmt"/>
        <line num="9" count="0" type="stmt"/>
        <line num="14" count="9" type="stmt"/>
      </file>
    </package>
    <package name="backend.controllers">
      <metrics statements="304" coveredstatements="144" conditionals="135" coveredconditionals="51" methods="34" coveredmethods="16"/>
      <file name="application.controller.js" path="C:\Users\behzad\Desktop\fti2-main\fti2-main\backend\controllers\application.controller.js">
        <metrics statements="58" coveredstatements="40" conditionals="31" coveredconditionals="16" methods="6" coveredmethods="5"/>
        <line num="1" count="8" type="stmt"/>
        <line num="2" count="8" type="stmt"/>
        <line num="17" count="8" type="stmt"/>
        <line num="18" count="2" type="stmt"/>
        <line num="19" count="2" type="stmt"/>
        <line num="21" count="2" type="cond" truecount="2" falsecount="3"/>
        <line num="22" count="2" type="stmt"/>
        <line num="27" count="0" type="stmt"/>
        <line num="39" count="0" type="stmt"/>
        <line num="46" count="0" type="stmt"/>
        <line num="58" count="8" type="stmt"/>
        <line num="59" count="0" type="stmt"/>
        <line num="60" count="0" type="stmt"/>
        <line num="62" count="0" type="cond" truecount="0" falsecount="4"/>
        <line num="63" count="0" type="stmt"/>
        <line num="66" count="0" type="stmt"/>
        <line num="76" count="0" type="stmt"/>
        <line num="83" count="0" type="stmt"/>
        <line num="94" count="8" type="stmt"/>
        <line num="95" count="1" type="stmt"/>
        <line num="96" count="1" type="cond" truecount="2" falsecount="0"/>
        <line num="97" count="1" type="cond" truecount="2" falsecount="0"/>
        <line num="98" count="1" type="stmt"/>
        <line num="100" count="1" type="stmt"/>
        <line num="101" count="1" type="cond" truecount="1" falsecount="1"/>
        <line num="102" count="1" type="cond" truecount="1" falsecount="1"/>
        <line num="104" count="1" type="stmt"/>
        <line num="109" count="0" type="stmt"/>
        <line num="118" count="1" type="stmt"/>
        <line num="129" count="8" type="stmt"/>
        <line num="130" count="1" type="stmt"/>
        <line num="131" count="1" type="stmt"/>
        <line num="133" count="1" type="cond" truecount="1" falsecount="1"/>
        <line num="134" count="1" type="stmt"/>
        <line num="137" count="0" type="stmt"/>
        <line num="143" count="0" type="stmt"/>
        <line num="156" count="8" type="stmt"/>
        <line num="157" count="1" type="stmt"/>
        <line num="158" count="1" type="stmt"/>
        <line num="159" count="1" type="stmt"/>
        <line num="161" count="1" type="cond" truecount="3" falsecount="1"/>
        <line num="162" count="0" type="stmt"/>
        <line num="170" count="1" type="stmt"/>
        <line num="171" count="1" type="cond" truecount="1" falsecount="1"/>
        <line num="172" count="1" type="cond" truecount="1" falsecount="1"/>
        <line num="174" count="1" type="stmt"/>
        <line num="180" count="1" type="cond" truecount="1" falsecount="1"/>
        <line num="181" count="1" type="stmt"/>
        <line num="184" count="0" type="stmt"/>
        <line num="191" count="0" type="stmt"/>
        <line num="202" count="8" type="stmt"/>
        <line num="203" count="1" type="stmt"/>
        <line num="204" count="1" type="stmt"/>
        <line num="206" count="1" type="cond" truecount="1" falsecount="1"/>
        <line num="207" count="1" type="stmt"/>
        <line num="210" count="0" type="stmt"/>
        <line num="216" count="0" type="stmt"/>
        <line num="220" count="8" type="stmt"/>
      </file>
      <file name="auth.controller.js" path="C:\Users\behzad\Desktop\fti2-main\fti2-main\backend\controllers\auth.controller.js">
        <metrics statements="63" coveredstatements="29" conditionals="29" coveredconditionals="13" methods="6" coveredmethods="3"/>
        <line num="1" count="8" type="stmt"/>
        <line num="2" count="8" type="stmt"/>
        <line num="9" count="8" type="stmt"/>
        <line num="10" count="23" type="stmt"/>
        <line num="12" count="23" type="stmt"/>
        <line num="13" count="23" type="cond" truecount="3" falsecount="1"/>
        <line num="14" count="0" type="stmt"/>
        <line num="17" count="23" type="stmt"/>
        <line num="19" count="23" type="cond" truecount="4" falsecount="0"/>
        <line num="20" count="10" type="stmt"/>
        <line num="28" count="13" type="stmt"/>
        <line num="31" count="0" type="stmt"/>
        <line num="32" count="0" type="stmt"/>
        <line num="41" count="8" type="stmt"/>
        <line num="42" count="0" type="stmt"/>
        <line num="43" count="0" type="stmt"/>
        <line num="45" count="0" type="cond" truecount="0" falsecount="2"/>
        <line num="46" count="0" type="stmt"/>
        <line num="48" count="0" type="stmt"/>
        <line num="51" count="0" type="stmt"/>
        <line num="52" count="0" type="stmt"/>
        <line num="61" count="8" type="stmt"/>
        <line num="62" count="0" type="stmt"/>
        <line num="64" count="0" type="stmt"/>
        <line num="65" count="0" type="cond" truecount="0" falsecount="4"/>
        <line num="66" count="0" type="stmt"/>
        <line num="69" count="0" type="stmt"/>
        <line num="71" count="0" type="cond" truecount="0" falsecount="4"/>
        <line num="72" count="0" type="stmt"/>
        <line num="73" count="0" type="stmt"/>
        <line num="75" count="0" type="stmt"/>
        <line num="77" count="0" type="stmt"/>
        <line num="80" count="0" type="stmt"/>
        <line num="81" count="0" type="stmt"/>
        <line num="90" count="8" type="stmt"/>
        <line num="91" count="2" type="stmt"/>
        <line num="93" count="2" type="stmt"/>
        <line num="94" count="2" type="cond" truecount="4" falsecount="1"/>
        <line num="95" count="0" type="stmt"/>
        <line num="98" count="2" type="stmt"/>
        <line num="100" count="2" type="cond" truecount="2" falsecount="0"/>
        <line num="101" count="1" type="stmt"/>
        <line num="104" count="1" type="stmt"/>
        <line num="111" count="1" type="stmt"/>
        <line num="118" count="0" type="stmt"/>
        <line num="119" count="0" type="stmt"/>
        <line num="128" count="8" type="stmt"/>
        <line num="129" count="0" type="stmt"/>
        <line num="130" count="0" type="stmt"/>
        <line num="131" count="0" type="stmt"/>
        <line num="133" count="0" type="stmt"/>
        <line num="134" count="0" type="stmt"/>
        <line num="143" count="8" type="stmt"/>
        <line num="144" count="1" type="stmt"/>
        <line num="145" count="1" type="stmt"/>
        <line num="147" count="1" type="stmt"/>
        <line num="148" count="0" type="cond" truecount="0" falsecount="4"/>
        <line num="149" count="0" type="stmt"/>
        <line num="152" count="0" type="stmt"/>
        <line num="153" count="0" type="stmt"/>
        <line num="155" count="1" type="stmt"/>
        <line num="156" count="1" type="stmt"/>
        <line num="160" count="8" type="stmt"/>
      </file>
      <file name="cms.controller.js" path="C:\Users\behzad\Desktop\fti2-main\fti2-main\backend\controllers\cms.controller.js">
        <metrics statements="23" coveredstatements="16" conditionals="2" coveredconditionals="0" methods="3" coveredmethods="2"/>
        <line num="1" count="8" type="stmt"/>
        <line num="13" count="8" type="stmt"/>
        <line num="14" count="2" type="stmt"/>
        <line num="15" count="2" type="stmt"/>
        <line num="16" count="1" type="stmt"/>
        <line num="19" count="1" type="stmt"/>
        <line num="20" count="0" type="stmt"/>
        <line num="23" count="1" type="stmt"/>
        <line num="25" count="1" type="stmt"/>
        <line num="26" count="1" type="stmt"/>
        <line num="35" count="8" type="stmt"/>
        <line num="36" count="1" type="stmt"/>
        <line num="37" count="1" type="stmt"/>
        <line num="40" count="1" type="stmt"/>
        <line num="42" count="0" type="cond" truecount="0" falsecount="2"/>
        <line num="43" count="0" type="stmt"/>
        <line num="46" count="0" type="stmt"/>
        <line num="50" count="0" type="stmt"/>
        <line num="51" count="0" type="stmt"/>
        <line num="53" count="0" type="stmt"/>
        <line num="55" count="1" type="stmt"/>
        <line num="56" count="1" type="stmt"/>
        <line num="60" count="8" type="stmt"/>
      </file>
      <file name="consultation.controller.js" path="C:\Users\behzad\Desktop\fti2-main\fti2-main\backend\controllers\consultation.controller.js">
        <metrics statements="50" coveredstatements="12" conditionals="26" coveredconditionals="2" methods="5" coveredmethods="1"/>
        <line num="1" count="8" type="stmt"/>
        <line num="2" count="8" type="stmt"/>
        <line num="17" count="8" type="stmt"/>
        <line num="18" count="1" type="stmt"/>
        <line num="19" count="1" type="stmt"/>
        <line num="21" count="1" type="cond" truecount="2" falsecount="2"/>
        <line num="22" count="1" type="stmt"/>
        <line num="25" count="0" type="stmt"/>
        <line num="34" count="0" type="stmt"/>
        <line num="41" count="0" type="stmt"/>
        <line num="52" count="8" type="stmt"/>
        <line num="53" count="0" type="stmt"/>
        <line num="54" count="0" type="cond" truecount="0" falsecount="2"/>
        <line num="55" count="0" type="cond" truecount="0" falsecount="2"/>
        <line num="56" count="0" type="stmt"/>
        <line num="58" count="0" type="stmt"/>
        <line num="59" count="0" type="cond" truecount="0" falsecount="2"/>
        <line num="61" count="0" type="stmt"/>
        <line num="66" count="0" type="stmt"/>
        <line num="75" count="0" type="stmt"/>
        <line num="86" count="8" type="stmt"/>
        <line num="87" count="0" type="stmt"/>
        <line num="88" count="0" type="stmt"/>
        <line num="90" count="0" type="cond" truecount="0" falsecount="2"/>
        <line num="91" count="0" type="stmt"/>
        <line num="96" count="0" type="stmt"/>
        <line num="102" count="0" type="stmt"/>
        <line num="115" count="8" type="stmt"/>
        <line num="116" count="0" type="stmt"/>
        <line num="117" count="0" type="stmt"/>
        <line num="118" count="0" type="stmt"/>
        <line num="120" count="0" type="cond" truecount="0" falsecount="4"/>
        <line num="121" count="0" type="stmt"/>
        <line num="129" count="0" type="stmt"/>
        <line num="130" count="0" type="cond" truecount="0" falsecount="2"/>
        <line num="131" count="0" type="cond" truecount="0" falsecount="2"/>
        <line num="132" count="0" type="cond" truecount="0" falsecount="2"/>
        <line num="134" count="0" type="stmt"/>
        <line num="140" count="0" type="cond" truecount="0" falsecount="2"/>
        <line num="141" count="0" type="stmt"/>
        <line num="146" count="0" type="stmt"/>
        <line num="153" count="0" type="stmt"/>
        <line num="164" count="8" type="stmt"/>
        <line num="165" count="0" type="stmt"/>
        <line num="166" count="0" type="stmt"/>
        <line num="168" count="0" type="cond" truecount="0" falsecount="2"/>
        <line num="169" count="0" type="stmt"/>
        <line num="174" count="0" type="stmt"/>
        <line num="180" count="0" type="stmt"/>
        <line num="184" count="8" type="stmt"/>
      </file>
      <file name="contact.controller.js" path="C:\Users\behzad\Desktop\fti2-main\fti2-main\backend\controllers\contact.controller.js">
        <metrics statements="43" coveredstatements="21" conditionals="20" coveredconditionals="8" methods="5" coveredmethods="2"/>
        <line num="1" count="8" type="stmt"/>
        <line num="2" count="8" type="stmt"/>
        <line num="17" count="8" type="stmt"/>
        <line num="18" count="1" type="stmt"/>
        <line num="19" count="1" type="stmt"/>
        <line num="22" count="1" type="cond" truecount="3" falsecount="1"/>
        <line num="23" count="0" type="stmt"/>
        <line num="26" count="1" type="stmt"/>
        <line num="28" count="1" type="stmt"/>
        <line num="35" count="0" type="stmt"/>
        <line num="46" count="8" type="stmt"/>
        <line num="47" count="1" type="stmt"/>
        <line num="48" count="1" type="cond" truecount="2" falsecount="0"/>
        <line num="49" count="1" type="cond" truecount="2" falsecount="0"/>
        <line num="50" count="1" type="stmt"/>
        <line num="53" count="1" type="stmt"/>
        <line num="54" count="1" type="cond" truecount="1" falsecount="1"/>
        <line num="55" count="0" type="stmt"/>
        <line num="58" count="1" type="stmt"/>
        <line num="63" count="0" type="stmt"/>
        <line num="72" count="1" type="stmt"/>
        <line num="83" count="8" type="stmt"/>
        <line num="84" count="0" type="stmt"/>
        <line num="85" count="0" type="stmt"/>
        <line num="87" count="0" type="cond" truecount="0" falsecount="2"/>
        <line num="88" count="0" type="stmt"/>
        <line num="91" count="0" type="stmt"/>
        <line num="97" count="0" type="stmt"/>
        <line num="109" count="8" type="stmt"/>
        <line num="110" count="0" type="stmt"/>
        <line num="111" count="0" type="stmt"/>
        <line num="117" count="0" type="cond" truecount="0" falsecount="2"/>
        <line num="118" count="0" type="stmt"/>
        <line num="121" count="0" type="stmt"/>
        <line num="128" count="0" type="stmt"/>
        <line num="139" count="8" type="stmt"/>
        <line num="140" count="0" type="stmt"/>
        <line num="141" count="0" type="stmt"/>
        <line num="143" count="0" type="cond" truecount="0" falsecount="2"/>
        <line num="144" count="0" type="stmt"/>
        <line num="147" count="0" type="stmt"/>
        <line num="153" count="0" type="stmt"/>
        <line num="157" count="8" type="stmt"/>
      </file>
      <file name="enquiry.controller.js" path="C:\Users\behzad\Desktop\fti2-main\fti2-main\backend\controllers\enquiry.controller.js">
        <metrics statements="26" coveredstatements="13" conditionals="15" coveredconditionals="10" methods="3" coveredmethods="2"/>
        <line num="1" count="8" type="stmt"/>
        <line num="8" count="8" type="stmt"/>
        <line num="9" count="1" type="stmt"/>
        <line num="10" count="1" type="stmt"/>
        <line num="12" count="1" type="cond" truecount="4" falsecount="1"/>
        <line num="13" count="0" type="stmt"/>
        <line num="16" count="1" type="stmt"/>
        <line num="26" count="1" type="stmt"/>
        <line num="28" count="0" type="stmt"/>
        <line num="29" count="0" type="stmt"/>
        <line num="38" count="8" type="stmt"/>
        <line num="39" count="1" type="stmt"/>
        <line num="40" count="1" type="stmt"/>
        <line num="41" count="1" type="stmt"/>
        <line num="43" count="0" type="stmt"/>
        <line num="44" count="0" type="stmt"/>
        <line num="53" count="8" type="stmt"/>
        <line num="54" count="0" type="stmt"/>
        <line num="55" count="0" type="stmt"/>
        <line num="56" count="0" type="stmt"/>
        <line num="58" count="0" type="cond" truecount="0" falsecount="2"/>
        <line num="59" count="0" type="stmt"/>
        <line num="62" count="0" type="stmt"/>
        <line num="64" count="0" type="stmt"/>
        <line num="65" count="0" type="stmt"/>
        <line num="69" count="8" type="stmt"/>
      </file>
      <file name="settings.controller.js" path="C:\Users\behzad\Desktop\fti2-main\fti2-main\backend\controllers\settings.controller.js">
        <metrics statements="15" coveredstatements="4" conditionals="0" coveredconditionals="0" methods="2" coveredmethods="0"/>
        <line num="1" count="8" type="stmt"/>
        <line num="8" count="8" type="stmt"/>
        <line num="9" count="0" type="stmt"/>
        <line num="10" count="0" type="stmt"/>
        <line num="11" count="0" type="stmt"/>
        <line num="13" count="0" type="stmt"/>
        <line num="14" count="0" type="stmt"/>
        <line num="23" count="8" type="stmt"/>
        <line num="24" count="0" type="stmt"/>
        <line num="25" count="0" type="stmt"/>
        <line num="28" count="0" type="stmt"/>
        <line num="30" count="0" type="stmt"/>
        <line num="32" count="0" type="stmt"/>
        <line num="33" count="0" type="stmt"/>
        <line num="37" count="8" type="stmt"/>
      </file>
      <file name="testQuery.controller.js" path="C:\Users\behzad\Desktop\fti2-main\fti2-main\backend\controllers\testQuery.controller.js">
        <metrics statements="26" coveredstatements="9" conditionals="12" coveredconditionals="2" methods="4" coveredmethods="1"/>
        <line num="1" count="8" type="stmt"/>
        <line num="8" count="8" type="stmt"/>
        <line num="9" count="1" type="stmt"/>
        <line num="10" count="1" type="stmt"/>
        <line num="12" count="1" type="cond" truecount="2" falsecount="4"/>
        <line num="13" count="1" type="stmt"/>
        <line num="16" count="0" type="stmt"/>
        <line num="28" count="0" type="stmt"/>
        <line num="30" count="0" type="stmt"/>
        <line num="32" count="0" type="stmt"/>
        <line num="33" count="0" type="stmt"/>
        <line num="42" count="8" type="stmt"/>
        <line num="43" count="0" type="stmt"/>
        <line num="44" count="0" type="stmt"/>
        <line num="46" count="0" type="stmt"/>
        <line num="47" count="0" type="stmt"/>
        <line num="49" count="0" type="stmt"/>
        <line num="50" count="0" type="stmt"/>
        <line num="59" count="8" type="stmt"/>
        <line num="60" count="0" type="stmt"/>
        <line num="61" count="0" type="stmt"/>
        <line num="62" count="0" type="stmt"/>
        <line num="63" count="0" type="stmt"/>
        <line num="65" count="0" type="stmt"/>
        <line num="66" count="0" type="stmt"/>
        <line num="70" count="8" type="stmt"/>
      </file>
    </package>
    <package name="backend.controllers.pages">
      <metrics statements="96" coveredstatements="32" conditionals="0" coveredconditionals="0" methods="16" coveredmethods="0"/>
      <file name="about.controller.js" path="C:\Users\behzad\Desktop\fti2-main\fti2-main\backend\controllers\pages\about.controller.js">
        <metrics statements="12" coveredstatements="4" conditionals="0" coveredconditionals="0" methods="2" coveredmethods="0"/>
        <line num="1" count="8" type="stmt"/>
        <line num="3" count="8" type="stmt"/>
        <line num="4" count="0" type="stmt"/>
        <line num="5" count="0" type="stmt"/>
        <line num="6" count="0" type="stmt"/>
        <line num="8" count="0" type="stmt"/>
        <line num="12" count="8" type="stmt"/>
        <line num="13" count="0" type="stmt"/>
        <line num="14" count="0" type="stmt"/>
        <line num="15" count="0" type="stmt"/>
        <line num="17" count="0" type="stmt"/>
        <line num="21" count="8" type="stmt"/>
      </file>
      <file name="contact.controller.js" path="C:\Users\behzad\Desktop\fti2-main\fti2-main\backend\controllers\pages\contact.controller.js">
        <metrics statements="12" coveredstatements="4" conditionals="0" coveredconditionals="0" methods="2" coveredmethods="0"/>
        <line num="1" count="8" type="stmt"/>
        <line num="3" count="8" type="stmt"/>
        <line num="4" count="0" type="stmt"/>
        <line num="5" count="0" type="stmt"/>
        <line num="6" count="0" type="stmt"/>
        <line num="8" count="0" type="stmt"/>
        <line num="12" count="8" type="stmt"/>
        <line num="13" count="0" type="stmt"/>
        <line num="14" count="0" type="stmt"/>
        <line num="15" count="0" type="stmt"/>
        <line num="17" count="0" type="stmt"/>
        <line num="21" count="8" type="stmt"/>
      </file>
      <file name="destinations.controller.js" path="C:\Users\behzad\Desktop\fti2-main\fti2-main\backend\controllers\pages\destinations.controller.js">
        <metrics statements="12" coveredstatements="4" conditionals="0" coveredconditionals="0" methods="2" coveredmethods="0"/>
        <line num="1" count="8" type="stmt"/>
        <line num="3" count="8" type="stmt"/>
        <line num="4" count="0" type="stmt"/>
        <line num="5" count="0" type="stmt"/>
        <line num="6" count="0" type="stmt"/>
        <line num="8" count="0" type="stmt"/>
        <line num="12" count="8" type="stmt"/>
        <line num="13" count="0" type="stmt"/>
        <line num="14" count="0" type="stmt"/>
        <line num="15" count="0" type="stmt"/>
        <line num="17" count="0" type="stmt"/>
        <line num="21" count="8" type="stmt"/>
      </file>
      <file name="events.controller.js" path="C:\Users\behzad\Desktop\fti2-main\fti2-main\backend\controllers\pages\events.controller.js">
        <metrics statements="12" coveredstatements="4" conditionals="0" coveredconditionals="0" methods="2" coveredmethods="0"/>
        <line num="1" count="8" type="stmt"/>
        <line num="3" count="8" type="stmt"/>
        <line num="4" count="0" type="stmt"/>
        <line num="5" count="0" type="stmt"/>
        <line num="6" count="0" type="stmt"/>
        <line num="8" count="0" type="stmt"/>
        <line num="12" count="8" type="stmt"/>
        <line num="13" count="0" type="stmt"/>
        <line num="14" count="0" type="stmt"/>
        <line num="15" count="0" type="stmt"/>
        <line num="17" count="0" type="stmt"/>
        <line num="21" count="8" type="stmt"/>
      </file>
      <file name="home.controller.js" path="C:\Users\behzad\Desktop\fti2-main\fti2-main\backend\controllers\pages\home.controller.js">
        <metrics statements="12" coveredstatements="4" conditionals="0" coveredconditionals="0" methods="2" coveredmethods="0"/>
        <line num="1" count="8" type="stmt"/>
        <line num="3" count="8" type="stmt"/>
        <line num="4" count="0" type="stmt"/>
        <line num="5" count="0" type="stmt"/>
        <line num="6" count="0" type="stmt"/>
        <line num="8" count="0" type="stmt"/>
        <line num="12" count="8" type="stmt"/>
        <line num="13" count="0" type="stmt"/>
        <line num="14" count="0" type="stmt"/>
        <line num="15" count="0" type="stmt"/>
        <line num="17" count="0" type="stmt"/>
        <line num="21" count="8" type="stmt"/>
      </file>
      <file name="ielts.controller.js" path="C:\Users\behzad\Desktop\fti2-main\fti2-main\backend\controllers\pages\ielts.controller.js">
        <metrics statements="12" coveredstatements="4" conditionals="0" coveredconditionals="0" methods="2" coveredmethods="0"/>
        <line num="1" count="8" type="stmt"/>
        <line num="3" count="8" type="stmt"/>
        <line num="4" count="0" type="stmt"/>
        <line num="5" count="0" type="stmt"/>
        <line num="6" count="0" type="stmt"/>
        <line num="8" count="0" type="stmt"/>
        <line num="12" count="8" type="stmt"/>
        <line num="13" count="0" type="stmt"/>
        <line num="14" count="0" type="stmt"/>
        <line num="15" count="0" type="stmt"/>
        <line num="17" count="0" type="stmt"/>
        <line num="21" count="8" type="stmt"/>
      </file>
      <file name="pte.controller.js" path="C:\Users\behzad\Desktop\fti2-main\fti2-main\backend\controllers\pages\pte.controller.js">
        <metrics statements="12" coveredstatements="4" conditionals="0" coveredconditionals="0" methods="2" coveredmethods="0"/>
        <line num="1" count="8" type="stmt"/>
        <line num="3" count="8" type="stmt"/>
        <line num="4" count="0" type="stmt"/>
        <line num="5" count="0" type="stmt"/>
        <line num="6" count="0" type="stmt"/>
        <line num="8" count="0" type="stmt"/>
        <line num="12" count="8" type="stmt"/>
        <line num="13" count="0" type="stmt"/>
        <line num="14" count="0" type="stmt"/>
        <line num="15" count="0" type="stmt"/>
        <line num="17" count="0" type="stmt"/>
        <line num="21" count="8" type="stmt"/>
      </file>
      <file name="services.controller.js" path="C:\Users\behzad\Desktop\fti2-main\fti2-main\backend\controllers\pages\services.controller.js">
        <metrics statements="12" coveredstatements="4" conditionals="0" coveredconditionals="0" methods="2" coveredmethods="0"/>
        <line num="1" count="8" type="stmt"/>
        <line num="3" count="8" type="stmt"/>
        <line num="4" count="0" type="stmt"/>
        <line num="5" count="0" type="stmt"/>
        <line num="6" count="0" type="stmt"/>
        <line num="8" count="0" type="stmt"/>
        <line num="12" count="8" type="stmt"/>
        <line num="13" count="0" type="stmt"/>
        <line num="14" count="0" type="stmt"/>
        <line num="15" count="0" type="stmt"/>
        <line num="17" count="0" type="stmt"/>
        <line num="21" count="8" type="stmt"/>
      </file>
    </package>
    <package name="backend.middleware">
      <metrics statements="96" coveredstatements="77" conditionals="46" coveredconditionals="31" methods="18" coveredmethods="9"/>
      <file name="authMiddleware.js" path="C:\Users\behzad\Desktop\fti2-main\fti2-main\backend\middleware\authMiddleware.js">
        <metrics statements="25" coveredstatements="24" conditionals="16" coveredconditionals="15" methods="2" coveredmethods="2"/>
        <line num="1" count="8" type="stmt"/>
        <line num="2" count="8" type="stmt"/>
        <line num="4" count="8" type="stmt"/>
        <line num="7" count="24" type="cond" truecount="2" falsecount="0"/>
        <line num="11" count="20" type="stmt"/>
        <line num="13" count="20" type="stmt"/>
        <line num="16" count="20" type="stmt"/>
        <line num="19" count="16" type="stmt"/>
        <line num="21" count="16" type="cond" truecount="1" falsecount="1"/>
        <line num="22" count="0" type="stmt"/>
        <line num="25" count="16" type="cond" truecount="2" falsecount="0"/>
        <line num="26" count="1" type="stmt"/>
        <line num="29" count="15" type="cond" truecount="2" falsecount="0"/>
        <line num="30" count="1" type="stmt"/>
        <line num="33" count="14" type="stmt"/>
        <line num="35" count="14" type="stmt"/>
        <line num="37" count="4" type="stmt"/>
        <line num="38" count="4" type="stmt"/>
        <line num="42" count="22" type="cond" truecount="2" falsecount="0"/>
        <line num="43" count="4" type="stmt"/>
        <line num="47" count="8" type="stmt"/>
        <line num="48" count="8" type="cond" truecount="4" falsecount="0"/>
        <line num="49" count="4" type="stmt"/>
        <line num="51" count="4" type="stmt"/>
        <line num="55" count="8" type="stmt"/>
      </file>
      <file name="errorMiddleware.js" path="C:\Users\behzad\Desktop\fti2-main\fti2-main\backend\middleware\errorMiddleware.js">
        <metrics statements="41" coveredstatements="32" conditionals="24" coveredconditionals="15" methods="10" coveredmethods="4"/>
        <line num="1" count="8" type="stmt"/>
        <line num="14" count="8" type="stmt"/>
        <line num="15" count="1" type="stmt"/>
        <line num="22" count="8" type="stmt"/>
        <line num="23" count="0" type="cond" truecount="0" falsecount="4"/>
        <line num="24" count="0" type="stmt"/>
        <line num="25" count="0" type="stmt"/>
        <line num="36" count="8" type="stmt"/>
        <line num="37" count="0" type="stmt"/>
        <line num="38" count="0" type="stmt"/>
        <line num="45" count="8" type="stmt"/>
        <line num="46" count="0" type="stmt"/>
        <line num="52" count="8" type="stmt"/>
        <line num="53" count="0" type="stmt"/>
        <line num="58" count="8" type="stmt"/>
        <line num="59" count="0" type="stmt"/>
        <line num="71" count="8" type="stmt"/>
        <line num="72" count="16" type="cond" truecount="2" falsecount="0"/>
        <line num="74" count="14" type="stmt"/>
        <line num="81" count="2" type="stmt"/>
        <line num="82" count="2" type="stmt"/>
        <line num="93" count="8" type="stmt"/>
        <line num="94" count="16" type="cond" truecount="2" falsecount="0"/>
        <line num="95" count="16" type="cond" truecount="2" falsecount="0"/>
        <line num="97" count="16" type="cond" truecount="1" falsecount="1"/>
        <line num="98" count="0" type="stmt"/>
        <line num="100" count="16" type="stmt"/>
        <line num="101" count="16" type="stmt"/>
        <line num="102" count="16" type="stmt"/>
        <line num="103" count="16" type="stmt"/>
        <line num="105" count="16" type="cond" truecount="2" falsecount="0"/>
        <line num="106" count="2" type="stmt"/>
        <line num="109" count="16" type="cond" truecount="2" falsecount="0"/>
        <line num="110" count="16" type="cond" truecount="1" falsecount="1"/>
        <line num="111" count="16" type="cond" truecount="1" falsecount="1"/>
        <line num="112" count="16" type="cond" truecount="1" falsecount="1"/>
        <line num="113" count="16" type="cond" truecount="1" falsecount="1"/>
        <line num="115" count="16" type="stmt"/>
        <line num="123" count="8" type="stmt"/>
        <line num="124" count="4" type="stmt"/>
        <line num="127" count="8" type="stmt"/>
      </file>
      <file name="rateLimiter.js" path="C:\Users\behzad\Desktop\fti2-main\fti2-main\backend\middleware\rateLimiter.js">
        <metrics statements="5" coveredstatements="5" conditionals="0" coveredconditionals="0" methods="0" coveredmethods="0"/>
        <line num="1" count="8" type="stmt"/>
        <line num="4" count="8" type="stmt"/>
        <line num="16" count="8" type="stmt"/>
        <line num="28" count="8" type="stmt"/>
        <line num="39" count="8" type="stmt"/>
      </file>
      <file name="uploadMiddleware.js" path="C:\Users\behzad\Desktop\fti2-main\fti2-main\backend\middleware\uploadMiddleware.js">
        <metrics statements="18" coveredstatements="9" conditionals="6" coveredconditionals="1" methods="3" coveredmethods="0"/>
        <line num="1" count="8" type="stmt"/>
        <line num="2" count="8" type="stmt"/>
        <line num="3" count="8" type="stmt"/>
        <line num="6" count="8" type="stmt"/>
        <line num="7" count="8" type="cond" truecount="1" falsecount="1"/>
        <line num="8" count="0" type="stmt"/>
        <line num="12" count="8" type="stmt"/>
        <line num="14" count="0" type="stmt"/>
        <line num="18" count="0" type="stmt"/>
        <line num="23" count="8" type="stmt"/>
        <line num="24" count="0" type="stmt"/>
        <line num="26" count="0" type="stmt"/>
        <line num="28" count="0" type="stmt"/>
        <line num="30" count="0" type="cond" truecount="0" falsecount="4"/>
        <line num="31" count="0" type="stmt"/>
        <line num="33" count="0" type="stmt"/>
        <line num="37" count="8" type="stmt"/>
        <line num="43" count="8" type="stmt"/>
      </file>
      <file name="validateResource.js" path="C:\Users\behzad\Desktop\fti2-main\fti2-main\backend\middleware\validateResource.js">
        <metrics statements="7" coveredstatements="7" conditionals="0" coveredconditionals="0" methods="3" coveredmethods="3"/>
        <line num="1" count="48" type="stmt"/>
        <line num="2" count="43" type="stmt"/>
        <line num="3" count="43" type="stmt"/>
        <line num="8" count="27" type="stmt"/>
        <line num="11" count="16" type="stmt"/>
        <line num="14" count="17" type="stmt"/>
        <line num="22" count="8" type="stmt"/>
      </file>
    </package>
    <package name="backend.models">
      <metrics statements="59" coveredstatements="42" conditionals="6" coveredconditionals="2" methods="6" coveredmethods="4"/>
      <file name="Application.js" path="C:\Users\behzad\Desktop\fti2-main\fti2-main\backend\models\Application.js">
        <metrics statements="6" coveredstatements="6" conditionals="0" coveredconditionals="0" methods="0" coveredmethods="0"/>
        <line num="1" count="8" type="stmt"/>
        <line num="10" count="8" type="stmt"/>
        <line num="93" count="8" type="stmt"/>
        <line num="94" count="8" type="stmt"/>
        <line num="96" count="8" type="stmt"/>
        <line num="97" count="8" type="stmt"/>
      </file>
      <file name="BaseJSONModel.js" path="C:\Users\behzad\Desktop\fti2-main\fti2-main\backend\models\BaseJSONModel.js">
        <metrics statements="22" coveredstatements="6" conditionals="4" coveredconditionals="1" methods="4" coveredmethods="2"/>
        <line num="1" count="8" type="stmt"/>
        <line num="2" count="8" type="stmt"/>
        <line num="6" count="72" type="stmt"/>
        <line num="7" count="72" type="stmt"/>
        <line num="11" count="72" type="cond" truecount="1" falsecount="1"/>
        <line num="13" count="0" type="stmt"/>
        <line num="14" count="0" type="cond" truecount="0" falsecount="2"/>
        <line num="15" count="0" type="stmt"/>
        <line num="18" count="0" type="stmt"/>
        <line num="23" count="0" type="stmt"/>
        <line num="24" count="0" type="stmt"/>
        <line num="25" count="0" type="stmt"/>
        <line num="27" count="0" type="stmt"/>
        <line num="28" count="0" type="stmt"/>
        <line num="33" count="0" type="stmt"/>
        <line num="34" count="0" type="stmt"/>
        <line num="35" count="0" type="stmt"/>
        <line num="36" count="0" type="stmt"/>
        <line num="37" count="0" type="stmt"/>
        <line num="39" count="0" type="stmt"/>
        <line num="40" count="0" type="stmt"/>
        <line num="45" count="8" type="stmt"/>
      </file>
      <file name="CMSData.js" path="C:\Users\behzad\Desktop\fti2-main\fti2-main\backend\models\CMSData.js">
        <metrics statements="4" coveredstatements="4" conditionals="0" coveredconditionals="0" methods="0" coveredmethods="0"/>
        <line num="1" count="8" type="stmt"/>
        <line num="3" count="8" type="stmt"/>
        <line num="21" count="8" type="stmt"/>
        <line num="23" count="8" type="stmt"/>
      </file>
      <file name="Consultation.js" path="C:\Users\behzad\Desktop\fti2-main\fti2-main\backend\models\Consultation.js">
        <metrics statements="5" coveredstatements="5" conditionals="0" coveredconditionals="0" methods="0" coveredmethods="0"/>
        <line num="1" count="8" type="stmt"/>
        <line num="7" count="8" type="stmt"/>
        <line num="61" count="8" type="stmt"/>
        <line num="63" count="8" type="stmt"/>
        <line num="64" count="8" type="stmt"/>
      </file>
      <file name="Contact.js" path="C:\Users\behzad\Desktop\fti2-main\fti2-main\backend\models\Contact.js">
        <metrics statements="6" coveredstatements="6" conditionals="0" coveredconditionals="0" methods="0" coveredmethods="0"/>
        <line num="1" count="8" type="stmt"/>
        <line num="15" count="8" type="stmt"/>
        <line num="61" count="8" type="stmt"/>
        <line num="62" count="8" type="stmt"/>
        <line num="64" count="8" type="stmt"/>
        <line num="65" count="8" type="stmt"/>
      </file>
      <file name="Enquiry.js" path="C:\Users\behzad\Desktop\fti2-main\fti2-main\backend\models\Enquiry.js">
        <metrics statements="4" coveredstatements="4" conditionals="0" coveredconditionals="0" methods="0" coveredmethods="0"/>
        <line num="1" count="9" type="stmt"/>
        <line num="3" count="9" type="stmt"/>
        <line num="54" count="9" type="stmt"/>
        <line num="56" count="9" type="stmt"/>
      </file>
      <file name="User.js" path="C:\Users\behzad\Desktop\fti2-main\fti2-main\backend\models\User.js">
        <metrics statements="12" coveredstatements="11" conditionals="2" coveredconditionals="1" methods="2" coveredmethods="2"/>
        <line num="1" count="9" type="stmt"/>
        <line num="2" count="9" type="stmt"/>
        <line num="4" count="9" type="stmt"/>
        <line num="36" count="9" type="stmt"/>
        <line num="37" count="11" type="stmt"/>
        <line num="41" count="9" type="stmt"/>
        <line num="42" count="95" type="cond" truecount="1" falsecount="1"/>
        <line num="43" count="0" type="stmt"/>
        <line num="46" count="95" type="stmt"/>
        <line num="47" count="95" type="stmt"/>
        <line num="50" count="9" type="stmt"/>
        <line num="52" count="9" type="stmt"/>
      </file>
    </package>
    <package name="backend.models.core">
      <metrics statements="35" coveredstatements="12" conditionals="8" coveredconditionals="1" methods="11" coveredmethods="4"/>
      <file name="BaseJSONArrayModel.js" path="C:\Users\behzad\Desktop\fti2-main\fti2-main\backend\models\core\BaseJSONArrayModel.js">
        <metrics statements="29" coveredstatements="6" conditionals="8" coveredconditionals="1" methods="9" coveredmethods="2"/>
        <line num="1" count="8" type="stmt"/>
        <line num="2" count="8" type="stmt"/>
        <line num="6" count="8" type="stmt"/>
        <line num="7" count="8" type="stmt"/>
        <line num="11" count="8" type="cond" truecount="1" falsecount="1"/>
        <line num="12" count="0" type="stmt"/>
        <line num="13" count="0" type="cond" truecount="0" falsecount="2"/>
        <line num="14" count="0" type="stmt"/>
        <line num="19" count="0" type="stmt"/>
        <line num="20" count="0" type="stmt"/>
        <line num="21" count="0" type="stmt"/>
        <line num="23" count="0" type="stmt"/>
        <line num="24" count="0" type="stmt"/>
        <line num="29" count="0" type="stmt"/>
        <line num="30" count="0" type="stmt"/>
        <line num="31" count="0" type="stmt"/>
        <line num="33" count="0" type="stmt"/>
        <line num="34" count="0" type="stmt"/>
        <line num="39" count="0" type="stmt"/>
        <line num="40" count="0" type="stmt"/>
        <line num="41" count="0" type="stmt"/>
        <line num="42" count="0" type="stmt"/>
        <line num="46" count="0" type="stmt"/>
        <line num="47" count="0" type="cond" truecount="0" falsecount="2"/>
        <line num="51" count="0" type="stmt"/>
        <line num="52" count="0" type="cond" truecount="0" falsecount="2"/>
        <line num="53" count="0" type="stmt"/>
        <line num="54" count="0" type="stmt"/>
        <line num="58" count="8" type="stmt"/>
      </file>
      <file name="SettingsModel.js" path="C:\Users\behzad\Desktop\fti2-main\fti2-main\backend\models\core\SettingsModel.js">
        <metrics statements="3" coveredstatements="3" conditionals="0" coveredconditionals="0" methods="1" coveredmethods="1"/>
        <line num="1" count="8" type="stmt"/>
        <line num="5" count="8" type="stmt"/>
        <line num="12" count="8" type="stmt"/>
      </file>
      <file name="TestQueryModel.js" path="C:\Users\behzad\Desktop\fti2-main\fti2-main\backend\models\core\TestQueryModel.js">
        <metrics statements="3" coveredstatements="3" conditionals="0" coveredconditionals="0" methods="1" coveredmethods="1"/>
        <line num="1" count="8" type="stmt"/>
        <line num="5" count="8" type="stmt"/>
        <line num="8" count="8" type="stmt"/>
      </file>
    </package>
    <package name="backend.models.pages">
      <metrics statements="24" coveredstatements="24" conditionals="0" coveredconditionals="0" methods="8" coveredmethods="8"/>
      <file name="AboutModel.js" path="C:\Users\behzad\Desktop\fti2-main\fti2-main\backend\models\pages\AboutModel.js">
        <metrics statements="3" coveredstatements="3" conditionals="0" coveredconditionals="0" methods="1" coveredmethods="1"/>
        <line num="1" count="8" type="stmt"/>
        <line num="5" count="8" type="stmt"/>
        <line num="9" count="8" type="stmt"/>
      </file>
      <file name="ContactModel.js" path="C:\Users\behzad\Desktop\fti2-main\fti2-main\backend\models\pages\ContactModel.js">
        <metrics statements="3" coveredstatements="3" conditionals="0" coveredconditionals="0" methods="1" coveredmethods="1"/>
        <line num="1" count="8" type="stmt"/>
        <line num="5" count="8" type="stmt"/>
        <line num="9" count="8" type="stmt"/>
      </file>
      <file name="DestinationsModel.js" path="C:\Users\behzad\Desktop\fti2-main\fti2-main\backend\models\pages\DestinationsModel.js">
        <metrics statements="3" coveredstatements="3" conditionals="0" coveredconditionals="0" methods="1" coveredmethods="1"/>
        <line num="1" count="8" type="stmt"/>
        <line num="5" count="8" type="stmt"/>
        <line num="9" count="8" type="stmt"/>
      </file>
      <file name="EventsModel.js" path="C:\Users\behzad\Desktop\fti2-main\fti2-main\backend\models\pages\EventsModel.js">
        <metrics statements="3" coveredstatements="3" conditionals="0" coveredconditionals="0" methods="1" coveredmethods="1"/>
        <line num="1" count="8" type="stmt"/>
        <line num="5" count="8" type="stmt"/>
        <line num="9" count="8" type="stmt"/>
      </file>
      <file name="HomeModel.js" path="C:\Users\behzad\Desktop\fti2-main\fti2-main\backend\models\pages\HomeModel.js">
        <metrics statements="3" coveredstatements="3" conditionals="0" coveredconditionals="0" methods="1" coveredmethods="1"/>
        <line num="1" count="8" type="stmt"/>
        <line num="5" count="8" type="stmt"/>
        <line num="9" count="8" type="stmt"/>
      </file>
      <file name="IeltsModel.js" path="C:\Users\behzad\Desktop\fti2-main\fti2-main\backend\models\pages\IeltsModel.js">
        <metrics statements="3" coveredstatements="3" conditionals="0" coveredconditionals="0" methods="1" coveredmethods="1"/>
        <line num="1" count="8" type="stmt"/>
        <line num="5" count="8" type="stmt"/>
        <line num="9" count="8" type="stmt"/>
      </file>
      <file name="PteModel.js" path="C:\Users\behzad\Desktop\fti2-main\fti2-main\backend\models\pages\PteModel.js">
        <metrics statements="3" coveredstatements="3" conditionals="0" coveredconditionals="0" methods="1" coveredmethods="1"/>
        <line num="1" count="8" type="stmt"/>
        <line num="5" count="8" type="stmt"/>
        <line num="9" count="8" type="stmt"/>
      </file>
      <file name="ServicesModel.js" path="C:\Users\behzad\Desktop\fti2-main\fti2-main\backend\models\pages\ServicesModel.js">
        <metrics statements="3" coveredstatements="3" conditionals="0" coveredconditionals="0" methods="1" coveredmethods="1"/>
        <line num="1" count="8" type="stmt"/>
        <line num="5" count="8" type="stmt"/>
        <line num="9" count="8" type="stmt"/>
      </file>
    </package>
    <package name="backend.routes">
      <metrics statements="75" coveredstatements="71" conditionals="2" coveredconditionals="0" methods="1" coveredmethods="0"/>
      <file name="enquiryRoutes.js" path="C:\Users\behzad\Desktop\fti2-main\fti2-main\backend\routes\enquiryRoutes.js">
        <metrics statements="10" coveredstatements="10" conditionals="0" coveredconditionals="0" methods="0" coveredmethods="0"/>
        <line num="1" count="8" type="stmt"/>
        <line num="2" count="8" type="stmt"/>
        <line num="3" count="8" type="stmt"/>
        <line num="4" count="8" type="stmt"/>
        <line num="5" count="8" type="stmt"/>
        <line num="6" count="8" type="stmt"/>
        <line num="7" count="8" type="stmt"/>
        <line num="10" count="8" type="stmt"/>
        <line num="13" count="8" type="stmt"/>
        <line num="15" count="8" type="stmt"/>
      </file>
      <file name="index.js" path="C:\Users\behzad\Desktop\fti2-main\fti2-main\backend\routes\index.js">
        <metrics statements="13" coveredstatements="13" conditionals="0" coveredconditionals="0" methods="0" coveredmethods="0"/>
        <line num="1" count="8" type="stmt"/>
        <line num="2" count="8" type="stmt"/>
        <line num="9" count="8" type="stmt"/>
        <line num="12" count="8" type="stmt"/>
        <line num="15" count="8" type="stmt"/>
        <line num="18" count="8" type="stmt"/>
        <line num="21" count="8" type="stmt"/>
        <line num="24" count="8" type="stmt"/>
        <line num="27" count="8" type="stmt"/>
        <line num="28" count="8" type="stmt"/>
        <line num="31" count="8" type="stmt"/>
        <line num="34" count="8" type="stmt"/>
        <line num="36" count="8" type="stmt"/>
      </file>
      <file name="pageRoutes.js" path="C:\Users\behzad\Desktop\fti2-main\fti2-main\backend\routes\pageRoutes.js">
        <metrics statements="28" coveredstatements="28" conditionals="0" coveredconditionals="0" methods="0" coveredmethods="0"/>
        <line num="1" count="8" type="stmt"/>
        <line num="2" count="8" type="stmt"/>
        <line num="3" count="8" type="stmt"/>
        <line num="6" count="8" type="stmt"/>
        <line num="7" count="8" type="stmt"/>
        <line num="8" count="8" type="stmt"/>
        <line num="9" count="8" type="stmt"/>
        <line num="10" count="8" type="stmt"/>
        <line num="11" count="8" type="stmt"/>
        <line num="12" count="8" type="stmt"/>
        <line num="13" count="8" type="stmt"/>
        <line num="16" count="8" type="stmt"/>
        <line num="17" count="8" type="stmt"/>
        <line num="19" count="8" type="stmt"/>
        <line num="20" count="8" type="stmt"/>
        <line num="22" count="8" type="stmt"/>
        <line num="23" count="8" type="stmt"/>
        <line num="25" count="8" type="stmt"/>
        <line num="26" count="8" type="stmt"/>
        <line num="28" count="8" type="stmt"/>
        <line num="29" count="8" type="stmt"/>
        <line num="31" count="8" type="stmt"/>
        <line num="32" count="8" type="stmt"/>
        <line num="34" count="8" type="stmt"/>
        <line num="35" count="8" type="stmt"/>
        <line num="37" count="8" type="stmt"/>
        <line num="38" count="8" type="stmt"/>
        <line num="40" count="8" type="stmt"/>
      </file>
      <file name="settingsRoutes.js" path="C:\Users\behzad\Desktop\fti2-main\fti2-main\backend\routes\settingsRoutes.js">
        <metrics statements="7" coveredstatements="7" conditionals="0" coveredconditionals="0" methods="0" coveredmethods="0"/>
        <line num="1" count="8" type="stmt"/>
        <line num="2" count="8" type="stmt"/>
        <line num="3" count="8" type="stmt"/>
        <line num="4" count="8" type="stmt"/>
        <line num="7" count="8" type="stmt"/>
        <line num="10" count="8" type="stmt"/>
        <line num="12" count="8" type="stmt"/>
      </file>
      <file name="testQueryRoutes.js" path="C:\Users\behzad\Desktop\fti2-main\fti2-main\backend\routes\testQueryRoutes.js">
        <metrics statements="7" coveredstatements="7" conditionals="0" coveredconditionals="0" methods="0" coveredmethods="0"/>
        <line num="1" count="8" type="stmt"/>
        <line num="2" count="8" type="stmt"/>
        <line num="3" count="8" type="stmt"/>
        <line num="4" count="8" type="stmt"/>
        <line num="7" count="8" type="stmt"/>
        <line num="10" count="8" type="stmt"/>
        <line num="12" count="8" type="stmt"/>
      </file>
      <file name="uploadRoutes.js" path="C:\Users\behzad\Desktop\fti2-main\fti2-main\backend\routes\uploadRoutes.js">
        <metrics statements="10" coveredstatements="6" conditionals="2" coveredconditionals="0" methods="1" coveredmethods="0"/>
        <line num="1" count="8" type="stmt"/>
        <line num="2" count="8" type="stmt"/>
        <line num="3" count="8" type="stmt"/>
        <line num="4" count="8" type="stmt"/>
        <line num="9" count="8" type="stmt"/>
        <line num="10" count="0" type="cond" truecount="0" falsecount="2"/>
        <line num="11" count="0" type="stmt"/>
        <line num="16" count="0" type="stmt"/>
        <line num="18" count="0" type="stmt"/>
        <line num="24" count="8" type="stmt"/>
      </file>
    </package>
    <package name="backend.routes.apply">
      <metrics statements="11" coveredstatements="11" conditionals="0" coveredconditionals="0" methods="0" coveredmethods="0"/>
      <file name="applyRoutes.js" path="C:\Users\behzad\Desktop\fti2-main\fti2-main\backend\routes\apply\applyRoutes.js">
        <metrics statements="11" coveredstatements="11" conditionals="0" coveredconditionals="0" methods="0" coveredmethods="0"/>
        <line num="1" count="8" type="stmt"/>
        <line num="2" count="8" type="stmt"/>
        <line num="10" count="8" type="stmt"/>
        <line num="11" count="8" type="stmt"/>
        <line num="19" count="8" type="stmt"/>
        <line num="22" count="8" type="stmt"/>
        <line num="25" count="8" type="stmt"/>
        <line num="28" count="8" type="stmt"/>
        <line num="31" count="8" type="stmt"/>
        <line num="34" count="8" type="stmt"/>
        <line num="36" count="8" type="stmt"/>
      </file>
    </package>
    <package name="backend.routes.auth">
      <metrics statements="14" coveredstatements="14" conditionals="0" coveredconditionals="0" methods="0" coveredmethods="0"/>
      <file name="authRoutes.js" path="C:\Users\behzad\Desktop\fti2-main\fti2-main\backend\routes\auth\authRoutes.js">
        <metrics statements="14" coveredstatements="14" conditionals="0" coveredconditionals="0" methods="0" coveredmethods="0"/>
        <line num="1" count="8" type="stmt"/>
        <line num="2" count="8" type="stmt"/>
        <line num="3" count="8" type="stmt"/>
        <line num="4" count="8" type="stmt"/>
        <line num="5" count="8" type="stmt"/>
        <line num="6" count="8" type="stmt"/>
        <line num="7" count="8" type="stmt"/>
        <line num="15" count="8" type="stmt"/>
        <line num="18" count="8" type="stmt"/>
        <line num="21" count="8" type="stmt"/>
        <line num="24" count="8" type="stmt"/>
        <line num="27" count="8" type="stmt"/>
        <line num="30" count="8" type="stmt"/>
        <line num="32" count="8" type="stmt"/>
      </file>
    </package>
    <package name="backend.routes.cms">
      <metrics statements="7" coveredstatements="7" conditionals="0" coveredconditionals="0" methods="0" coveredmethods="0"/>
      <file name="cmsRoutes.js" path="C:\Users\behzad\Desktop\fti2-main\fti2-main\backend\routes\cms\cmsRoutes.js">
        <metrics statements="7" coveredstatements="7" conditionals="0" coveredconditionals="0" methods="0" coveredmethods="0"/>
        <line num="1" count="8" type="stmt"/>
        <line num="2" count="8" type="stmt"/>
        <line num="3" count="8" type="stmt"/>
        <line num="4" count="8" type="stmt"/>
        <line num="12" count="8" type="stmt"/>
        <line num="15" count="8" type="stmt"/>
        <line num="17" count="8" type="stmt"/>
      </file>
    </package>
    <package name="backend.routes.consultation">
      <metrics statements="10" coveredstatements="10" conditionals="0" coveredconditionals="0" methods="0" coveredmethods="0"/>
      <file name="consultationRoutes.js" path="C:\Users\behzad\Desktop\fti2-main\fti2-main\backend\routes\consultation\consultationRoutes.js">
        <metrics statements="10" coveredstatements="10" conditionals="0" coveredconditionals="0" methods="0" coveredmethods="0"/>
        <line num="1" count="8" type="stmt"/>
        <line num="2" count="8" type="stmt"/>
        <line num="9" count="8" type="stmt"/>
        <line num="10" count="8" type="stmt"/>
        <line num="18" count="8" type="stmt"/>
        <line num="21" count="8" type="stmt"/>
        <line num="24" count="8" type="stmt"/>
        <line num="27" count="8" type="stmt"/>
        <line num="30" count="8" type="stmt"/>
        <line num="32" count="8" type="stmt"/>
      </file>
    </package>
    <package name="backend.routes.contact">
      <metrics statements="13" coveredstatements="13" conditionals="0" coveredconditionals="0" methods="0" coveredmethods="0"/>
      <file name="contactRoutes.js" path="C:\Users\behzad\Desktop\fti2-main\fti2-main\backend\routes\contact\contactRoutes.js">
        <metrics statements="13" coveredstatements="13" conditionals="0" coveredconditionals="0" methods="0" coveredmethods="0"/>
        <line num="1" count="8" type="stmt"/>
        <line num="2" count="8" type="stmt"/>
        <line num="9" count="8" type="stmt"/>
        <line num="10" count="8" type="stmt"/>
        <line num="11" count="8" type="stmt"/>
        <line num="12" count="8" type="stmt"/>
        <line num="13" count="8" type="stmt"/>
        <line num="21" count="8" type="stmt"/>
        <line num="24" count="8" type="stmt"/>
        <line num="27" count="8" type="stmt"/>
        <line num="30" count="8" type="stmt"/>
        <line num="33" count="8" type="stmt"/>
        <line num="35" count="8" type="stmt"/>
      </file>
    </package>
    <package name="backend.schemas">
      <metrics statements="12" coveredstatements="12" conditionals="0" coveredconditionals="0" methods="0" coveredmethods="0"/>
      <file name="auth.schema.js" path="C:\Users\behzad\Desktop\fti2-main\fti2-main\backend\schemas\auth.schema.js">
        <metrics statements="5" coveredstatements="5" conditionals="0" coveredconditionals="0" methods="0" coveredmethods="0"/>
        <line num="1" count="8" type="stmt"/>
        <line num="3" count="8" type="stmt"/>
        <line num="16" count="8" type="stmt"/>
        <line num="27" count="8" type="stmt"/>
        <line num="41" count="8" type="stmt"/>
      </file>
      <file name="contact.schema.js" path="C:\Users\behzad\Desktop\fti2-main\fti2-main\backend\schemas\contact.schema.js">
        <metrics statements="4" coveredstatements="4" conditionals="0" coveredconditionals="0" methods="0" coveredmethods="0"/>
        <line num="1" count="8" type="stmt"/>
        <line num="3" count="8" type="stmt"/>
        <line num="17" count="8" type="stmt"/>
        <line num="26" count="8" type="stmt"/>
      </file>
      <file name="enquiry.schema.js" path="C:\Users\behzad\Desktop\fti2-main\fti2-main\backend\schemas\enquiry.schema.js">
        <metrics statements="3" coveredstatements="3" conditionals="0" coveredconditionals="0" methods="0" coveredmethods="0"/>
        <line num="1" count="8" type="stmt"/>
        <line num="3" count="8" type="stmt"/>
        <line num="21" count="8" type="stmt"/>
      </file>
    </package>
    <package name="backend.utils">
      <metrics statements="73" coveredstatements="67" conditionals="52" coveredconditionals="40" methods="5" coveredmethods="3"/>
      <file name="AppError.js" path="C:\Users\behzad\Desktop\fti2-main\fti2-main\backend\utils\AppError.js">
        <metrics statements="6" coveredstatements="6" conditionals="2" coveredconditionals="1" methods="1" coveredmethods="1"/>
        <line num="25" count="14" type="stmt"/>
        <line num="27" count="14" type="stmt"/>
        <line num="28" count="14" type="cond" truecount="1" falsecount="1"/>
        <line num="31" count="14" type="stmt"/>
        <line num="34" count="14" type="stmt"/>
        <line num="38" count="8" type="stmt"/>
      </file>
      <file name="generateToken.js" path="C:\Users\behzad\Desktop\fti2-main\fti2-main\backend\utils\generateToken.js">
        <metrics statements="4" coveredstatements="4" conditionals="0" coveredconditionals="0" methods="1" coveredmethods="1"/>
        <line num="1" count="8" type="stmt"/>
        <line num="3" count="8" type="stmt"/>
        <line num="4" count="13" type="stmt"/>
        <line num="9" count="8" type="stmt"/>
      </file>
      <file name="migrateJSON.js" path="C:\Users\behzad\Desktop\fti2-main\fti2-main\backend\utils\migrateJSON.js">
        <metrics statements="63" coveredstatements="57" conditionals="50" coveredconditionals="39" methods="3" coveredmethods="1"/>
        <line num="1" count="1" type="stmt"/>
        <line num="2" count="1" type="stmt"/>
        <line num="3" count="1" type="stmt"/>
        <line num="4" count="1" type="stmt"/>
        <line num="5" count="1" type="stmt"/>
        <line num="8" count="1" type="stmt"/>
        <line num="10" count="1" type="stmt"/>
        <line num="11" count="1" type="stmt"/>
        <line num="12" count="1" type="stmt"/>
        <line num="15" count="1" type="stmt"/>
        <line num="17" count="1" type="stmt"/>
        <line num="18" count="2" type="stmt"/>
        <line num="19" count="2" type="cond" truecount="1" falsecount="1"/>
        <line num="20" count="2" type="stmt"/>
        <line num="22" count="2" type="stmt"/>
        <line num="28" count="2" type="stmt"/>
        <line num="29" count="2" type="cond" truecount="1" falsecount="1"/>
        <line num="30" count="2" type="stmt"/>
        <line num="31" count="2" type="stmt"/>
        <line num="32" count="2" type="stmt"/>
        <line num="34" count="2" type="stmt"/>
        <line num="35" count="8" type="cond" truecount="5" falsecount="0"/>
        <line num="36" count="2" type="stmt"/>
        <line num="37" count="2" type="stmt"/>
        <line num="40" count="6" type="stmt"/>
        <line num="41" count="6" type="cond" truecount="2" falsecount="0"/>
        <line num="42" count="2" type="stmt"/>
        <line num="43" count="2" type="cond" truecount="2" falsecount="0"/>
        <line num="44" count="2" type="cond" truecount="4" falsecount="0"/>
        <line num="45" count="1" type="stmt"/>
        <line num="46" count="1" type="stmt"/>
        <line num="49" count="2" type="cond" truecount="1" falsecount="1"/>
        <line num="50" count="2" type="stmt"/>
        <line num="60" count="2" type="stmt"/>
        <line num="62" count="4" type="stmt"/>
        <line num="66" count="0" type="stmt"/>
        <line num="70" count="2" type="stmt"/>
        <line num="71" count="2" type="cond" truecount="1" falsecount="1"/>
        <line num="72" count="2" type="stmt"/>
        <line num="73" count="2" type="stmt"/>
        <line num="74" count="2" type="stmt"/>
        <line num="76" count="2" type="stmt"/>
        <line num="77" count="6" type="cond" truecount="5" falsecount="0"/>
        <line num="78" count="2" type="stmt"/>
        <line num="79" count="2" type="stmt"/>
        <line num="82" count="4" type="stmt"/>
        <line num="87" count="4" type="cond" truecount="2" falsecount="0"/>
        <line num="88" count="1" type="cond" truecount="1" falsecount="1"/>
        <line num="89" count="1" type="stmt"/>
        <line num="100" count="1" type="stmt"/>
        <line num="102" count="3" type="stmt"/>
        <line num="106" count="0" type="stmt"/>
        <line num="109" count="2" type="stmt"/>
        <line num="110" count="2" type="stmt"/>
        <line num="111" count="2" type="cond" truecount="1" falsecount="1"/>
        <line num="112" count="0" type="stmt"/>
        <line num="114" count="2" type="stmt"/>
        <line num="117" count="2" type="stmt"/>
        <line num="119" count="0" type="stmt"/>
        <line num="120" count="0" type="stmt"/>
        <line num="124" count="1" type="cond" truecount="1" falsecount="1"/>
        <line num="125" count="0" type="stmt"/>
        <line num="128" count="1" type="stmt"/>
      </file>
    </package>
  </project>
</coverage>
