{"C:\\Users\\behzad\\Desktop\\fti2-main\\fti2-main\\backend\\server.js": {"path":"C:\\Users\\behzad\\Desktop\\fti2-main\\fti2-main\\backend\\server.js","statementMap":{"0":{"start":{"line":1,"column":16},"end":{"line":1,"column":34}},"1":{"start":{"line":2,"column":15},"end":{"line":2,"column":32}},"2":{"start":{"line":3,"column":13},"end":{"line":3,"column":28}},"3":{"start":{"line":4,"column":15},"end":{"line":4,"column":32}},"4":{"start":{"line":7,"column":0},"end":{"line":7,"column":16}},"5":{"start":{"line":10,"column":20},"end":{"line":10,"column":63}},"6":{"start":{"line":11,"column":19},"end":{"line":11,"column":63}},"7":{"start":{"line":11,"column":45},"end":{"line":11,"column":62}},"8":{"start":{"line":13,"column":0},"end":{"line":16,"column":1}},"9":{"start":{"line":14,"column":4},"end":{"line":14,"column":94}},"10":{"start":{"line":15,"column":4},"end":{"line":15,"column":20}},"11":{"start":{"line":18,"column":0},"end":{"line":21,"column":1}},"12":{"start":{"line":19,"column":4},"end":{"line":19,"column":90}},"13":{"start":{"line":20,"column":4},"end":{"line":20,"column":20}},"14":{"start":{"line":23,"column":18},"end":{"line":23,"column":40}},"15":{"start":{"line":24,"column":23},"end":{"line":24,"column":58}},"16":{"start":{"line":27,"column":18},"end":{"line":27,"column":37}},"17":{"start":{"line":28,"column":35},"end":{"line":28,"column":74}},"18":{"start":{"line":31,"column":0},"end":{"line":31,"column":16}},"19":{"start":{"line":35,"column":0},"end":{"line":37,"column":1}},"20":{"start":{"line":36,"column":4},"end":{"line":36,"column":16}},"21":{"start":{"line":39,"column":12},"end":{"line":39,"column":21}},"22":{"start":{"line":41,"column":13},"end":{"line":41,"column":28}},"23":{"start":{"line":43,"column":17},"end":{"line":43,"column":44}},"24":{"start":{"line":46,"column":0},"end":{"line":48,"column":4}},"25":{"start":{"line":51,"column":0},"end":{"line":74,"column":4}},"26":{"start":{"line":54,"column":31},"end":{"line":57,"column":25}},"27":{"start":{"line":60,"column":8},"end":{"line":60,"column":49}},"28":{"start":{"line":60,"column":21},"end":{"line":60,"column":49}},"29":{"start":{"line":63,"column":8},"end":{"line":65,"column":9}},"30":{"start":{"line":64,"column":12},"end":{"line":64,"column":40}},"31":{"start":{"line":67,"column":8},"end":{"line":71,"column":9}},"32":{"start":{"line":68,"column":12},"end":{"line":68,"column":33}},"33":{"start":{"line":70,"column":12},"end":{"line":70,"column":63}},"34":{"start":{"line":77,"column":0},"end":{"line":77,"column":28}},"35":{"start":{"line":80,"column":0},"end":{"line":80,"column":41}},"36":{"start":{"line":81,"column":0},"end":{"line":81,"column":69}},"37":{"start":{"line":84,"column":0},"end":{"line":86,"column":3}},"38":{"start":{"line":85,"column":4},"end":{"line":85,"column":74}},"39":{"start":{"line":89,"column":0},"end":{"line":89,"column":27}},"40":{"start":{"line":92,"column":0},"end":{"line":92,"column":18}},"41":{"start":{"line":95,"column":0},"end":{"line":95,"column":22}},"42":{"start":{"line":98,"column":0},"end":{"line":103,"column":1}},"43":{"start":{"line":99,"column":17},"end":{"line":99,"column":41}},"44":{"start":{"line":100,"column":4},"end":{"line":102,"column":7}},"45":{"start":{"line":101,"column":8},"end":{"line":101,"column":105}},"46":{"start":{"line":105,"column":0},"end":{"line":105,"column":21}}},"fnMap":{"0":{"name":"(anonymous_0)","decl":{"start":{"line":11,"column":38},"end":{"line":11,"column":39}},"loc":{"start":{"line":11,"column":45},"end":{"line":11,"column":62}},"line":11},"1":{"name":"(anonymous_1)","decl":{"start":{"line":52,"column":12},"end":{"line":52,"column":13}},"loc":{"start":{"line":52,"column":40},"end":{"line":72,"column":5}},"line":52},"2":{"name":"(anonymous_2)","decl":{"start":{"line":84,"column":13},"end":{"line":84,"column":14}},"loc":{"start":{"line":84,"column":27},"end":{"line":86,"column":1}},"line":84},"3":{"name":"(anonymous_3)","decl":{"start":{"line":100,"column":21},"end":{"line":100,"column":22}},"loc":{"start":{"line":100,"column":27},"end":{"line":102,"column":5}},"line":100}},"branchMap":{"0":{"loc":{"start":{"line":13,"column":0},"end":{"line":16,"column":1}},"type":"if","locations":[{"start":{"line":13,"column":0},"end":{"line":16,"column":1}},{"start":{},"end":{}}],"line":13},"1":{"loc":{"start":{"line":13,"column":4},"end":{"line":13,"column":60}},"type":"binary-expr","locations":[{"start":{"line":13,"column":4},"end":{"line":13,"column":25}},{"start":{"line":13,"column":29},"end":{"line":13,"column":60}}],"line":13},"2":{"loc":{"start":{"line":18,"column":0},"end":{"line":21,"column":1}},"type":"if","locations":[{"start":{"line":18,"column":0},"end":{"line":21,"column":1}},{"start":{},"end":{}}],"line":18},"3":{"loc":{"start":{"line":18,"column":4},"end":{"line":18,"column":79}},"type":"binary-expr","locations":[{"start":{"line":18,"column":4},"end":{"line":18,"column":38}},{"start":{"line":18,"column":42},"end":{"line":18,"column":79}}],"line":18},"4":{"loc":{"start":{"line":35,"column":0},"end":{"line":37,"column":1}},"type":"if","locations":[{"start":{"line":35,"column":0},"end":{"line":37,"column":1}},{"start":{},"end":{}}],"line":35},"5":{"loc":{"start":{"line":56,"column":16},"end":{"line":56,"column":111}},"type":"cond-expr","locations":[{"start":{"line":56,"column":57},"end":{"line":56,"column":106}},{"start":{"line":56,"column":109},"end":{"line":56,"column":111}}],"line":56},"6":{"loc":{"start":{"line":60,"column":8},"end":{"line":60,"column":49}},"type":"if","locations":[{"start":{"line":60,"column":8},"end":{"line":60,"column":49}},{"start":{},"end":{}}],"line":60},"7":{"loc":{"start":{"line":63,"column":8},"end":{"line":65,"column":9}},"type":"if","locations":[{"start":{"line":63,"column":8},"end":{"line":65,"column":9}},{"start":{},"end":{}}],"line":63},"8":{"loc":{"start":{"line":63,"column":12},"end":{"line":63,"column":91}},"type":"binary-expr","locations":[{"start":{"line":63,"column":12},"end":{"line":63,"column":50}},{"start":{"line":63,"column":54},"end":{"line":63,"column":91}}],"line":63},"9":{"loc":{"start":{"line":67,"column":8},"end":{"line":71,"column":9}},"type":"if","locations":[{"start":{"line":67,"column":8},"end":{"line":71,"column":9}},{"start":{"line":69,"column":15},"end":{"line":71,"column":9}}],"line":67},"10":{"loc":{"start":{"line":98,"column":0},"end":{"line":103,"column":1}},"type":"if","locations":[{"start":{"line":98,"column":0},"end":{"line":103,"column":1}},{"start":{},"end":{}}],"line":98},"11":{"loc":{"start":{"line":99,"column":17},"end":{"line":99,"column":41}},"type":"binary-expr","locations":[{"start":{"line":99,"column":17},"end":{"line":99,"column":33}},{"start":{"line":99,"column":37},"end":{"line":99,"column":41}}],"line":99},"12":{"loc":{"start":{"line":101,"column":43},"end":{"line":101,"column":80}},"type":"binary-expr","locations":[{"start":{"line":101,"column":43},"end":{"line":101,"column":63}},{"start":{"line":101,"column":67},"end":{"line":101,"column":80}}],"line":101}},"s":{"0":8,"1":8,"2":8,"3":8,"4":8,"5":8,"6":8,"7":24,"8":8,"9":0,"10":0,"11":8,"12":0,"13":0,"14":8,"15":8,"16":8,"17":8,"18":8,"19":8,"20":0,"21":8,"22":8,"23":8,"24":8,"25":8,"26":82,"27":82,"28":80,"29":2,"30":0,"31":2,"32":1,"33":1,"34":8,"35":8,"36":8,"37":8,"38":2,"39":8,"40":8,"41":8,"42":8,"43":0,"44":0,"45":0,"46":8},"f":{"0":24,"1":82,"2":2,"3":0},"b":{"0":[0,8],"1":[8,8],"2":[0,8],"3":[8,0],"4":[0,8],"5":[0,82],"6":[80,2],"7":[0,2],"8":[2,0],"9":[1,1],"10":[0,8],"11":[0,0],"12":[0,0]},"_coverageSchema":"1a1c01bbd47fc00a2c39e90264f33305004495a9","hash":"b1eb44ca1149342719a060895838cf8614987dda"}
,"C:\\Users\\behzad\\Desktop\\fti2-main\\fti2-main\\backend\\config\\db.js": {"path":"C:\\Users\\behzad\\Desktop\\fti2-main\\fti2-main\\backend\\config\\db.js","statementMap":{"0":{"start":{"line":1,"column":17},"end":{"line":1,"column":36}},"1":{"start":{"line":3,"column":18},"end":{"line":12,"column":1}},"2":{"start":{"line":4,"column":4},"end":{"line":11,"column":5}},"3":{"start":{"line":5,"column":21},"end":{"line":5,"column":66}},"4":{"start":{"line":6,"column":8},"end":{"line":6,"column":66}},"5":{"start":{"line":8,"column":8},"end":{"line":8,"column":68}},"6":{"start":{"line":9,"column":8},"end":{"line":9,"column":85}},"7":{"start":{"line":14,"column":0},"end":{"line":14,"column":27}}},"fnMap":{"0":{"name":"(anonymous_0)","decl":{"start":{"line":3,"column":18},"end":{"line":3,"column":19}},"loc":{"start":{"line":3,"column":30},"end":{"line":12,"column":1}},"line":3}},"branchMap":{},"s":{"0":9,"1":9,"2":2,"3":2,"4":2,"5":0,"6":0,"7":9},"f":{"0":2},"b":{},"_coverageSchema":"1a1c01bbd47fc00a2c39e90264f33305004495a9","hash":"7a2c545bc2ed6d65392766b308f1992a6eba5cf3"}
,"C:\\Users\\behzad\\Desktop\\fti2-main\\fti2-main\\backend\\controllers\\application.controller.js": {"path":"C:\\Users\\behzad\\Desktop\\fti2-main\\fti2-main\\backend\\controllers\\application.controller.js","statementMap":{"0":{"start":{"line":1,"column":20},"end":{"line":1,"column":52}},"1":{"start":{"line":2,"column":17},"end":{"line":2,"column":45}},"2":{"start":{"line":17,"column":37},"end":{"line":48,"column":1}},"3":{"start":{"line":18,"column":4},"end":{"line":47,"column":5}},"4":{"start":{"line":19,"column":83},"end":{"line":19,"column":91}},"5":{"start":{"line":21,"column":8},"end":{"line":25,"column":9}},"6":{"start":{"line":22,"column":12},"end":{"line":24,"column":14}},"7":{"start":{"line":27,"column":28},"end":{"line":37,"column":10}},"8":{"start":{"line":39,"column":8},"end":{"line":44,"column":11}},"9":{"start":{"line":46,"column":8},"end":{"line":46,"column":18}},"10":{"start":{"line":58,"column":31},"end":{"line":85,"column":1}},"11":{"start":{"line":59,"column":4},"end":{"line":84,"column":5}},"12":{"start":{"line":60,"column":65},"end":{"line":60,"column":73}},"13":{"start":{"line":62,"column":8},"end":{"line":64,"column":9}},"14":{"start":{"line":63,"column":12},"end":{"line":63,"column":81}},"15":{"start":{"line":66,"column":28},"end":{"line":74,"column":10}},"16":{"start":{"line":76,"column":8},"end":{"line":81,"column":11}},"17":{"start":{"line":83,"column":8},"end":{"line":83,"column":18}},"18":{"start":{"line":94,"column":27},"end":{"line":120,"column":1}},"19":{"start":{"line":95,"column":4},"end":{"line":119,"column":5}},"20":{"start":{"line":96,"column":23},"end":{"line":96,"column":53}},"21":{"start":{"line":97,"column":23},"end":{"line":97,"column":54}},"22":{"start":{"line":98,"column":23},"end":{"line":98,"column":41}},"23":{"start":{"line":100,"column":23},"end":{"line":100,"column":25}},"24":{"start":{"line":101,"column":8},"end":{"line":101,"column":61}},"25":{"start":{"line":101,"column":30},"end":{"line":101,"column":61}},"26":{"start":{"line":102,"column":8},"end":{"line":102,"column":63}},"27":{"start":{"line":102,"column":30},"end":{"line":102,"column":63}},"28":{"start":{"line":104,"column":30},"end":{"line":107,"column":10}},"29":{"start":{"line":109,"column":8},"end":{"line":116,"column":11}},"30":{"start":{"line":118,"column":8},"end":{"line":118,"column":18}},"31":{"start":{"line":129,"column":27},"end":{"line":145,"column":1}},"32":{"start":{"line":130,"column":4},"end":{"line":144,"column":5}},"33":{"start":{"line":131,"column":28},"end":{"line":131,"column":69}},"34":{"start":{"line":133,"column":8},"end":{"line":135,"column":9}},"35":{"start":{"line":134,"column":12},"end":{"line":134,"column":94}},"36":{"start":{"line":137,"column":8},"end":{"line":141,"column":11}},"37":{"start":{"line":143,"column":8},"end":{"line":143,"column":18}},"38":{"start":{"line":156,"column":32},"end":{"line":193,"column":1}},"39":{"start":{"line":157,"column":4},"end":{"line":192,"column":5}},"40":{"start":{"line":158,"column":39},"end":{"line":158,"column":47}},"41":{"start":{"line":159,"column":30},"end":{"line":159,"column":78}},"42":{"start":{"line":161,"column":8},"end":{"line":168,"column":9}},"43":{"start":{"line":162,"column":12},"end":{"line":167,"column":14}},"44":{"start":{"line":170,"column":24},"end":{"line":170,"column":26}},"45":{"start":{"line":171,"column":8},"end":{"line":171,"column":52}},"46":{"start":{"line":171,"column":24},"end":{"line":171,"column":52}},"47":{"start":{"line":172,"column":8},"end":{"line":172,"column":56}},"48":{"start":{"line":172,"column":24},"end":{"line":172,"column":56}},"49":{"start":{"line":174,"column":28},"end":{"line":178,"column":9}},"50":{"start":{"line":180,"column":8},"end":{"line":182,"column":9}},"51":{"start":{"line":181,"column":12},"end":{"line":181,"column":94}},"52":{"start":{"line":184,"column":8},"end":{"line":189,"column":11}},"53":{"start":{"line":191,"column":8},"end":{"line":191,"column":18}},"54":{"start":{"line":202,"column":26},"end":{"line":218,"column":1}},"55":{"start":{"line":203,"column":4},"end":{"line":217,"column":5}},"56":{"start":{"line":204,"column":28},"end":{"line":204,"column":78}},"57":{"start":{"line":206,"column":8},"end":{"line":208,"column":9}},"58":{"start":{"line":207,"column":12},"end":{"line":207,"column":94}},"59":{"start":{"line":210,"column":8},"end":{"line":214,"column":11}},"60":{"start":{"line":216,"column":8},"end":{"line":216,"column":18}},"61":{"start":{"line":220,"column":0},"end":{"line":227,"column":2}}},"fnMap":{"0":{"name":"(anonymous_0)","decl":{"start":{"line":17,"column":37},"end":{"line":17,"column":38}},"loc":{"start":{"line":17,"column":63},"end":{"line":48,"column":1}},"line":17},"1":{"name":"(anonymous_1)","decl":{"start":{"line":58,"column":31},"end":{"line":58,"column":32}},"loc":{"start":{"line":58,"column":57},"end":{"line":85,"column":1}},"line":58},"2":{"name":"(anonymous_2)","decl":{"start":{"line":94,"column":27},"end":{"line":94,"column":28}},"loc":{"start":{"line":94,"column":53},"end":{"line":120,"column":1}},"line":94},"3":{"name":"(anonymous_3)","decl":{"start":{"line":129,"column":27},"end":{"line":129,"column":28}},"loc":{"start":{"line":129,"column":53},"end":{"line":145,"column":1}},"line":129},"4":{"name":"(anonymous_4)","decl":{"start":{"line":156,"column":32},"end":{"line":156,"column":33}},"loc":{"start":{"line":156,"column":58},"end":{"line":193,"column":1}},"line":156},"5":{"name":"(anonymous_5)","decl":{"start":{"line":202,"column":26},"end":{"line":202,"column":27}},"loc":{"start":{"line":202,"column":52},"end":{"line":218,"column":1}},"line":202}},"branchMap":{"0":{"loc":{"start":{"line":21,"column":8},"end":{"line":25,"column":9}},"type":"if","locations":[{"start":{"line":21,"column":8},"end":{"line":25,"column":9}},{"start":{},"end":{}}],"line":21},"1":{"loc":{"start":{"line":21,"column":12},"end":{"line":21,"column":39}},"type":"binary-expr","locations":[{"start":{"line":21,"column":12},"end":{"line":21,"column":17}},{"start":{"line":21,"column":21},"end":{"line":21,"column":27}},{"start":{"line":21,"column":31},"end":{"line":21,"column":39}}],"line":21},"2":{"loc":{"start":{"line":62,"column":8},"end":{"line":64,"column":9}},"type":"if","locations":[{"start":{"line":62,"column":8},"end":{"line":64,"column":9}},{"start":{},"end":{}}],"line":62},"3":{"loc":{"start":{"line":62,"column":12},"end":{"line":62,"column":27}},"type":"binary-expr","locations":[{"start":{"line":62,"column":12},"end":{"line":62,"column":17}},{"start":{"line":62,"column":21},"end":{"line":62,"column":27}}],"line":62},"4":{"loc":{"start":{"line":96,"column":23},"end":{"line":96,"column":53}},"type":"binary-expr","locations":[{"start":{"line":96,"column":23},"end":{"line":96,"column":47}},{"start":{"line":96,"column":52},"end":{"line":96,"column":53}}],"line":96},"5":{"loc":{"start":{"line":97,"column":23},"end":{"line":97,"column":54}},"type":"binary-expr","locations":[{"start":{"line":97,"column":23},"end":{"line":97,"column":48}},{"start":{"line":97,"column":52},"end":{"line":97,"column":54}}],"line":97},"6":{"loc":{"start":{"line":101,"column":8},"end":{"line":101,"column":61}},"type":"if","locations":[{"start":{"line":101,"column":8},"end":{"line":101,"column":61}},{"start":{},"end":{}}],"line":101},"7":{"loc":{"start":{"line":102,"column":8},"end":{"line":102,"column":63}},"type":"if","locations":[{"start":{"line":102,"column":8},"end":{"line":102,"column":63}},{"start":{},"end":{}}],"line":102},"8":{"loc":{"start":{"line":133,"column":8},"end":{"line":135,"column":9}},"type":"if","locations":[{"start":{"line":133,"column":8},"end":{"line":135,"column":9}},{"start":{},"end":{}}],"line":133},"9":{"loc":{"start":{"line":161,"column":8},"end":{"line":168,"column":9}},"type":"if","locations":[{"start":{"line":161,"column":8},"end":{"line":168,"column":9}},{"start":{},"end":{}}],"line":161},"10":{"loc":{"start":{"line":161,"column":12},"end":{"line":161,"column":53}},"type":"binary-expr","locations":[{"start":{"line":161,"column":12},"end":{"line":161,"column":18}},{"start":{"line":161,"column":22},"end":{"line":161,"column":53}}],"line":161},"11":{"loc":{"start":{"line":171,"column":8},"end":{"line":171,"column":52}},"type":"if","locations":[{"start":{"line":171,"column":8},"end":{"line":171,"column":52}},{"start":{},"end":{}}],"line":171},"12":{"loc":{"start":{"line":172,"column":8},"end":{"line":172,"column":56}},"type":"if","locations":[{"start":{"line":172,"column":8},"end":{"line":172,"column":56}},{"start":{},"end":{}}],"line":172},"13":{"loc":{"start":{"line":180,"column":8},"end":{"line":182,"column":9}},"type":"if","locations":[{"start":{"line":180,"column":8},"end":{"line":182,"column":9}},{"start":{},"end":{}}],"line":180},"14":{"loc":{"start":{"line":206,"column":8},"end":{"line":208,"column":9}},"type":"if","locations":[{"start":{"line":206,"column":8},"end":{"line":208,"column":9}},{"start":{},"end":{}}],"line":206}},"s":{"0":8,"1":8,"2":8,"3":2,"4":2,"5":2,"6":2,"7":0,"8":0,"9":0,"10":8,"11":0,"12":0,"13":0,"14":0,"15":0,"16":0,"17":0,"18":8,"19":1,"20":1,"21":1,"22":1,"23":1,"24":1,"25":0,"26":1,"27":0,"28":1,"29":0,"30":1,"31":8,"32":1,"33":1,"34":1,"35":1,"36":0,"37":0,"38":8,"39":1,"40":1,"41":1,"42":1,"43":0,"44":1,"45":1,"46":1,"47":1,"48":0,"49":1,"50":1,"51":1,"52":0,"53":0,"54":8,"55":1,"56":1,"57":1,"58":1,"59":0,"60":0,"61":8},"f":{"0":2,"1":0,"2":1,"3":1,"4":1,"5":1},"b":{"0":[2,0],"1":[2,0,0],"2":[0,0],"3":[0,0],"4":[1,1],"5":[1,1],"6":[0,1],"7":[0,1],"8":[1,0],"9":[0,1],"10":[1,1],"11":[1,0],"12":[0,1],"13":[1,0],"14":[1,0]},"_coverageSchema":"1a1c01bbd47fc00a2c39e90264f33305004495a9","hash":"ea5ec14132674d6cc2528b35022a6b153baec6cf"}
,"C:\\Users\\behzad\\Desktop\\fti2-main\\fti2-main\\backend\\controllers\\auth.controller.js": {"path":"C:\\Users\\behzad\\Desktop\\fti2-main\\fti2-main\\backend\\controllers\\auth.controller.js","statementMap":{"0":{"start":{"line":1,"column":13},"end":{"line":1,"column":38}},"1":{"start":{"line":2,"column":22},"end":{"line":2,"column":55}},"2":{"start":{"line":9,"column":18},"end":{"line":34,"column":1}},"3":{"start":{"line":10,"column":32},"end":{"line":10,"column":40}},"4":{"start":{"line":12,"column":4},"end":{"line":33,"column":5}},"5":{"start":{"line":13,"column":8},"end":{"line":15,"column":9}},"6":{"start":{"line":14,"column":12},"end":{"line":14,"column":90}},"7":{"start":{"line":17,"column":21},"end":{"line":17,"column":50}},"8":{"start":{"line":19,"column":8},"end":{"line":29,"column":9}},"9":{"start":{"line":20,"column":12},"end":{"line":26,"column":15}},"10":{"start":{"line":28,"column":12},"end":{"line":28,"column":75}},"11":{"start":{"line":31,"column":8},"end":{"line":31,"column":66}},"12":{"start":{"line":32,"column":8},"end":{"line":32,"column":20}},"13":{"start":{"line":41,"column":14},"end":{"line":54,"column":1}},"14":{"start":{"line":42,"column":4},"end":{"line":53,"column":5}},"15":{"start":{"line":43,"column":21},"end":{"line":43,"column":74}},"16":{"start":{"line":45,"column":8},"end":{"line":49,"column":9}},"17":{"start":{"line":46,"column":12},"end":{"line":46,"column":27}},"18":{"start":{"line":48,"column":12},"end":{"line":48,"column":64}},"19":{"start":{"line":51,"column":8},"end":{"line":51,"column":62}},"20":{"start":{"line":52,"column":8},"end":{"line":52,"column":20}},"21":{"start":{"line":61,"column":23},"end":{"line":83,"column":1}},"22":{"start":{"line":62,"column":45},"end":{"line":62,"column":53}},"23":{"start":{"line":64,"column":4},"end":{"line":82,"column":5}},"24":{"start":{"line":65,"column":8},"end":{"line":67,"column":9}},"25":{"start":{"line":66,"column":12},"end":{"line":66,"column":102}},"26":{"start":{"line":69,"column":21},"end":{"line":69,"column":54}},"27":{"start":{"line":71,"column":8},"end":{"line":78,"column":9}},"28":{"start":{"line":72,"column":12},"end":{"line":72,"column":40}},"29":{"start":{"line":73,"column":12},"end":{"line":73,"column":30}},"30":{"start":{"line":75,"column":12},"end":{"line":75,"column":67}},"31":{"start":{"line":77,"column":12},"end":{"line":77,"column":74}},"32":{"start":{"line":80,"column":8},"end":{"line":80,"column":71}},"33":{"start":{"line":81,"column":8},"end":{"line":81,"column":20}},"34":{"start":{"line":90,"column":23},"end":{"line":121,"column":1}},"35":{"start":{"line":91,"column":38},"end":{"line":91,"column":46}},"36":{"start":{"line":93,"column":4},"end":{"line":120,"column":5}},"37":{"start":{"line":94,"column":8},"end":{"line":96,"column":9}},"38":{"start":{"line":95,"column":12},"end":{"line":95,"column":97}},"39":{"start":{"line":98,"column":27},"end":{"line":98,"column":56}},"40":{"start":{"line":100,"column":8},"end":{"line":102,"column":9}},"41":{"start":{"line":101,"column":12},"end":{"line":101,"column":92}},"42":{"start":{"line":104,"column":28},"end":{"line":109,"column":10}},"43":{"start":{"line":111,"column":8},"end":{"line":116,"column":11}},"44":{"start":{"line":118,"column":8},"end":{"line":118,"column":71}},"45":{"start":{"line":119,"column":8},"end":{"line":119,"column":20}},"46":{"start":{"line":128,"column":21},"end":{"line":136,"column":1}},"47":{"start":{"line":129,"column":4},"end":{"line":135,"column":5}},"48":{"start":{"line":130,"column":26},"end":{"line":130,"column":83}},"49":{"start":{"line":131,"column":8},"end":{"line":131,"column":28}},"50":{"start":{"line":133,"column":8},"end":{"line":133,"column":69}},"51":{"start":{"line":134,"column":8},"end":{"line":134,"column":20}},"52":{"start":{"line":143,"column":23},"end":{"line":158,"column":1}},"53":{"start":{"line":144,"column":4},"end":{"line":157,"column":5}},"54":{"start":{"line":145,"column":23},"end":{"line":145,"column":33}},"55":{"start":{"line":147,"column":21},"end":{"line":147,"column":44}},"56":{"start":{"line":148,"column":8},"end":{"line":150,"column":9}},"57":{"start":{"line":149,"column":12},"end":{"line":149,"column":98}},"58":{"start":{"line":152,"column":8},"end":{"line":152,"column":42}},"59":{"start":{"line":153,"column":8},"end":{"line":153,"column":63}},"60":{"start":{"line":155,"column":8},"end":{"line":155,"column":71}},"61":{"start":{"line":156,"column":8},"end":{"line":156,"column":20}},"62":{"start":{"line":160,"column":0},"end":{"line":167,"column":2}}},"fnMap":{"0":{"name":"(anonymous_0)","decl":{"start":{"line":9,"column":18},"end":{"line":9,"column":19}},"loc":{"start":{"line":9,"column":44},"end":{"line":34,"column":1}},"line":9},"1":{"name":"(anonymous_1)","decl":{"start":{"line":41,"column":14},"end":{"line":41,"column":15}},"loc":{"start":{"line":41,"column":40},"end":{"line":54,"column":1}},"line":41},"2":{"name":"(anonymous_2)","decl":{"start":{"line":61,"column":23},"end":{"line":61,"column":24}},"loc":{"start":{"line":61,"column":49},"end":{"line":83,"column":1}},"line":61},"3":{"name":"(anonymous_3)","decl":{"start":{"line":90,"column":23},"end":{"line":90,"column":24}},"loc":{"start":{"line":90,"column":49},"end":{"line":121,"column":1}},"line":90},"4":{"name":"(anonymous_4)","decl":{"start":{"line":128,"column":21},"end":{"line":128,"column":22}},"loc":{"start":{"line":128,"column":47},"end":{"line":136,"column":1}},"line":128},"5":{"name":"(anonymous_5)","decl":{"start":{"line":143,"column":23},"end":{"line":143,"column":24}},"loc":{"start":{"line":143,"column":49},"end":{"line":158,"column":1}},"line":143}},"branchMap":{"0":{"loc":{"start":{"line":13,"column":8},"end":{"line":15,"column":9}},"type":"if","locations":[{"start":{"line":13,"column":8},"end":{"line":15,"column":9}},{"start":{},"end":{}}],"line":13},"1":{"loc":{"start":{"line":13,"column":12},"end":{"line":13,"column":31}},"type":"binary-expr","locations":[{"start":{"line":13,"column":12},"end":{"line":13,"column":18}},{"start":{"line":13,"column":22},"end":{"line":13,"column":31}}],"line":13},"2":{"loc":{"start":{"line":19,"column":8},"end":{"line":29,"column":9}},"type":"if","locations":[{"start":{"line":19,"column":8},"end":{"line":29,"column":9}},{"start":{"line":27,"column":15},"end":{"line":29,"column":9}}],"line":19},"3":{"loc":{"start":{"line":19,"column":12},"end":{"line":19,"column":56}},"type":"binary-expr","locations":[{"start":{"line":19,"column":12},"end":{"line":19,"column":16}},{"start":{"line":19,"column":21},"end":{"line":19,"column":55}}],"line":19},"4":{"loc":{"start":{"line":45,"column":8},"end":{"line":49,"column":9}},"type":"if","locations":[{"start":{"line":45,"column":8},"end":{"line":49,"column":9}},{"start":{"line":47,"column":15},"end":{"line":49,"column":9}}],"line":45},"5":{"loc":{"start":{"line":65,"column":8},"end":{"line":67,"column":9}},"type":"if","locations":[{"start":{"line":65,"column":8},"end":{"line":67,"column":9}},{"start":{},"end":{}}],"line":65},"6":{"loc":{"start":{"line":65,"column":12},"end":{"line":65,"column":44}},"type":"binary-expr","locations":[{"start":{"line":65,"column":12},"end":{"line":65,"column":28}},{"start":{"line":65,"column":32},"end":{"line":65,"column":44}}],"line":65},"7":{"loc":{"start":{"line":71,"column":8},"end":{"line":78,"column":9}},"type":"if","locations":[{"start":{"line":71,"column":8},"end":{"line":78,"column":9}},{"start":{"line":76,"column":15},"end":{"line":78,"column":9}}],"line":71},"8":{"loc":{"start":{"line":71,"column":12},"end":{"line":71,"column":63}},"type":"binary-expr","locations":[{"start":{"line":71,"column":12},"end":{"line":71,"column":16}},{"start":{"line":71,"column":21},"end":{"line":71,"column":62}}],"line":71},"9":{"loc":{"start":{"line":94,"column":8},"end":{"line":96,"column":9}},"type":"if","locations":[{"start":{"line":94,"column":8},"end":{"line":96,"column":9}},{"start":{},"end":{}}],"line":94},"10":{"loc":{"start":{"line":94,"column":12},"end":{"line":94,"column":40}},"type":"binary-expr","locations":[{"start":{"line":94,"column":12},"end":{"line":94,"column":17}},{"start":{"line":94,"column":21},"end":{"line":94,"column":27}},{"start":{"line":94,"column":31},"end":{"line":94,"column":40}}],"line":94},"11":{"loc":{"start":{"line":100,"column":8},"end":{"line":102,"column":9}},"type":"if","locations":[{"start":{"line":100,"column":8},"end":{"line":102,"column":9}},{"start":{},"end":{}}],"line":100},"12":{"loc":{"start":{"line":148,"column":8},"end":{"line":150,"column":9}},"type":"if","locations":[{"start":{"line":148,"column":8},"end":{"line":150,"column":9}},{"start":{},"end":{}}],"line":148},"13":{"loc":{"start":{"line":148,"column":12},"end":{"line":148,"column":42}},"type":"binary-expr","locations":[{"start":{"line":148,"column":12},"end":{"line":148,"column":17}},{"start":{"line":148,"column":21},"end":{"line":148,"column":42}}],"line":148}},"s":{"0":8,"1":8,"2":8,"3":23,"4":23,"5":23,"6":0,"7":23,"8":23,"9":10,"10":13,"11":0,"12":0,"13":8,"14":0,"15":0,"16":0,"17":0,"18":0,"19":0,"20":0,"21":8,"22":0,"23":0,"24":0,"25":0,"26":0,"27":0,"28":0,"29":0,"30":0,"31":0,"32":0,"33":0,"34":8,"35":2,"36":2,"37":2,"38":0,"39":2,"40":2,"41":1,"42":1,"43":1,"44":0,"45":0,"46":8,"47":0,"48":0,"49":0,"50":0,"51":0,"52":8,"53":1,"54":1,"55":1,"56":0,"57":0,"58":0,"59":0,"60":1,"61":1,"62":8},"f":{"0":23,"1":0,"2":0,"3":2,"4":0,"5":1},"b":{"0":[0,23],"1":[23,23],"2":[10,13],"3":[23,11],"4":[0,0],"5":[0,0],"6":[0,0],"7":[0,0],"8":[0,0],"9":[0,2],"10":[2,2,2],"11":[1,1],"12":[0,0],"13":[0,0]},"_coverageSchema":"1a1c01bbd47fc00a2c39e90264f33305004495a9","hash":"4f976174cf1f2111db5e072ecc5c67ce4cfa0b29"}
,"C:\\Users\\behzad\\Desktop\\fti2-main\\fti2-main\\backend\\controllers\\cms.controller.js": {"path":"C:\\Users\\behzad\\Desktop\\fti2-main\\fti2-main\\backend\\controllers\\cms.controller.js","statementMap":{"0":{"start":{"line":1,"column":16},"end":{"line":1,"column":44}},"1":{"start":{"line":13,"column":19},"end":{"line":28,"column":1}},"2":{"start":{"line":14,"column":4},"end":{"line":27,"column":5}},"3":{"start":{"line":15,"column":27},"end":{"line":15,"column":49}},"4":{"start":{"line":16,"column":23},"end":{"line":16,"column":25}},"5":{"start":{"line":19,"column":8},"end":{"line":21,"column":11}},"6":{"start":{"line":20,"column":12},"end":{"line":20,"column":45}},"7":{"start":{"line":23,"column":8},"end":{"line":23,"column":25}},"8":{"start":{"line":25,"column":8},"end":{"line":25,"column":66}},"9":{"start":{"line":26,"column":8},"end":{"line":26,"column":76}},"10":{"start":{"line":35,"column":22},"end":{"line":58,"column":1}},"11":{"start":{"line":36,"column":4},"end":{"line":57,"column":5}},"12":{"start":{"line":37,"column":24},"end":{"line":37,"column":32}},"13":{"start":{"line":40,"column":21},"end":{"line":40,"column":70}},"14":{"start":{"line":42,"column":8},"end":{"line":47,"column":9}},"15":{"start":{"line":43,"column":12},"end":{"line":43,"column":76}},"16":{"start":{"line":46,"column":12},"end":{"line":46,"column":57}},"17":{"start":{"line":50,"column":8},"end":{"line":50,"column":36}},"18":{"start":{"line":51,"column":8},"end":{"line":51,"column":28}},"19":{"start":{"line":53,"column":8},"end":{"line":53,"column":30}},"20":{"start":{"line":55,"column":8},"end":{"line":55,"column":69}},"21":{"start":{"line":56,"column":8},"end":{"line":56,"column":76}},"22":{"start":{"line":60,"column":0},"end":{"line":60,"column":47}}},"fnMap":{"0":{"name":"(anonymous_0)","decl":{"start":{"line":13,"column":19},"end":{"line":13,"column":20}},"loc":{"start":{"line":13,"column":39},"end":{"line":28,"column":1}},"line":13},"1":{"name":"(anonymous_1)","decl":{"start":{"line":19,"column":27},"end":{"line":19,"column":28}},"loc":{"start":{"line":19,"column":37},"end":{"line":21,"column":9}},"line":19},"2":{"name":"(anonymous_2)","decl":{"start":{"line":35,"column":22},"end":{"line":35,"column":23}},"loc":{"start":{"line":35,"column":42},"end":{"line":58,"column":1}},"line":35}},"branchMap":{"0":{"loc":{"start":{"line":42,"column":8},"end":{"line":47,"column":9}},"type":"if","locations":[{"start":{"line":42,"column":8},"end":{"line":47,"column":9}},{"start":{"line":44,"column":15},"end":{"line":47,"column":9}}],"line":42}},"s":{"0":8,"1":8,"2":2,"3":2,"4":1,"5":1,"6":0,"7":1,"8":1,"9":1,"10":8,"11":1,"12":1,"13":1,"14":0,"15":0,"16":0,"17":0,"18":0,"19":0,"20":1,"21":1,"22":8},"f":{"0":2,"1":0,"2":1},"b":{"0":[0,0]},"_coverageSchema":"1a1c01bbd47fc00a2c39e90264f33305004495a9","hash":"fa324b34e82226c654e7fe1bd14011bc4a4eb2ec"}
,"C:\\Users\\behzad\\Desktop\\fti2-main\\fti2-main\\backend\\controllers\\consultation.controller.js": {"path":"C:\\Users\\behzad\\Desktop\\fti2-main\\fti2-main\\backend\\controllers\\consultation.controller.js","statementMap":{"0":{"start":{"line":1,"column":21},"end":{"line":1,"column":54}},"1":{"start":{"line":2,"column":17},"end":{"line":2,"column":45}},"2":{"start":{"line":17,"column":25},"end":{"line":43,"column":1}},"3":{"start":{"line":18,"column":4},"end":{"line":42,"column":5}},"4":{"start":{"line":19,"column":85},"end":{"line":19,"column":93}},"5":{"start":{"line":21,"column":8},"end":{"line":23,"column":9}},"6":{"start":{"line":22,"column":12},"end":{"line":22,"column":81}},"7":{"start":{"line":25,"column":29},"end":{"line":32,"column":10}},"8":{"start":{"line":34,"column":8},"end":{"line":39,"column":11}},"9":{"start":{"line":41,"column":8},"end":{"line":41,"column":18}},"10":{"start":{"line":52,"column":28},"end":{"line":77,"column":1}},"11":{"start":{"line":53,"column":4},"end":{"line":76,"column":5}},"12":{"start":{"line":54,"column":22},"end":{"line":54,"column":52}},"13":{"start":{"line":55,"column":22},"end":{"line":55,"column":53}},"14":{"start":{"line":56,"column":22},"end":{"line":56,"column":40}},"15":{"start":{"line":58,"column":23},"end":{"line":58,"column":25}},"16":{"start":{"line":59,"column":8},"end":{"line":59,"column":63}},"17":{"start":{"line":59,"column":30},"end":{"line":59,"column":63}},"18":{"start":{"line":61,"column":30},"end":{"line":64,"column":10}},"19":{"start":{"line":66,"column":8},"end":{"line":73,"column":11}},"20":{"start":{"line":75,"column":8},"end":{"line":75,"column":18}},"21":{"start":{"line":86,"column":28},"end":{"line":104,"column":1}},"22":{"start":{"line":87,"column":4},"end":{"line":103,"column":5}},"23":{"start":{"line":88,"column":29},"end":{"line":88,"column":71}},"24":{"start":{"line":90,"column":8},"end":{"line":94,"column":9}},"25":{"start":{"line":91,"column":12},"end":{"line":93,"column":14}},"26":{"start":{"line":96,"column":8},"end":{"line":100,"column":11}},"27":{"start":{"line":102,"column":8},"end":{"line":102,"column":18}},"28":{"start":{"line":115,"column":33},"end":{"line":155,"column":1}},"29":{"start":{"line":116,"column":4},"end":{"line":154,"column":5}},"30":{"start":{"line":117,"column":54},"end":{"line":117,"column":62}},"31":{"start":{"line":118,"column":30},"end":{"line":118,"column":80}},"32":{"start":{"line":120,"column":8},"end":{"line":127,"column":9}},"33":{"start":{"line":121,"column":12},"end":{"line":126,"column":14}},"34":{"start":{"line":129,"column":24},"end":{"line":129,"column":26}},"35":{"start":{"line":130,"column":8},"end":{"line":130,"column":58}},"36":{"start":{"line":130,"column":27},"end":{"line":130,"column":58}},"37":{"start":{"line":131,"column":8},"end":{"line":131,"column":65}},"38":{"start":{"line":131,"column":27},"end":{"line":131,"column":65}},"39":{"start":{"line":132,"column":8},"end":{"line":132,"column":62}},"40":{"start":{"line":132,"column":27},"end":{"line":132,"column":62}},"41":{"start":{"line":134,"column":29},"end":{"line":138,"column":9}},"42":{"start":{"line":140,"column":8},"end":{"line":144,"column":9}},"43":{"start":{"line":141,"column":12},"end":{"line":143,"column":14}},"44":{"start":{"line":146,"column":8},"end":{"line":151,"column":11}},"45":{"start":{"line":153,"column":8},"end":{"line":153,"column":18}},"46":{"start":{"line":164,"column":27},"end":{"line":182,"column":1}},"47":{"start":{"line":165,"column":4},"end":{"line":181,"column":5}},"48":{"start":{"line":166,"column":29},"end":{"line":166,"column":80}},"49":{"start":{"line":168,"column":8},"end":{"line":172,"column":9}},"50":{"start":{"line":169,"column":12},"end":{"line":171,"column":14}},"51":{"start":{"line":174,"column":8},"end":{"line":178,"column":11}},"52":{"start":{"line":180,"column":8},"end":{"line":180,"column":18}},"53":{"start":{"line":184,"column":0},"end":{"line":190,"column":2}}},"fnMap":{"0":{"name":"(anonymous_0)","decl":{"start":{"line":17,"column":25},"end":{"line":17,"column":26}},"loc":{"start":{"line":17,"column":51},"end":{"line":43,"column":1}},"line":17},"1":{"name":"(anonymous_1)","decl":{"start":{"line":52,"column":28},"end":{"line":52,"column":29}},"loc":{"start":{"line":52,"column":54},"end":{"line":77,"column":1}},"line":52},"2":{"name":"(anonymous_2)","decl":{"start":{"line":86,"column":28},"end":{"line":86,"column":29}},"loc":{"start":{"line":86,"column":54},"end":{"line":104,"column":1}},"line":86},"3":{"name":"(anonymous_3)","decl":{"start":{"line":115,"column":33},"end":{"line":115,"column":34}},"loc":{"start":{"line":115,"column":59},"end":{"line":155,"column":1}},"line":115},"4":{"name":"(anonymous_4)","decl":{"start":{"line":164,"column":27},"end":{"line":164,"column":28}},"loc":{"start":{"line":164,"column":53},"end":{"line":182,"column":1}},"line":164}},"branchMap":{"0":{"loc":{"start":{"line":21,"column":8},"end":{"line":23,"column":9}},"type":"if","locations":[{"start":{"line":21,"column":8},"end":{"line":23,"column":9}},{"start":{},"end":{}}],"line":21},"1":{"loc":{"start":{"line":21,"column":12},"end":{"line":21,"column":27}},"type":"binary-expr","locations":[{"start":{"line":21,"column":12},"end":{"line":21,"column":17}},{"start":{"line":21,"column":21},"end":{"line":21,"column":27}}],"line":21},"2":{"loc":{"start":{"line":54,"column":22},"end":{"line":54,"column":52}},"type":"binary-expr","locations":[{"start":{"line":54,"column":22},"end":{"line":54,"column":46}},{"start":{"line":54,"column":51},"end":{"line":54,"column":52}}],"line":54},"3":{"loc":{"start":{"line":55,"column":22},"end":{"line":55,"column":53}},"type":"binary-expr","locations":[{"start":{"line":55,"column":22},"end":{"line":55,"column":47}},{"start":{"line":55,"column":51},"end":{"line":55,"column":53}}],"line":55},"4":{"loc":{"start":{"line":59,"column":8},"end":{"line":59,"column":63}},"type":"if","locations":[{"start":{"line":59,"column":8},"end":{"line":59,"column":63}},{"start":{},"end":{}}],"line":59},"5":{"loc":{"start":{"line":90,"column":8},"end":{"line":94,"column":9}},"type":"if","locations":[{"start":{"line":90,"column":8},"end":{"line":94,"column":9}},{"start":{},"end":{}}],"line":90},"6":{"loc":{"start":{"line":120,"column":8},"end":{"line":127,"column":9}},"type":"if","locations":[{"start":{"line":120,"column":8},"end":{"line":127,"column":9}},{"start":{},"end":{}}],"line":120},"7":{"loc":{"start":{"line":120,"column":12},"end":{"line":120,"column":53}},"type":"binary-expr","locations":[{"start":{"line":120,"column":12},"end":{"line":120,"column":18}},{"start":{"line":120,"column":22},"end":{"line":120,"column":53}}],"line":120},"8":{"loc":{"start":{"line":130,"column":8},"end":{"line":130,"column":58}},"type":"if","locations":[{"start":{"line":130,"column":8},"end":{"line":130,"column":58}},{"start":{},"end":{}}],"line":130},"9":{"loc":{"start":{"line":131,"column":8},"end":{"line":131,"column":65}},"type":"if","locations":[{"start":{"line":131,"column":8},"end":{"line":131,"column":65}},{"start":{},"end":{}}],"line":131},"10":{"loc":{"start":{"line":132,"column":8},"end":{"line":132,"column":62}},"type":"if","locations":[{"start":{"line":132,"column":8},"end":{"line":132,"column":62}},{"start":{},"end":{}}],"line":132},"11":{"loc":{"start":{"line":140,"column":8},"end":{"line":144,"column":9}},"type":"if","locations":[{"start":{"line":140,"column":8},"end":{"line":144,"column":9}},{"start":{},"end":{}}],"line":140},"12":{"loc":{"start":{"line":168,"column":8},"end":{"line":172,"column":9}},"type":"if","locations":[{"start":{"line":168,"column":8},"end":{"line":172,"column":9}},{"start":{},"end":{}}],"line":168}},"s":{"0":8,"1":8,"2":8,"3":1,"4":1,"5":1,"6":1,"7":0,"8":0,"9":0,"10":8,"11":0,"12":0,"13":0,"14":0,"15":0,"16":0,"17":0,"18":0,"19":0,"20":0,"21":8,"22":0,"23":0,"24":0,"25":0,"26":0,"27":0,"28":8,"29":0,"30":0,"31":0,"32":0,"33":0,"34":0,"35":0,"36":0,"37":0,"38":0,"39":0,"40":0,"41":0,"42":0,"43":0,"44":0,"45":0,"46":8,"47":0,"48":0,"49":0,"50":0,"51":0,"52":0,"53":8},"f":{"0":1,"1":0,"2":0,"3":0,"4":0},"b":{"0":[1,0],"1":[1,0],"2":[0,0],"3":[0,0],"4":[0,0],"5":[0,0],"6":[0,0],"7":[0,0],"8":[0,0],"9":[0,0],"10":[0,0],"11":[0,0],"12":[0,0]},"_coverageSchema":"1a1c01bbd47fc00a2c39e90264f33305004495a9","hash":"1b1704877b49dda577c4ee1e014801e1c4329866"}
,"C:\\Users\\behzad\\Desktop\\fti2-main\\fti2-main\\backend\\controllers\\contact.controller.js": {"path":"C:\\Users\\behzad\\Desktop\\fti2-main\\fti2-main\\backend\\controllers\\contact.controller.js","statementMap":{"0":{"start":{"line":1,"column":16},"end":{"line":1,"column":44}},"1":{"start":{"line":2,"column":17},"end":{"line":2,"column":45}},"2":{"start":{"line":17,"column":22},"end":{"line":37,"column":1}},"3":{"start":{"line":18,"column":4},"end":{"line":36,"column":5}},"4":{"start":{"line":19,"column":57},"end":{"line":19,"column":65}},"5":{"start":{"line":22,"column":8},"end":{"line":24,"column":9}},"6":{"start":{"line":23,"column":12},"end":{"line":23,"column":81}},"7":{"start":{"line":26,"column":24},"end":{"line":26,"column":86}},"8":{"start":{"line":28,"column":8},"end":{"line":33,"column":11}},"9":{"start":{"line":35,"column":8},"end":{"line":35,"column":18}},"10":{"start":{"line":46,"column":23},"end":{"line":74,"column":1}},"11":{"start":{"line":47,"column":4},"end":{"line":73,"column":5}},"12":{"start":{"line":48,"column":22},"end":{"line":48,"column":52}},"13":{"start":{"line":49,"column":22},"end":{"line":49,"column":53}},"14":{"start":{"line":50,"column":22},"end":{"line":50,"column":40}},"15":{"start":{"line":53,"column":23},"end":{"line":53,"column":25}},"16":{"start":{"line":54,"column":8},"end":{"line":56,"column":9}},"17":{"start":{"line":55,"column":12},"end":{"line":55,"column":56}},"18":{"start":{"line":58,"column":30},"end":{"line":61,"column":10}},"19":{"start":{"line":63,"column":8},"end":{"line":70,"column":11}},"20":{"start":{"line":72,"column":8},"end":{"line":72,"column":18}},"21":{"start":{"line":83,"column":23},"end":{"line":99,"column":1}},"22":{"start":{"line":84,"column":4},"end":{"line":98,"column":5}},"23":{"start":{"line":85,"column":24},"end":{"line":85,"column":61}},"24":{"start":{"line":87,"column":8},"end":{"line":89,"column":9}},"25":{"start":{"line":88,"column":12},"end":{"line":88,"column":98}},"26":{"start":{"line":91,"column":8},"end":{"line":95,"column":11}},"27":{"start":{"line":97,"column":8},"end":{"line":97,"column":18}},"28":{"start":{"line":109,"column":24},"end":{"line":130,"column":1}},"29":{"start":{"line":110,"column":4},"end":{"line":129,"column":5}},"30":{"start":{"line":111,"column":24},"end":{"line":115,"column":9}},"31":{"start":{"line":117,"column":8},"end":{"line":119,"column":9}},"32":{"start":{"line":118,"column":12},"end":{"line":118,"column":98}},"33":{"start":{"line":121,"column":8},"end":{"line":126,"column":11}},"34":{"start":{"line":128,"column":8},"end":{"line":128,"column":18}},"35":{"start":{"line":139,"column":22},"end":{"line":155,"column":1}},"36":{"start":{"line":140,"column":4},"end":{"line":154,"column":5}},"37":{"start":{"line":141,"column":24},"end":{"line":141,"column":70}},"38":{"start":{"line":143,"column":8},"end":{"line":145,"column":9}},"39":{"start":{"line":144,"column":12},"end":{"line":144,"column":98}},"40":{"start":{"line":147,"column":8},"end":{"line":151,"column":11}},"41":{"start":{"line":153,"column":8},"end":{"line":153,"column":18}},"42":{"start":{"line":157,"column":0},"end":{"line":163,"column":2}}},"fnMap":{"0":{"name":"(anonymous_0)","decl":{"start":{"line":17,"column":22},"end":{"line":17,"column":23}},"loc":{"start":{"line":17,"column":48},"end":{"line":37,"column":1}},"line":17},"1":{"name":"(anonymous_1)","decl":{"start":{"line":46,"column":23},"end":{"line":46,"column":24}},"loc":{"start":{"line":46,"column":49},"end":{"line":74,"column":1}},"line":46},"2":{"name":"(anonymous_2)","decl":{"start":{"line":83,"column":23},"end":{"line":83,"column":24}},"loc":{"start":{"line":83,"column":49},"end":{"line":99,"column":1}},"line":83},"3":{"name":"(anonymous_3)","decl":{"start":{"line":109,"column":24},"end":{"line":109,"column":25}},"loc":{"start":{"line":109,"column":50},"end":{"line":130,"column":1}},"line":109},"4":{"name":"(anonymous_4)","decl":{"start":{"line":139,"column":22},"end":{"line":139,"column":23}},"loc":{"start":{"line":139,"column":48},"end":{"line":155,"column":1}},"line":139}},"branchMap":{"0":{"loc":{"start":{"line":22,"column":8},"end":{"line":24,"column":9}},"type":"if","locations":[{"start":{"line":22,"column":8},"end":{"line":24,"column":9}},{"start":{},"end":{}}],"line":22},"1":{"loc":{"start":{"line":22,"column":12},"end":{"line":22,"column":27}},"type":"binary-expr","locations":[{"start":{"line":22,"column":12},"end":{"line":22,"column":17}},{"start":{"line":22,"column":21},"end":{"line":22,"column":27}}],"line":22},"2":{"loc":{"start":{"line":48,"column":22},"end":{"line":48,"column":52}},"type":"binary-expr","locations":[{"start":{"line":48,"column":22},"end":{"line":48,"column":46}},{"start":{"line":48,"column":51},"end":{"line":48,"column":52}}],"line":48},"3":{"loc":{"start":{"line":49,"column":22},"end":{"line":49,"column":53}},"type":"binary-expr","locations":[{"start":{"line":49,"column":22},"end":{"line":49,"column":47}},{"start":{"line":49,"column":51},"end":{"line":49,"column":53}}],"line":49},"4":{"loc":{"start":{"line":54,"column":8},"end":{"line":56,"column":9}},"type":"if","locations":[{"start":{"line":54,"column":8},"end":{"line":56,"column":9}},{"start":{},"end":{}}],"line":54},"5":{"loc":{"start":{"line":87,"column":8},"end":{"line":89,"column":9}},"type":"if","locations":[{"start":{"line":87,"column":8},"end":{"line":89,"column":9}},{"start":{},"end":{}}],"line":87},"6":{"loc":{"start":{"line":113,"column":22},"end":{"line":113,"column":76}},"type":"cond-expr","locations":[{"start":{"line":113,"column":54},"end":{"line":113,"column":69}},{"start":{"line":113,"column":72},"end":{"line":113,"column":76}}],"line":113},"7":{"loc":{"start":{"line":117,"column":8},"end":{"line":119,"column":9}},"type":"if","locations":[{"start":{"line":117,"column":8},"end":{"line":119,"column":9}},{"start":{},"end":{}}],"line":117},"8":{"loc":{"start":{"line":124,"column":34},"end":{"line":124,"column":68}},"type":"cond-expr","locations":[{"start":{"line":124,"column":51},"end":{"line":124,"column":57}},{"start":{"line":124,"column":60},"end":{"line":124,"column":68}}],"line":124},"9":{"loc":{"start":{"line":143,"column":8},"end":{"line":145,"column":9}},"type":"if","locations":[{"start":{"line":143,"column":8},"end":{"line":145,"column":9}},{"start":{},"end":{}}],"line":143}},"s":{"0":8,"1":8,"2":8,"3":1,"4":1,"5":1,"6":0,"7":1,"8":1,"9":0,"10":8,"11":1,"12":1,"13":1,"14":1,"15":1,"16":1,"17":0,"18":1,"19":0,"20":1,"21":8,"22":0,"23":0,"24":0,"25":0,"26":0,"27":0,"28":8,"29":0,"30":0,"31":0,"32":0,"33":0,"34":0,"35":8,"36":0,"37":0,"38":0,"39":0,"40":0,"41":0,"42":8},"f":{"0":1,"1":1,"2":0,"3":0,"4":0},"b":{"0":[0,1],"1":[1,1],"2":[1,1],"3":[1,1],"4":[0,1],"5":[0,0],"6":[0,0],"7":[0,0],"8":[0,0],"9":[0,0]},"_coverageSchema":"1a1c01bbd47fc00a2c39e90264f33305004495a9","hash":"145140cd2554bf38e129f788ed85cb7bfef9293f"}
,"C:\\Users\\behzad\\Desktop\\fti2-main\\fti2-main\\backend\\controllers\\enquiry.controller.js": {"path":"C:\\Users\\behzad\\Desktop\\fti2-main\\fti2-main\\backend\\controllers\\enquiry.controller.js","statementMap":{"0":{"start":{"line":1,"column":16},"end":{"line":1,"column":44}},"1":{"start":{"line":8,"column":22},"end":{"line":31,"column":1}},"2":{"start":{"line":9,"column":4},"end":{"line":30,"column":5}},"3":{"start":{"line":10,"column":94},"end":{"line":10,"column":102}},"4":{"start":{"line":12,"column":8},"end":{"line":14,"column":9}},"5":{"start":{"line":13,"column":12},"end":{"line":13,"column":120}},"6":{"start":{"line":16,"column":27},"end":{"line":24,"column":10}},"7":{"start":{"line":26,"column":8},"end":{"line":26,"column":97}},"8":{"start":{"line":28,"column":8},"end":{"line":28,"column":58}},"9":{"start":{"line":29,"column":8},"end":{"line":29,"column":20}},"10":{"start":{"line":38,"column":21},"end":{"line":46,"column":1}},"11":{"start":{"line":39,"column":4},"end":{"line":45,"column":5}},"12":{"start":{"line":40,"column":26},"end":{"line":40,"column":70}},"13":{"start":{"line":41,"column":8},"end":{"line":41,"column":28}},"14":{"start":{"line":43,"column":8},"end":{"line":43,"column":58}},"15":{"start":{"line":44,"column":8},"end":{"line":44,"column":20}},"16":{"start":{"line":53,"column":22},"end":{"line":67,"column":1}},"17":{"start":{"line":54,"column":4},"end":{"line":66,"column":5}},"18":{"start":{"line":55,"column":23},"end":{"line":55,"column":33}},"19":{"start":{"line":56,"column":24},"end":{"line":56,"column":59}},"20":{"start":{"line":58,"column":8},"end":{"line":60,"column":9}},"21":{"start":{"line":59,"column":12},"end":{"line":59,"column":74}},"22":{"start":{"line":62,"column":8},"end":{"line":62,"column":62}},"23":{"start":{"line":64,"column":8},"end":{"line":64,"column":56}},"24":{"start":{"line":65,"column":8},"end":{"line":65,"column":20}},"25":{"start":{"line":69,"column":0},"end":{"line":73,"column":2}}},"fnMap":{"0":{"name":"(anonymous_0)","decl":{"start":{"line":8,"column":22},"end":{"line":8,"column":23}},"loc":{"start":{"line":8,"column":48},"end":{"line":31,"column":1}},"line":8},"1":{"name":"(anonymous_1)","decl":{"start":{"line":38,"column":21},"end":{"line":38,"column":22}},"loc":{"start":{"line":38,"column":47},"end":{"line":46,"column":1}},"line":38},"2":{"name":"(anonymous_2)","decl":{"start":{"line":53,"column":22},"end":{"line":53,"column":23}},"loc":{"start":{"line":53,"column":48},"end":{"line":67,"column":1}},"line":53}},"branchMap":{"0":{"loc":{"start":{"line":12,"column":8},"end":{"line":14,"column":9}},"type":"if","locations":[{"start":{"line":12,"column":8},"end":{"line":14,"column":9}},{"start":{},"end":{}}],"line":12},"1":{"loc":{"start":{"line":12,"column":12},"end":{"line":12,"column":45}},"type":"binary-expr","locations":[{"start":{"line":12,"column":12},"end":{"line":12,"column":17}},{"start":{"line":12,"column":21},"end":{"line":12,"column":27}},{"start":{"line":12,"column":31},"end":{"line":12,"column":45}}],"line":12},"2":{"loc":{"start":{"line":19,"column":19},"end":{"line":19,"column":30}},"type":"binary-expr","locations":[{"start":{"line":19,"column":19},"end":{"line":19,"column":24}},{"start":{"line":19,"column":28},"end":{"line":19,"column":30}}],"line":19},"3":{"loc":{"start":{"line":20,"column":21},"end":{"line":20,"column":34}},"type":"binary-expr","locations":[{"start":{"line":20,"column":21},"end":{"line":20,"column":28}},{"start":{"line":20,"column":32},"end":{"line":20,"column":34}}],"line":20},"4":{"loc":{"start":{"line":21,"column":34},"end":{"line":21,"column":60}},"type":"binary-expr","locations":[{"start":{"line":21,"column":34},"end":{"line":21,"column":54}},{"start":{"line":21,"column":58},"end":{"line":21,"column":60}}],"line":21},"5":{"loc":{"start":{"line":23,"column":21},"end":{"line":23,"column":34}},"type":"binary-expr","locations":[{"start":{"line":23,"column":21},"end":{"line":23,"column":28}},{"start":{"line":23,"column":32},"end":{"line":23,"column":34}}],"line":23},"6":{"loc":{"start":{"line":58,"column":8},"end":{"line":60,"column":9}},"type":"if","locations":[{"start":{"line":58,"column":8},"end":{"line":60,"column":9}},{"start":{},"end":{}}],"line":58}},"s":{"0":8,"1":8,"2":1,"3":1,"4":1,"5":0,"6":1,"7":1,"8":0,"9":0,"10":8,"11":1,"12":1,"13":1,"14":0,"15":0,"16":8,"17":0,"18":0,"19":0,"20":0,"21":0,"22":0,"23":0,"24":0,"25":8},"f":{"0":1,"1":1,"2":0},"b":{"0":[0,1],"1":[1,1,1],"2":[1,0],"3":[1,1],"4":[1,1],"5":[1,0],"6":[0,0]},"_coverageSchema":"1a1c01bbd47fc00a2c39e90264f33305004495a9","hash":"7a0ca81d38f6b1ce702970b428c08135607d91c5"}
,"C:\\Users\\behzad\\Desktop\\fti2-main\\fti2-main\\backend\\controllers\\settings.controller.js": {"path":"C:\\Users\\behzad\\Desktop\\fti2-main\\fti2-main\\backend\\controllers\\settings.controller.js","statementMap":{"0":{"start":{"line":1,"column":22},"end":{"line":1,"column":61}},"1":{"start":{"line":8,"column":28},"end":{"line":16,"column":1}},"2":{"start":{"line":9,"column":4},"end":{"line":15,"column":5}},"3":{"start":{"line":10,"column":25},"end":{"line":10,"column":48}},"4":{"start":{"line":11,"column":8},"end":{"line":11,"column":27}},"5":{"start":{"line":13,"column":8},"end":{"line":13,"column":57}},"6":{"start":{"line":14,"column":8},"end":{"line":14,"column":58}},"7":{"start":{"line":23,"column":31},"end":{"line":35,"column":1}},"8":{"start":{"line":24,"column":4},"end":{"line":34,"column":5}},"9":{"start":{"line":25,"column":28},"end":{"line":25,"column":36}},"10":{"start":{"line":28,"column":28},"end":{"line":28,"column":65}},"11":{"start":{"line":30,"column":8},"end":{"line":30,"column":30}},"12":{"start":{"line":32,"column":8},"end":{"line":32,"column":57}},"13":{"start":{"line":33,"column":8},"end":{"line":33,"column":58}},"14":{"start":{"line":37,"column":0},"end":{"line":40,"column":2}}},"fnMap":{"0":{"name":"(anonymous_0)","decl":{"start":{"line":8,"column":28},"end":{"line":8,"column":29}},"loc":{"start":{"line":8,"column":48},"end":{"line":16,"column":1}},"line":8},"1":{"name":"(anonymous_1)","decl":{"start":{"line":23,"column":31},"end":{"line":23,"column":32}},"loc":{"start":{"line":23,"column":51},"end":{"line":35,"column":1}},"line":23}},"branchMap":{},"s":{"0":8,"1":8,"2":0,"3":0,"4":0,"5":0,"6":0,"7":8,"8":0,"9":0,"10":0,"11":0,"12":0,"13":0,"14":8},"f":{"0":0,"1":0},"b":{},"_coverageSchema":"1a1c01bbd47fc00a2c39e90264f33305004495a9","hash":"9b0f306fb692ff75101bdd3b173af18add80598e"}
,"C:\\Users\\behzad\\Desktop\\fti2-main\\fti2-main\\backend\\controllers\\testQuery.controller.js": {"path":"C:\\Users\\behzad\\Desktop\\fti2-main\\fti2-main\\backend\\controllers\\testQuery.controller.js","statementMap":{"0":{"start":{"line":1,"column":23},"end":{"line":1,"column":63}},"1":{"start":{"line":8,"column":24},"end":{"line":35,"column":1}},"2":{"start":{"line":9,"column":4},"end":{"line":34,"column":5}},"3":{"start":{"line":10,"column":94},"end":{"line":10,"column":102}},"4":{"start":{"line":12,"column":8},"end":{"line":14,"column":9}},"5":{"start":{"line":13,"column":12},"end":{"line":13,"column":132}},"6":{"start":{"line":16,"column":25},"end":{"line":26,"column":9}},"7":{"start":{"line":28,"column":8},"end":{"line":28,"column":37}},"8":{"start":{"line":30,"column":8},"end":{"line":30,"column":96}},"9":{"start":{"line":32,"column":8},"end":{"line":32,"column":61}},"10":{"start":{"line":33,"column":8},"end":{"line":33,"column":58}},"11":{"start":{"line":42,"column":23},"end":{"line":52,"column":1}},"12":{"start":{"line":43,"column":4},"end":{"line":51,"column":5}},"13":{"start":{"line":44,"column":24},"end":{"line":44,"column":47}},"14":{"start":{"line":46,"column":8},"end":{"line":46,"column":78}},"15":{"start":{"line":46,"column":31},"end":{"line":46,"column":76}},"16":{"start":{"line":47,"column":8},"end":{"line":47,"column":26}},"17":{"start":{"line":49,"column":8},"end":{"line":49,"column":61}},"18":{"start":{"line":50,"column":8},"end":{"line":50,"column":80}},"19":{"start":{"line":59,"column":24},"end":{"line":68,"column":1}},"20":{"start":{"line":60,"column":4},"end":{"line":67,"column":5}},"21":{"start":{"line":61,"column":23},"end":{"line":61,"column":33}},"22":{"start":{"line":62,"column":8},"end":{"line":62,"column":38}},"23":{"start":{"line":63,"column":8},"end":{"line":63,"column":65}},"24":{"start":{"line":65,"column":8},"end":{"line":65,"column":59}},"25":{"start":{"line":66,"column":8},"end":{"line":66,"column":58}},"26":{"start":{"line":70,"column":0},"end":{"line":74,"column":2}}},"fnMap":{"0":{"name":"(anonymous_0)","decl":{"start":{"line":8,"column":24},"end":{"line":8,"column":25}},"loc":{"start":{"line":8,"column":44},"end":{"line":35,"column":1}},"line":8},"1":{"name":"(anonymous_1)","decl":{"start":{"line":42,"column":23},"end":{"line":42,"column":24}},"loc":{"start":{"line":42,"column":43},"end":{"line":52,"column":1}},"line":42},"2":{"name":"(anonymous_2)","decl":{"start":{"line":46,"column":21},"end":{"line":46,"column":22}},"loc":{"start":{"line":46,"column":31},"end":{"line":46,"column":76}},"line":46},"3":{"name":"(anonymous_3)","decl":{"start":{"line":59,"column":24},"end":{"line":59,"column":25}},"loc":{"start":{"line":59,"column":44},"end":{"line":68,"column":1}},"line":59}},"branchMap":{"0":{"loc":{"start":{"line":12,"column":8},"end":{"line":14,"column":9}},"type":"if","locations":[{"start":{"line":12,"column":8},"end":{"line":14,"column":9}},{"start":{},"end":{}}],"line":12},"1":{"loc":{"start":{"line":12,"column":12},"end":{"line":12,"column":60}},"type":"binary-expr","locations":[{"start":{"line":12,"column":12},"end":{"line":12,"column":21}},{"start":{"line":12,"column":25},"end":{"line":12,"column":30}},{"start":{"line":12,"column":34},"end":{"line":12,"column":40}},{"start":{"line":12,"column":44},"end":{"line":12,"column":60}}],"line":12},"2":{"loc":{"start":{"line":21,"column":19},"end":{"line":21,"column":30}},"type":"binary-expr","locations":[{"start":{"line":21,"column":19},"end":{"line":21,"column":24}},{"start":{"line":21,"column":28},"end":{"line":21,"column":30}}],"line":21},"3":{"loc":{"start":{"line":23,"column":27},"end":{"line":23,"column":46}},"type":"binary-expr","locations":[{"start":{"line":23,"column":27},"end":{"line":23,"column":40}},{"start":{"line":23,"column":44},"end":{"line":23,"column":46}}],"line":23},"4":{"loc":{"start":{"line":24,"column":25},"end":{"line":24,"column":42}},"type":"binary-expr","locations":[{"start":{"line":24,"column":25},"end":{"line":24,"column":36}},{"start":{"line":24,"column":40},"end":{"line":24,"column":42}}],"line":24}},"s":{"0":8,"1":8,"2":1,"3":1,"4":1,"5":1,"6":0,"7":0,"8":0,"9":0,"10":0,"11":8,"12":0,"13":0,"14":0,"15":0,"16":0,"17":0,"18":0,"19":8,"20":0,"21":0,"22":0,"23":0,"24":0,"25":0,"26":8},"f":{"0":1,"1":0,"2":0,"3":0},"b":{"0":[1,0],"1":[1,0,0,0],"2":[0,0],"3":[0,0],"4":[0,0]},"_coverageSchema":"1a1c01bbd47fc00a2c39e90264f33305004495a9","hash":"e9b857d82fcdb323d449bda6d3f1599d11c62deb"}
,"C:\\Users\\behzad\\Desktop\\fti2-main\\fti2-main\\backend\\controllers\\pages\\about.controller.js": {"path":"C:\\Users\\behzad\\Desktop\\fti2-main\\fti2-main\\backend\\controllers\\pages\\about.controller.js","statementMap":{"0":{"start":{"line":1,"column":19},"end":{"line":1,"column":59}},"1":{"start":{"line":3,"column":21},"end":{"line":10,"column":1}},"2":{"start":{"line":4,"column":4},"end":{"line":9,"column":5}},"3":{"start":{"line":5,"column":21},"end":{"line":5,"column":41}},"4":{"start":{"line":6,"column":8},"end":{"line":6,"column":23}},"5":{"start":{"line":8,"column":8},"end":{"line":8,"column":55}},"6":{"start":{"line":12,"column":24},"end":{"line":19,"column":1}},"7":{"start":{"line":13,"column":4},"end":{"line":18,"column":5}},"8":{"start":{"line":14,"column":28},"end":{"line":14,"column":59}},"9":{"start":{"line":15,"column":8},"end":{"line":15,"column":30}},"10":{"start":{"line":17,"column":8},"end":{"line":17,"column":55}},"11":{"start":{"line":21,"column":0},"end":{"line":24,"column":2}}},"fnMap":{"0":{"name":"(anonymous_0)","decl":{"start":{"line":3,"column":21},"end":{"line":3,"column":22}},"loc":{"start":{"line":3,"column":41},"end":{"line":10,"column":1}},"line":3},"1":{"name":"(anonymous_1)","decl":{"start":{"line":12,"column":24},"end":{"line":12,"column":25}},"loc":{"start":{"line":12,"column":44},"end":{"line":19,"column":1}},"line":12}},"branchMap":{},"s":{"0":8,"1":8,"2":0,"3":0,"4":0,"5":0,"6":8,"7":0,"8":0,"9":0,"10":0,"11":8},"f":{"0":0,"1":0},"b":{},"_coverageSchema":"1a1c01bbd47fc00a2c39e90264f33305004495a9","hash":"75f5e81653fa1dce09da6df7f3652c95506eb690"}
,"C:\\Users\\behzad\\Desktop\\fti2-main\\fti2-main\\backend\\controllers\\pages\\contact.controller.js": {"path":"C:\\Users\\behzad\\Desktop\\fti2-main\\fti2-main\\backend\\controllers\\pages\\contact.controller.js","statementMap":{"0":{"start":{"line":1,"column":21},"end":{"line":1,"column":63}},"1":{"start":{"line":3,"column":23},"end":{"line":10,"column":1}},"2":{"start":{"line":4,"column":4},"end":{"line":9,"column":5}},"3":{"start":{"line":5,"column":21},"end":{"line":5,"column":43}},"4":{"start":{"line":6,"column":8},"end":{"line":6,"column":23}},"5":{"start":{"line":8,"column":8},"end":{"line":8,"column":55}},"6":{"start":{"line":12,"column":26},"end":{"line":19,"column":1}},"7":{"start":{"line":13,"column":4},"end":{"line":18,"column":5}},"8":{"start":{"line":14,"column":28},"end":{"line":14,"column":61}},"9":{"start":{"line":15,"column":8},"end":{"line":15,"column":30}},"10":{"start":{"line":17,"column":8},"end":{"line":17,"column":55}},"11":{"start":{"line":21,"column":0},"end":{"line":24,"column":2}}},"fnMap":{"0":{"name":"(anonymous_0)","decl":{"start":{"line":3,"column":23},"end":{"line":3,"column":24}},"loc":{"start":{"line":3,"column":43},"end":{"line":10,"column":1}},"line":3},"1":{"name":"(anonymous_1)","decl":{"start":{"line":12,"column":26},"end":{"line":12,"column":27}},"loc":{"start":{"line":12,"column":46},"end":{"line":19,"column":1}},"line":12}},"branchMap":{},"s":{"0":8,"1":8,"2":0,"3":0,"4":0,"5":0,"6":8,"7":0,"8":0,"9":0,"10":0,"11":8},"f":{"0":0,"1":0},"b":{},"_coverageSchema":"1a1c01bbd47fc00a2c39e90264f33305004495a9","hash":"07405a6171d3a9d3c81dac5fd3e3665dff1b627b"}
,"C:\\Users\\behzad\\Desktop\\fti2-main\\fti2-main\\backend\\controllers\\pages\\destinations.controller.js": {"path":"C:\\Users\\behzad\\Desktop\\fti2-main\\fti2-main\\backend\\controllers\\pages\\destinations.controller.js","statementMap":{"0":{"start":{"line":1,"column":26},"end":{"line":1,"column":73}},"1":{"start":{"line":3,"column":28},"end":{"line":10,"column":1}},"2":{"start":{"line":4,"column":4},"end":{"line":9,"column":5}},"3":{"start":{"line":5,"column":21},"end":{"line":5,"column":48}},"4":{"start":{"line":6,"column":8},"end":{"line":6,"column":23}},"5":{"start":{"line":8,"column":8},"end":{"line":8,"column":55}},"6":{"start":{"line":12,"column":31},"end":{"line":19,"column":1}},"7":{"start":{"line":13,"column":4},"end":{"line":18,"column":5}},"8":{"start":{"line":14,"column":28},"end":{"line":14,"column":66}},"9":{"start":{"line":15,"column":8},"end":{"line":15,"column":30}},"10":{"start":{"line":17,"column":8},"end":{"line":17,"column":55}},"11":{"start":{"line":21,"column":0},"end":{"line":24,"column":2}}},"fnMap":{"0":{"name":"(anonymous_0)","decl":{"start":{"line":3,"column":28},"end":{"line":3,"column":29}},"loc":{"start":{"line":3,"column":48},"end":{"line":10,"column":1}},"line":3},"1":{"name":"(anonymous_1)","decl":{"start":{"line":12,"column":31},"end":{"line":12,"column":32}},"loc":{"start":{"line":12,"column":51},"end":{"line":19,"column":1}},"line":12}},"branchMap":{},"s":{"0":8,"1":8,"2":0,"3":0,"4":0,"5":0,"6":8,"7":0,"8":0,"9":0,"10":0,"11":8},"f":{"0":0,"1":0},"b":{},"_coverageSchema":"1a1c01bbd47fc00a2c39e90264f33305004495a9","hash":"a7ae227a5be4c282e793cf61eaecd582c7f018eb"}
,"C:\\Users\\behzad\\Desktop\\fti2-main\\fti2-main\\backend\\controllers\\pages\\events.controller.js": {"path":"C:\\Users\\behzad\\Desktop\\fti2-main\\fti2-main\\backend\\controllers\\pages\\events.controller.js","statementMap":{"0":{"start":{"line":1,"column":20},"end":{"line":1,"column":61}},"1":{"start":{"line":3,"column":22},"end":{"line":10,"column":1}},"2":{"start":{"line":4,"column":4},"end":{"line":9,"column":5}},"3":{"start":{"line":5,"column":21},"end":{"line":5,"column":42}},"4":{"start":{"line":6,"column":8},"end":{"line":6,"column":23}},"5":{"start":{"line":8,"column":8},"end":{"line":8,"column":55}},"6":{"start":{"line":12,"column":25},"end":{"line":19,"column":1}},"7":{"start":{"line":13,"column":4},"end":{"line":18,"column":5}},"8":{"start":{"line":14,"column":28},"end":{"line":14,"column":60}},"9":{"start":{"line":15,"column":8},"end":{"line":15,"column":30}},"10":{"start":{"line":17,"column":8},"end":{"line":17,"column":55}},"11":{"start":{"line":21,"column":0},"end":{"line":24,"column":2}}},"fnMap":{"0":{"name":"(anonymous_0)","decl":{"start":{"line":3,"column":22},"end":{"line":3,"column":23}},"loc":{"start":{"line":3,"column":42},"end":{"line":10,"column":1}},"line":3},"1":{"name":"(anonymous_1)","decl":{"start":{"line":12,"column":25},"end":{"line":12,"column":26}},"loc":{"start":{"line":12,"column":45},"end":{"line":19,"column":1}},"line":12}},"branchMap":{},"s":{"0":8,"1":8,"2":0,"3":0,"4":0,"5":0,"6":8,"7":0,"8":0,"9":0,"10":0,"11":8},"f":{"0":0,"1":0},"b":{},"_coverageSchema":"1a1c01bbd47fc00a2c39e90264f33305004495a9","hash":"29f4d91e8f560ef4521a845227e5a7a437c9c719"}
,"C:\\Users\\behzad\\Desktop\\fti2-main\\fti2-main\\backend\\controllers\\pages\\home.controller.js": {"path":"C:\\Users\\behzad\\Desktop\\fti2-main\\fti2-main\\backend\\controllers\\pages\\home.controller.js","statementMap":{"0":{"start":{"line":1,"column":18},"end":{"line":1,"column":57}},"1":{"start":{"line":3,"column":20},"end":{"line":10,"column":1}},"2":{"start":{"line":4,"column":4},"end":{"line":9,"column":5}},"3":{"start":{"line":5,"column":21},"end":{"line":5,"column":40}},"4":{"start":{"line":6,"column":8},"end":{"line":6,"column":23}},"5":{"start":{"line":8,"column":8},"end":{"line":8,"column":55}},"6":{"start":{"line":12,"column":23},"end":{"line":19,"column":1}},"7":{"start":{"line":13,"column":4},"end":{"line":18,"column":5}},"8":{"start":{"line":14,"column":28},"end":{"line":14,"column":58}},"9":{"start":{"line":15,"column":8},"end":{"line":15,"column":30}},"10":{"start":{"line":17,"column":8},"end":{"line":17,"column":55}},"11":{"start":{"line":21,"column":0},"end":{"line":24,"column":2}}},"fnMap":{"0":{"name":"(anonymous_0)","decl":{"start":{"line":3,"column":20},"end":{"line":3,"column":21}},"loc":{"start":{"line":3,"column":40},"end":{"line":10,"column":1}},"line":3},"1":{"name":"(anonymous_1)","decl":{"start":{"line":12,"column":23},"end":{"line":12,"column":24}},"loc":{"start":{"line":12,"column":43},"end":{"line":19,"column":1}},"line":12}},"branchMap":{},"s":{"0":8,"1":8,"2":0,"3":0,"4":0,"5":0,"6":8,"7":0,"8":0,"9":0,"10":0,"11":8},"f":{"0":0,"1":0},"b":{},"_coverageSchema":"1a1c01bbd47fc00a2c39e90264f33305004495a9","hash":"9f43067797a5c150b1ecf1cecae7fb966f27ce42"}
,"C:\\Users\\behzad\\Desktop\\fti2-main\\fti2-main\\backend\\controllers\\pages\\ielts.controller.js": {"path":"C:\\Users\\behzad\\Desktop\\fti2-main\\fti2-main\\backend\\controllers\\pages\\ielts.controller.js","statementMap":{"0":{"start":{"line":1,"column":19},"end":{"line":1,"column":59}},"1":{"start":{"line":3,"column":21},"end":{"line":10,"column":1}},"2":{"start":{"line":4,"column":4},"end":{"line":9,"column":5}},"3":{"start":{"line":5,"column":21},"end":{"line":5,"column":41}},"4":{"start":{"line":6,"column":8},"end":{"line":6,"column":23}},"5":{"start":{"line":8,"column":8},"end":{"line":8,"column":55}},"6":{"start":{"line":12,"column":24},"end":{"line":19,"column":1}},"7":{"start":{"line":13,"column":4},"end":{"line":18,"column":5}},"8":{"start":{"line":14,"column":28},"end":{"line":14,"column":59}},"9":{"start":{"line":15,"column":8},"end":{"line":15,"column":30}},"10":{"start":{"line":17,"column":8},"end":{"line":17,"column":55}},"11":{"start":{"line":21,"column":0},"end":{"line":24,"column":2}}},"fnMap":{"0":{"name":"(anonymous_0)","decl":{"start":{"line":3,"column":21},"end":{"line":3,"column":22}},"loc":{"start":{"line":3,"column":41},"end":{"line":10,"column":1}},"line":3},"1":{"name":"(anonymous_1)","decl":{"start":{"line":12,"column":24},"end":{"line":12,"column":25}},"loc":{"start":{"line":12,"column":44},"end":{"line":19,"column":1}},"line":12}},"branchMap":{},"s":{"0":8,"1":8,"2":0,"3":0,"4":0,"5":0,"6":8,"7":0,"8":0,"9":0,"10":0,"11":8},"f":{"0":0,"1":0},"b":{},"_coverageSchema":"1a1c01bbd47fc00a2c39e90264f33305004495a9","hash":"009813472bc90291ae0bb9f0f45bb4d979bebff5"}
,"C:\\Users\\behzad\\Desktop\\fti2-main\\fti2-main\\backend\\controllers\\pages\\pte.controller.js": {"path":"C:\\Users\\behzad\\Desktop\\fti2-main\\fti2-main\\backend\\controllers\\pages\\pte.controller.js","statementMap":{"0":{"start":{"line":1,"column":17},"end":{"line":1,"column":55}},"1":{"start":{"line":3,"column":19},"end":{"line":10,"column":1}},"2":{"start":{"line":4,"column":4},"end":{"line":9,"column":5}},"3":{"start":{"line":5,"column":21},"end":{"line":5,"column":39}},"4":{"start":{"line":6,"column":8},"end":{"line":6,"column":23}},"5":{"start":{"line":8,"column":8},"end":{"line":8,"column":55}},"6":{"start":{"line":12,"column":22},"end":{"line":19,"column":1}},"7":{"start":{"line":13,"column":4},"end":{"line":18,"column":5}},"8":{"start":{"line":14,"column":28},"end":{"line":14,"column":57}},"9":{"start":{"line":15,"column":8},"end":{"line":15,"column":30}},"10":{"start":{"line":17,"column":8},"end":{"line":17,"column":55}},"11":{"start":{"line":21,"column":0},"end":{"line":24,"column":2}}},"fnMap":{"0":{"name":"(anonymous_0)","decl":{"start":{"line":3,"column":19},"end":{"line":3,"column":20}},"loc":{"start":{"line":3,"column":39},"end":{"line":10,"column":1}},"line":3},"1":{"name":"(anonymous_1)","decl":{"start":{"line":12,"column":22},"end":{"line":12,"column":23}},"loc":{"start":{"line":12,"column":42},"end":{"line":19,"column":1}},"line":12}},"branchMap":{},"s":{"0":8,"1":8,"2":0,"3":0,"4":0,"5":0,"6":8,"7":0,"8":0,"9":0,"10":0,"11":8},"f":{"0":0,"1":0},"b":{},"_coverageSchema":"1a1c01bbd47fc00a2c39e90264f33305004495a9","hash":"17b7e6238191bf9cfc9bfcad3241b563986dee67"}
,"C:\\Users\\behzad\\Desktop\\fti2-main\\fti2-main\\backend\\controllers\\pages\\services.controller.js": {"path":"C:\\Users\\behzad\\Desktop\\fti2-main\\fti2-main\\backend\\controllers\\pages\\services.controller.js","statementMap":{"0":{"start":{"line":1,"column":22},"end":{"line":1,"column":65}},"1":{"start":{"line":3,"column":24},"end":{"line":10,"column":1}},"2":{"start":{"line":4,"column":4},"end":{"line":9,"column":5}},"3":{"start":{"line":5,"column":21},"end":{"line":5,"column":44}},"4":{"start":{"line":6,"column":8},"end":{"line":6,"column":23}},"5":{"start":{"line":8,"column":8},"end":{"line":8,"column":55}},"6":{"start":{"line":12,"column":27},"end":{"line":19,"column":1}},"7":{"start":{"line":13,"column":4},"end":{"line":18,"column":5}},"8":{"start":{"line":14,"column":28},"end":{"line":14,"column":62}},"9":{"start":{"line":15,"column":8},"end":{"line":15,"column":30}},"10":{"start":{"line":17,"column":8},"end":{"line":17,"column":55}},"11":{"start":{"line":21,"column":0},"end":{"line":24,"column":2}}},"fnMap":{"0":{"name":"(anonymous_0)","decl":{"start":{"line":3,"column":24},"end":{"line":3,"column":25}},"loc":{"start":{"line":3,"column":44},"end":{"line":10,"column":1}},"line":3},"1":{"name":"(anonymous_1)","decl":{"start":{"line":12,"column":27},"end":{"line":12,"column":28}},"loc":{"start":{"line":12,"column":47},"end":{"line":19,"column":1}},"line":12}},"branchMap":{},"s":{"0":8,"1":8,"2":0,"3":0,"4":0,"5":0,"6":8,"7":0,"8":0,"9":0,"10":0,"11":8},"f":{"0":0,"1":0},"b":{},"_coverageSchema":"1a1c01bbd47fc00a2c39e90264f33305004495a9","hash":"56d14d711c4cc910be7b03339c62ee530719497b"}
,"C:\\Users\\behzad\\Desktop\\fti2-main\\fti2-main\\backend\\middleware\\authMiddleware.js": {"path":"C:\\Users\\behzad\\Desktop\\fti2-main\\fti2-main\\backend\\middleware\\authMiddleware.js","statementMap":{"0":{"start":{"line":1,"column":12},"end":{"line":1,"column":35}},"1":{"start":{"line":2,"column":13},"end":{"line":2,"column":38}},"2":{"start":{"line":4,"column":16},"end":{"line":45,"column":1}},"3":{"start":{"line":7,"column":4},"end":{"line":40,"column":5}},"4":{"start":{"line":11,"column":8},"end":{"line":39,"column":9}},"5":{"start":{"line":13,"column":12},"end":{"line":13,"column":60}},"6":{"start":{"line":16,"column":28},"end":{"line":16,"column":69}},"7":{"start":{"line":19,"column":25},"end":{"line":19,"column":76}},"8":{"start":{"line":21,"column":12},"end":{"line":23,"column":13}},"9":{"start":{"line":22,"column":16},"end":{"line":22,"column":91}},"10":{"start":{"line":25,"column":12},"end":{"line":27,"column":13}},"11":{"start":{"line":26,"column":16},"end":{"line":26,"column":92}},"12":{"start":{"line":29,"column":12},"end":{"line":31,"column":13}},"13":{"start":{"line":30,"column":16},"end":{"line":30,"column":90}},"14":{"start":{"line":33,"column":12},"end":{"line":33,"column":28}},"15":{"start":{"line":35,"column":12},"end":{"line":35,"column":19}},"16":{"start":{"line":37,"column":12},"end":{"line":37,"column":33}},"17":{"start":{"line":38,"column":12},"end":{"line":38,"column":78}},"18":{"start":{"line":42,"column":4},"end":{"line":44,"column":5}},"19":{"start":{"line":43,"column":8},"end":{"line":43,"column":70}},"20":{"start":{"line":47,"column":14},"end":{"line":53,"column":1}},"21":{"start":{"line":48,"column":4},"end":{"line":52,"column":5}},"22":{"start":{"line":49,"column":8},"end":{"line":49,"column":15}},"23":{"start":{"line":51,"column":8},"end":{"line":51,"column":72}},"24":{"start":{"line":55,"column":0},"end":{"line":55,"column":36}}},"fnMap":{"0":{"name":"(anonymous_0)","decl":{"start":{"line":4,"column":16},"end":{"line":4,"column":17}},"loc":{"start":{"line":4,"column":42},"end":{"line":45,"column":1}},"line":4},"1":{"name":"(anonymous_1)","decl":{"start":{"line":47,"column":14},"end":{"line":47,"column":15}},"loc":{"start":{"line":47,"column":34},"end":{"line":53,"column":1}},"line":47}},"branchMap":{"0":{"loc":{"start":{"line":7,"column":4},"end":{"line":40,"column":5}},"type":"if","locations":[{"start":{"line":7,"column":4},"end":{"line":40,"column":5}},{"start":{},"end":{}}],"line":7},"1":{"loc":{"start":{"line":8,"column":8},"end":{"line":9,"column":54}},"type":"binary-expr","locations":[{"start":{"line":8,"column":8},"end":{"line":8,"column":33}},{"start":{"line":9,"column":8},"end":{"line":9,"column":54}}],"line":8},"2":{"loc":{"start":{"line":21,"column":12},"end":{"line":23,"column":13}},"type":"if","locations":[{"start":{"line":21,"column":12},"end":{"line":23,"column":13}},{"start":{},"end":{}}],"line":21},"3":{"loc":{"start":{"line":25,"column":12},"end":{"line":27,"column":13}},"type":"if","locations":[{"start":{"line":25,"column":12},"end":{"line":27,"column":13}},{"start":{},"end":{}}],"line":25},"4":{"loc":{"start":{"line":29,"column":12},"end":{"line":31,"column":13}},"type":"if","locations":[{"start":{"line":29,"column":12},"end":{"line":31,"column":13}},{"start":{},"end":{}}],"line":29},"5":{"loc":{"start":{"line":42,"column":4},"end":{"line":44,"column":5}},"type":"if","locations":[{"start":{"line":42,"column":4},"end":{"line":44,"column":5}},{"start":{},"end":{}}],"line":42},"6":{"loc":{"start":{"line":48,"column":4},"end":{"line":52,"column":5}},"type":"if","locations":[{"start":{"line":48,"column":4},"end":{"line":52,"column":5}},{"start":{"line":50,"column":11},"end":{"line":52,"column":5}}],"line":48},"7":{"loc":{"start":{"line":48,"column":8},"end":{"line":48,"column":45}},"type":"binary-expr","locations":[{"start":{"line":48,"column":8},"end":{"line":48,"column":16}},{"start":{"line":48,"column":20},"end":{"line":48,"column":45}}],"line":48}},"s":{"0":8,"1":8,"2":8,"3":24,"4":20,"5":20,"6":20,"7":16,"8":16,"9":0,"10":16,"11":1,"12":15,"13":1,"14":14,"15":14,"16":4,"17":4,"18":22,"19":4,"20":8,"21":8,"22":4,"23":4,"24":8},"f":{"0":24,"1":8},"b":{"0":[20,4],"1":[24,20],"2":[0,16],"3":[1,15],"4":[1,14],"5":[4,18],"6":[4,4],"7":[8,8]},"_coverageSchema":"1a1c01bbd47fc00a2c39e90264f33305004495a9","hash":"41745c5f5abd0539d7cff7ea4c3e7f032e9de733"}
,"C:\\Users\\behzad\\Desktop\\fti2-main\\fti2-main\\backend\\middleware\\errorMiddleware.js": {"path":"C:\\Users\\behzad\\Desktop\\fti2-main\\fti2-main\\backend\\middleware\\errorMiddleware.js","statementMap":{"0":{"start":{"line":1,"column":17},"end":{"line":1,"column":45}},"1":{"start":{"line":14,"column":26},"end":{"line":15,"column":58}},"2":{"start":{"line":15,"column":4},"end":{"line":15,"column":58}},"3":{"start":{"line":22,"column":32},"end":{"line":29,"column":1}},"4":{"start":{"line":23,"column":18},"end":{"line":23,"column":63}},"5":{"start":{"line":24,"column":18},"end":{"line":24,"column":39}},"6":{"start":{"line":25,"column":4},"end":{"line":28,"column":6}},"7":{"start":{"line":36,"column":32},"end":{"line":39,"column":1}},"8":{"start":{"line":37,"column":19},"end":{"line":37,"column":68}},"9":{"start":{"line":37,"column":57},"end":{"line":37,"column":67}},"10":{"start":{"line":38,"column":4},"end":{"line":38,"column":72}},"11":{"start":{"line":45,"column":23},"end":{"line":46,"column":60}},"12":{"start":{"line":46,"column":4},"end":{"line":46,"column":60}},"13":{"start":{"line":52,"column":30},"end":{"line":53,"column":71}},"14":{"start":{"line":53,"column":4},"end":{"line":53,"column":71}},"15":{"start":{"line":58,"column":21},"end":{"line":66,"column":1}},"16":{"start":{"line":59,"column":4},"end":{"line":65,"column":7}},"17":{"start":{"line":71,"column":22},"end":{"line":88,"column":1}},"18":{"start":{"line":72,"column":4},"end":{"line":87,"column":5}},"19":{"start":{"line":74,"column":8},"end":{"line":78,"column":11}},"20":{"start":{"line":81,"column":8},"end":{"line":81,"column":51}},"21":{"start":{"line":82,"column":8},"end":{"line":86,"column":11}},"22":{"start":{"line":93,"column":21},"end":{"line":117,"column":1}},"23":{"start":{"line":94,"column":4},"end":{"line":94,"column":43}},"24":{"start":{"line":95,"column":4},"end":{"line":95,"column":39}},"25":{"start":{"line":97,"column":4},"end":{"line":116,"column":5}},"26":{"start":{"line":98,"column":8},"end":{"line":98,"column":31}},"27":{"start":{"line":100,"column":20},"end":{"line":100,"column":81}},"28":{"start":{"line":101,"column":8},"end":{"line":101,"column":36}},"29":{"start":{"line":102,"column":8},"end":{"line":102,"column":30}},"30":{"start":{"line":103,"column":8},"end":{"line":103,"column":30}},"31":{"start":{"line":105,"column":8},"end":{"line":107,"column":9}},"32":{"start":{"line":106,"column":12},"end":{"line":106,"column":64}},"33":{"start":{"line":109,"column":8},"end":{"line":109,"column":83}},"34":{"start":{"line":109,"column":50},"end":{"line":109,"column":83}},"35":{"start":{"line":110,"column":8},"end":{"line":110,"column":89}},"36":{"start":{"line":110,"column":50},"end":{"line":110,"column":89}},"37":{"start":{"line":111,"column":8},"end":{"line":111,"column":89}},"38":{"start":{"line":111,"column":50},"end":{"line":111,"column":89}},"39":{"start":{"line":112,"column":8},"end":{"line":112,"column":75}},"40":{"start":{"line":112,"column":50},"end":{"line":112,"column":75}},"41":{"start":{"line":113,"column":8},"end":{"line":113,"column":82}},"42":{"start":{"line":113,"column":50},"end":{"line":113,"column":82}},"43":{"start":{"line":115,"column":8},"end":{"line":115,"column":34}},"44":{"start":{"line":123,"column":17},"end":{"line":125,"column":1}},"45":{"start":{"line":124,"column":4},"end":{"line":124,"column":81}},"46":{"start":{"line":127,"column":0},"end":{"line":127,"column":44}}},"fnMap":{"0":{"name":"(anonymous_0)","decl":{"start":{"line":14,"column":26},"end":{"line":14,"column":27}},"loc":{"start":{"line":15,"column":4},"end":{"line":15,"column":58}},"line":15},"1":{"name":"(anonymous_1)","decl":{"start":{"line":22,"column":32},"end":{"line":22,"column":33}},"loc":{"start":{"line":22,"column":41},"end":{"line":29,"column":1}},"line":22},"2":{"name":"(anonymous_2)","decl":{"start":{"line":36,"column":32},"end":{"line":36,"column":33}},"loc":{"start":{"line":36,"column":41},"end":{"line":39,"column":1}},"line":36},"3":{"name":"(anonymous_3)","decl":{"start":{"line":37,"column":49},"end":{"line":37,"column":50}},"loc":{"start":{"line":37,"column":57},"end":{"line":37,"column":67}},"line":37},"4":{"name":"(anonymous_4)","decl":{"start":{"line":45,"column":23},"end":{"line":45,"column":24}},"loc":{"start":{"line":46,"column":4},"end":{"line":46,"column":60}},"line":46},"5":{"name":"(anonymous_5)","decl":{"start":{"line":52,"column":30},"end":{"line":52,"column":31}},"loc":{"start":{"line":53,"column":4},"end":{"line":53,"column":71}},"line":53},"6":{"name":"(anonymous_6)","decl":{"start":{"line":58,"column":21},"end":{"line":58,"column":22}},"loc":{"start":{"line":58,"column":35},"end":{"line":66,"column":1}},"line":58},"7":{"name":"(anonymous_7)","decl":{"start":{"line":71,"column":22},"end":{"line":71,"column":23}},"loc":{"start":{"line":71,"column":36},"end":{"line":88,"column":1}},"line":71},"8":{"name":"(anonymous_8)","decl":{"start":{"line":93,"column":21},"end":{"line":93,"column":22}},"loc":{"start":{"line":93,"column":46},"end":{"line":117,"column":1}},"line":93},"9":{"name":"(anonymous_9)","decl":{"start":{"line":123,"column":17},"end":{"line":123,"column":18}},"loc":{"start":{"line":123,"column":37},"end":{"line":125,"column":1}},"line":123}},"branchMap":{"0":{"loc":{"start":{"line":23,"column":18},"end":{"line":23,"column":63}},"type":"binary-expr","locations":[{"start":{"line":23,"column":18},"end":{"line":23,"column":52}},{"start":{"line":23,"column":56},"end":{"line":23,"column":63}}],"line":23},"1"
[...]
,"C:\\Users\\behzad\\Desktop\\fti2-main\\fti2-main\\backend\\routes\\cms\\cmsRoutes.js": {"path":"C:\\Users\\behzad\\Desktop\\fti2-main\\fti2-main\\backend\\routes\\cms\\cmsRoutes.js","statementMap":{"0":{"start":{"line":1,"column":16},"end":{"line":1,"column":34}},"1":{"start":{"line":2,"column":15},"end":{"line":2,"column":31}},"2":{"start":{"line":3,"column":38},"end":{"line":3,"column":81}},"3":{"start":{"line":4,"column":20},"end":{"line":4,"column":62}},"4":{"start":{"line":12,"column":0},"end":{"line":12,"column":28}},"5":{"start":{"line":15,"column":0},"end":{"line":15,"column":47}},"6":{"start":{"line":17,"column":0},"end":{"line":17,"column":24}}},"fnMap":{},"branchMap":{},"s":{"0":8,"1":8,"2":8,"3":8,"4":8,"5":8,"6":8},"f":{},"b":{},"_coverageSchema":"1a1c01bbd47fc00a2c39e90264f33305004495a9","hash":"05f8fc771c1b57bbf2b73daee21f71302f92b587"}
,"C:\\Users\\behzad\\Desktop\\fti2-main\\fti2-main\\backend\\routes\\consultation\\consultationRoutes.js": {"path":"C:\\Users\\behzad\\Desktop\\fti2-main\\fti2-main\\backend\\routes\\consultation\\consultationRoutes.js","statementMap":{"0":{"start":{"line":1,"column":16},"end":{"line":1,"column":34}},"1":{"start":{"line":2,"column":15},"end":{"line":2,"column":31}},"2":{"start":{"line":9,"column":4},"end":{"line":9,"column":56}},"3":{"start":{"line":10,"column":20},"end":{"line":10,"column":62}},"4":{"start":{"line":18,"column":0},"end":{"line":18,"column":35}},"5":{"start":{"line":21,"column":0},"end":{"line":21,"column":46}},"6":{"start":{"line":24,"column":0},"end":{"line":24,"column":49}},"7":{"start":{"line":27,"column":0},"end":{"line":27,"column":63}},"8":{"start":{"line":30,"column":0},"end":{"line":30,"column":51}},"9":{"start":{"line":32,"column":0},"end":{"line":32,"column":24}}},"fnMap":{},"branchMap":{},"s":{"0":8,"1":8,"2":8,"3":8,"4":8,"5":8,"6":8,"7":8,"8":8,"9":8},"f":{},"b":{},"_coverageSchema":"1a1c01bbd47fc00a2c39e90264f33305004495a9","hash":"2924c9aed3ebd49b928eec14acd56f6070299df6"}
,"C:\\Users\\behzad\\Desktop\\fti2-main\\fti2-main\\backend\\routes\\contact\\contactRoutes.js": {"path":"C:\\Users\\behzad\\Desktop\\fti2-main\\fti2-main\\backend\\routes\\contact\\contactRoutes.js","statementMap":{"0":{"start":{"line":1,"column":16},"end":{"line":1,"column":34}},"1":{"start":{"line":2,"column":15},"end":{"line":2,"column":31}},"2":{"start":{"line":9,"column":4},"end":{"line":9,"column":51}},"3":{"start":{"line":10,"column":20},"end":{"line":10,"column":62}},"4":{"start":{"line":11,"column":25},"end":{"line":11,"column":69}},"5":{"start":{"line":12,"column":24},"end":{"line":12,"column":63}},"6":{"start":{"line":13,"column":42},"end":{"line":13,"column":81}},"7":{"start":{"line":21,"column":0},"end":{"line":21,"column":78}},"8":{"start":{"line":24,"column":0},"end":{"line":24,"column":41}},"9":{"start":{"line":27,"column":0},"end":{"line":27,"column":44}},"10":{"start":{"line":30,"column":0},"end":{"line":30,"column":86}},"11":{"start":{"line":33,"column":0},"end":{"line":33,"column":46}},"12":{"start":{"line":35,"column":0},"end":{"line":35,"column":24}}},"fnMap":{},"branchMap":{},"s":{"0":8,"1":8,"2":8,"3":8,"4":8,"5":8,"6":8,"7":8,"8":8,"9":8,"10":8,"11":8,"12":8},"f":{},"b":{},"_coverageSchema":"1a1c01bbd47fc00a2c39e90264f33305004495a9","hash":"61727d8304ce628b2d4cc59d147cd6c33b1b9d4c"}
,"C:\\Users\\behzad\\Desktop\\fti2-main\\fti2-main\\backend\\schemas\\auth.schema.js": {"path":"C:\\Users\\behzad\\Desktop\\fti2-main\\fti2-main\\backend\\schemas\\auth.schema.js","statementMap":{"0":{"start":{"line":1,"column":14},"end":{"line":1,"column":28}},"1":{"start":{"line":3,"column":20},"end":{"line":14,"column":2}},"2":{"start":{"line":16,"column":29},"end":{"line":25,"column":2}},"3":{"start":{"line":27,"column":29},"end":{"line":39,"column":2}},"4":{"start":{"line":41,"column":0},"end":{"line":45,"column":2}}},"fnMap":{},"branchMap":{},"s":{"0":8,"1":8,"2":8,"3":8,"4":8},"f":{},"b":{},"_coverageSchema":"1a1c01bbd47fc00a2c39e90264f33305004495a9","hash":"43b011d79359aa4ab8d44bdc94589c32ebb3a7cd"}
,"C:\\Users\\behzad\\Desktop\\fti2-main\\fti2-main\\backend\\schemas\\contact.schema.js": {"path":"C:\\Users\\behzad\\Desktop\\fti2-main\\fti2-main\\backend\\schemas\\contact.schema.js","statementMap":{"0":{"start":{"line":1,"column":14},"end":{"line":1,"column":28}},"1":{"start":{"line":3,"column":22},"end":{"line":15,"column":2}},"2":{"start":{"line":17,"column":23},"end":{"line":24,"column":2}},"3":{"start":{"line":26,"column":0},"end":{"line":29,"column":2}}},"fnMap":{},"branchMap":{},"s":{"0":8,"1":8,"2":8,"3":8},"f":{},"b":{},"_coverageSchema":"1a1c01bbd47fc00a2c39e90264f33305004495a9","hash":"b4884b2775552b4225be70f0e2613b4af1c9268a"}
,"C:\\Users\\behzad\\Desktop\\fti2-main\\fti2-main\\backend\\schemas\\enquiry.schema.js": {"path":"C:\\Users\\behzad\\Desktop\\fti2-main\\fti2-main\\backend\\schemas\\enquiry.schema.js","statementMap":{"0":{"start":{"line":1,"column":14},"end":{"line":1,"column":28}},"1":{"start":{"line":3,"column":28},"end":{"line":19,"column":2}},"2":{"start":{"line":21,"column":0},"end":{"line":23,"column":2}}},"fnMap":{},"branchMap":{},"s":{"0":8,"1":8,"2":8},"f":{},"b":{},"_coverageSchema":"1a1c01bbd47fc00a2c39e90264f33305004495a9","hash":"26998ff972b6786129208039ad1b18f71d8fe8d7"}
,"C:\\Users\\behzad\\Desktop\\fti2-main\\fti2-main\\backend\\utils\\AppError.js": {"path":"C:\\Users\\behzad\\Desktop\\fti2-main\\fti2-main\\backend\\utils\\AppError.js","statementMap":{"0":{"start":{"line":25,"column":8},"end":{"line":25,"column":23}},"1":{"start":{"line":27,"column":8},"end":{"line":27,"column":37}},"2":{"start":{"line":28,"column":8},"end":{"line":28,"column":73}},"3":{"start":{"line":31,"column":8},"end":{"line":31,"column":34}},"4":{"start":{"line":34,"column":8},"end":{"line":34,"column":56}},"5":{"start":{"line":38,"column":0},"end":{"line":38,"column":26}}},"fnMap":{"0":{"name":"(anonymous_0)","decl":{"start":{"line":24,"column":4},"end":{"line":24,"column":5}},"loc":{"start":{"line":24,"column":37},"end":{"line":35,"column":5}},"line":24}},"branchMap":{"0":{"loc":{"start":{"line":28,"column":22},"end":{"line":28,"column":72}},"type":"cond-expr","locations":[{"start":{"line":28,"column":56},"end":{"line":28,"column":62}},{"start":{"line":28,"column":65},"end":{"line":28,"column":72}}],"line":28}},"s":{"0":14,"1":14,"2":14,"3":14,"4":14,"5":8},"f":{"0":14},"b":{"0":[14,0]},"_coverageSchema":"1a1c01bbd47fc00a2c39e90264f33305004495a9","hash":"81b6c63f2902261d5c845588b3d32253a31b509d"}
,"C:\\Users\\behzad\\Desktop\\fti2-main\\fti2-main\\backend\\utils\\generateToken.js": {"path":"C:\\Users\\behzad\\Desktop\\fti2-main\\fti2-main\\backend\\utils\\generateToken.js","statementMap":{"0":{"start":{"line":1,"column":12},"end":{"line":1,"column":35}},"1":{"start":{"line":3,"column":22},"end":{"line":7,"column":1}},"2":{"start":{"line":4,"column":4},"end":{"line":6,"column":7}},"3":{"start":{"line":9,"column":0},"end":{"line":9,"column":31}}},"fnMap":{"0":{"name":"(anonymous_0)","decl":{"start":{"line":3,"column":22},"end":{"line":3,"column":23}},"loc":{"start":{"line":3,"column":30},"end":{"line":7,"column":1}},"line":3}},"branchMap":{},"s":{"0":8,"1":8,"2":13,"3":8},"f":{"0":13},"b":{},"_coverageSchema":"1a1c01bbd47fc00a2c39e90264f33305004495a9","hash":"f462d8006a592a6e791ca62e79b8d33e3617f7e7"}
,"C:\\Users\\behzad\\Desktop\\fti2-main\\fti2-main\\backend\\utils\\migrateJSON.js": {"path":"C:\\Users\\behzad\\Desktop\\fti2-main\\fti2-main\\backend\\utils\\migrateJSON.js","statementMap":{"0":{"start":{"line":1,"column":11},"end":{"line":1,"column":24}},"1":{"start":{"line":2,"column":13},"end":{"line":2,"column":28}},"2":{"start":{"line":3,"column":17},"end":{"line":3,"column":36}},"3":{"start":{"line":4,"column":15},"end":{"line":4,"column":32}},"4":{"start":{"line":5,"column":15},"end":{"line":5,"column":34}},"5":{"start":{"line":8,"column":0},"end":{"line":8,"column":16}},"6":{"start":{"line":10,"column":13},"end":{"line":10,"column":38}},"7":{"start":{"line":11,"column":16},"end":{"line":11,"column":44}},"8":{"start":{"line":12,"column":18},"end":{"line":12,"column":41}},"9":{"start":{"line":15,"column":17},"end":{"line":15,"column":51}},"10":{"start":{"line":17,"column":20},"end":{"line":122,"column":1}},"11":{"start":{"line":18,"column":4},"end":{"line":121,"column":5}},"12":{"start":{"line":19,"column":8},"end":{"line":19,"column":97}},"13":{"start":{"line":20,"column":8},"end":{"line":20,"column":26}},"14":{"start":{"line":22,"column":20},"end":{"line":25,"column":9}},"15":{"start":{"line":28,"column":26},"end":{"line":28,"column":68}},"16":{"start":{"line":29,"column":8},"end":{"line":67,"column":9}},"17":{"start":{"line":30,"column":12},"end":{"line":30,"column":58}},"18":{"start":{"line":31,"column":30},"end":{"line":31,"column":76}},"19":{"start":{"line":32,"column":12},"end":{"line":32,"column":48}},"20":{"start":{"line":34,"column":12},"end":{"line":64,"column":13}},"21":{"start":{"line":35,"column":16},"end":{"line":38,"column":17}},"22":{"start":{"line":36,"column":20},"end":{"line":36,"column":43}},"23":{"start":{"line":37,"column":20},"end":{"line":37,"column":29}},"24":{"start":{"line":40,"column":31},"end":{"line":40,"column":76}},"25":{"start":{"line":41,"column":16},"end":{"line":63,"column":17}},"26":{"start":{"line":42,"column":40},"end":{"line":42,"column":57}},"27":{"start":{"line":43,"column":35},"end":{"line":43,"column":96}},"28":{"start":{"line":44,"column":20},"end":{"line":47,"column":21}},"29":{"start":{"line":45,"column":37},"end":{"line":45,"column":61}},"30":{"start":{"line":46,"column":24},"end":{"line":46,"column":79}},"31":{"start":{"line":49,"column":20},"end":{"line":59,"column":21}},"32":{"start":{"line":50,"column":24},"end":{"line":58,"column":27}},"33":{"start":{"line":60,"column":20},"end":{"line":60,"column":43}},"34":{"start":{"line":62,"column":20},"end":{"line":62,"column":42}},"35":{"start":{"line":66,"column":12},"end":{"line":66,"column":60}},"36":{"start":{"line":70,"column":30},"end":{"line":70,"column":76}},"37":{"start":{"line":71,"column":8},"end":{"line":107,"column":9}},"38":{"start":{"line":72,"column":12},"end":{"line":72,"column":62}},"39":{"start":{"line":73,"column":34},"end":{"line":73,"column":84}},"40":{"start":{"line":74,"column":12},"end":{"line":74,"column":56}},"41":{"start":{"line":76,"column":12},"end":{"line":104,"column":13}},"42":{"start":{"line":77,"column":16},"end":{"line":80,"column":17}},"43":{"start":{"line":78,"column":20},"end":{"line":78,"column":47}},"44":{"start":{"line":79,"column":20},"end":{"line":79,"column":29}},"45":{"start":{"line":82,"column":31},"end":{"line":86,"column":18}},"46":{"start":{"line":87,"column":16},"end":{"line":103,"column":17}},"47":{"start":{"line":88,"column":20},"end":{"line":99,"column":21}},"48":{"start":{"line":89,"column":24},"end":{"line":98,"column":27}},"49":{"start":{"line":100,"column":20},"end":{"line":100,"column":47}},"50":{"start":{"line":102,"column":20},"end":{"line":102,"column":46}},"51":{"start":{"line":106,"column":12},"end":{"line":106,"column":64}},"52":{"start":{"line":109,"column":8},"end":{"line":109,"column":50}},"53":{"start":{"line":110,"column":8},"end":{"line":110,"column":29}},"54":{"start":{"line":111,"column":8},"end":{"line":115,"column":9}},"55":{"start":{"line":112,"column":12},"end":{"line":112,"column":69}},"56":{"start":{"line":114,"column":12},"end":{"line":114,"column":62}},"57":{"start":{"line":117,"column":8},"end":{"line":117,"column":21}},"58":{"start":{"line":119,"column":8},"end":{"line":119,"column":50}},"59":{"start":{"line":120,"column":8},"end":{"line":120,"column":20}},"60":{"start":{"line":124,"column":0},"end":{"line":126,"column":1}},"61":{"start":{"line":125,"column":4},"end":{"line":125,"column":75}},"62":{"start":{"line":125,"column":29},"end":{"line":125,"column":44}},"63":{"start":{"line":125,"column":58},"end":{"line":125,"column":73}},"64":{"start":{"line":128,"column":0},"end":{"line":128,"column":33}}},"fnMap":{"0":{"name":"(anonymous_0)","decl":{"start":{"line":17,"column":20},"end":{"line":17,"column":21}},"loc":{"start":{"line":17,"column":32},"end":{"line":122,"column":1}},"line":17},"1":{"name":"(anonymous_1)","decl":{"start":{"line":125,"column":23},"end":{"line":125,"column":24}},"loc":{"start":{"line":125,"column":29},"end":{"line":125,"column":44}},"line":125},"2":{"name":"(anonymous_2)","decl":{"start":{"line":125,"column":52},"end":{"line":125,"column":53}},"loc":{"start":{"line":125,"column":58},"end":{"line":125,"column":73}},"line":125}},"branchMap":{"0":{"loc":{"start":{"line":19,"column":61},"end":{"line":19,"column":93}},"type":"cond-expr","locations":[{"start":{"line":19,"column":72},"end":{"line":19,"column":88}},{"start":{"line":19,"column":91},"end":{"line":19,"column":93}}],"line":19},"1":{"loc":{"start":{"line":29,"column":8},"end":{"line":67,"column":9}},"type":"if","locations":[{"start":{"line":29,"column":8},"end":{"line":67,"column":9}},{"start":{"line":65,"column":15},"end":{"line":67,"column":9}}],"line":29},"2":{"loc":{"start":{"line":35,"column":16},"end":{"line":38,"column":17}},"type":"if","locations":[{"start":{"line":35,"column":16},"end":{"line":38,"column":17}},{"start":{},"end":{}}],"line":35},"3":{"loc":{"start":{"line":35,"column":20},"end":{"line":35,"column":75}},"type":"binary-expr","locations":[{"start":{"line":35,"column":20},"end":{"line":35,"column":35}},{"start":{"line":35,"column":39},"end":{"line":35,"column":53}},{"start":{"line":35,"column":57},"end":{"line":35,"column":75}}],"line":35},"4":{"loc":{"start":{"line":41,"column":16},"end":{"line":63,"column":17}},"type":"if","locations":[{"start":{"line":41,"column":16},"end":{"line":63,"column":17}},{"start":{"line":61,"column":23},"end":{"line":63,"column":17}}],"line":41},"5":{"loc":{"start":{"line":43,"column":35},"end":{"line":43,"column":96}},"type":"binary-expr","locations":[{"start":{"line":43,"column":35},"end":{"line":43,"column":65}},{"start":{"line":43,"column":69},"end":{"line":43,"column":96}}],"line":43},"6":{"loc":{"start":{"line":44,"column":20},"end":{"line":47,"column":21}},"type":"if","locations":[{"start":{"line":44,"column":20},"end":{"line":47,"column":21}},{"start":{},"end":{}}],"line":44},"7":{"loc":{"start":{"line":44,"column":24},"end":{"line":44,"column":46}},"type":"binary-expr","locations":[{"start":{"line":44,"column":24},"end":{"line":44,"column":33}},{"start":{"line":44,"column":37},"end":{"line":44,"column":46}}],"line":44},"8":{"loc":{"start":{"line":49,"column":20},"end":{"line":59,"column":21}},"type":"if","locations":[{"start":{"line":49,"column":20},"end":{"line":59,"column":21}},{"start":{},"end":{}}],"line":49},"9":{"loc":{"start":{"line":54,"column":34},"end":{"line":54,"column":60}},"type":"binary-expr","locations":[{"start":{"line":54,"column":34},"end":{"line":54,"column":47}},{"start":{"line":54,"column":51},"end":{"line":54,"column":60}}],"line":54},"10":{"loc":{"start":{"line":71,"column":8},"end":{"line":107,"column":9}},"type":"if","locations":[{"start":{"line":71,"column":8},"end":{"line":107,"column":9}},{"start":{"line":105,"column":15},"end":{"line":107,"column":9}}],"line":71},"11":{"loc":{"start":{"line":77,"column":16},"end":{"line":80,"column":17}},"type":"if","locations":[{"start":{"line":77,"column":16},"end":{"line":80,"column":17}},{"start":{},"end":{}}],"line":77},"12":{"loc":{"start":{"line":77,"column":20},"end":{"line":77,"column":89}},"type":"binary-expr","locations":[{"start":{"line":77,"column":20},"end":{"line":77,"column":37}},{"start":{"line":77,"column":41},"end":{"line":77,"column":67}},{"start":{"line":77,"column":71},"end":{"line":77,"column":89}}],"line":77},"13":{"loc":{"start":{"line":83,"column":27},"end":{"line":83,"column":50}},"type":"binary-expr","locations":[{"start":{"line":83,"column":27},"end":{"line":83,"column":44}},{"start":{"line":83,"column":48},"end":{"line":83,"column":50}}],"line":83},"14":{"loc":{"start":{"line":85,"column":29},"end":{"line":85,"column":54}},"type":"binary-expr","locations":[{"start":{"line":85,"column":29},"end":{"line":85,"column":48}},{"start":{"line":85,"column":52},"end":{"line":85,"column":54}}],"line":85},"15":{"loc":{"start":{"line":87,"column":16},"end":{"line":103,"column":17}},"type":"if","locations":[{"start":{"line":87,"column":16},"end":{"line":103,"column":17}},{"start":{"line":101,"column":23},"end":{"line":103,"column":17}}],"line":87},"16":{"loc":{"start":{"line":88,"column":20},"end":{"line":99,"column":21}},"type":"if","locations":[{"start":{"line":88,"column":20},"end":{"line":99,"column":21}},{"start":{},"end":{}}],"line":88},"17":{"loc":{"start":{"line":92,"column":35},"end":{"line":92,"column":58}},"type":"binary-expr","locations":[{"start":{"line":92,"column":35},"end":{"line":92,"column":52}},{"start":{"line":92,"column":56},"end":{"line":92,"column":58}}],"line":92},"18":{"loc":{"start":{"line":93,"column":37},"end":{"line":93,"column":62}},"type":"binary-expr","locations":[{"start":{"line":93,"column":37},"end":{"line":93,"column":56}},{"start":{"line":93,"column":60},"end":{"line":93,"column":62}}],"line":93},"19":{"loc":{"start":{"line":94,"column":50},"end":{"line":94,"column":88}},"type":"binary-expr","locations":[{"start":{"line":94,"column":50},"end":{"line":94,"column":82}},{"start":{"line":94,"column":86},"end":{"line":94,"column":88}}],"line":94},"20":{"loc":{"start":{"line":96,"column":37},"end":{"line":96,"column":62}},"type":"binary-expr","locations":[{"start":{"line":96,"column":37},"end":{"line":96,"column":56}},{"start":{"line":96,"column":60},"end":{"line":96,"column":62}}],"line":96},"21":{"loc":{"start":{"line":97,"column":39},"end":{"line":97,"column":107}},"type":"cond-expr","locations":[{"start":{"line":97,"column":63},"end":{"line":97,"column":94}},{"start":{"line":97,"column":97},"end":{"line":97,"column":107}}],"line":97},"22":{"loc":{"start":{"line":111,"column":8},"end":{"line":115,"column":9}},"type":"if","locations":[{"start":{"line":111,"column":8},"end":{"line":115,"column":9}},{"start":{"line":113,"column":15},"end":{"line":115,"column":9}}],"line":111},"23":{"loc":{"start":{"line":124,"column":0},"end":{"line":126,"column":1}},"type":"if","locations":[{"start":{"line":124,"column":0},"end":{"line":126,"column":1}},{"start":{},"end":{}}],"line":124}},"s":{"0":1,"1":1,"2":1,"3":1,"4":1,"5":1,"6":1,"7":1,"8":1,"9":1,"10":1,"11":2,"12":2,"13":2,"14":2,"15":2,"16":2,"17":2,"18":2,"19":2,"20":2,"21":8,"22":2,"23":2,"24":6,"25":6,"26":2,"27":2,"28":2,"29":1,"30":1,"31":2,"32":2,"33":2,"34":4,"35":0,"36":2,"37":2,"38":2,"39":2,"40":2,"41":2,"42":6,"43":2,"44":2,"45":4,"46":4,"47":1,"48":1,"49":1,"50":3,"51":0,"52":2,"53":2,"54":2,"55":0,"56":2,"57":2,"58":0,"59":0,"60":1,"61":0,"62":0,"63":0,"64":1},"f":{"0":2,"1":0,"2":0},"b":{"0":[0,2],"1":[2,0],"2":[2,6],"3":[8,6,6],"4":[2,4],"5":[2,1],"6":[1,1],"7":[2,1],"8":[2,0],"9":[2,0],"10":[2,0],"11":[2,4],"12":[6,6,6],"13":[4,0],"14":[4,4],"15":[1,3],"16":[1,0],"17":[1,0],"18":[1,1],"19":[1,1],"20":[1,1],"21":[0,1],"22":[0,2],"23":[0,1]},"_coverageSchema":"1a1c01bbd47fc00a2c39e90264f33305004495a9","hash":"d008b4d59760e405886b478b734eda87467e4146"}
}
