TN:
SF:server.js
FN:11,(anonymous_0)
FN:52,(anonymous_1)
FN:84,(anonymous_2)
FN:100,(anonymous_3)
FNF:4
FNH:3
FNDA:24,(anonymous_0)
FNDA:82,(anonymous_1)
FNDA:2,(anonymous_2)
FNDA:0,(anonymous_3)
DA:1,8
DA:2,8
DA:3,8
DA:4,8
DA:7,8
DA:10,8
DA:11,24
DA:13,8
DA:14,0
DA:15,0
DA:18,8
DA:19,0
DA:20,0
DA:23,8
DA:24,8
DA:27,8
DA:28,8
DA:31,8
DA:35,8
DA:36,0
DA:39,8
DA:41,8
DA:43,8
DA:46,8
DA:51,8
DA:54,82
DA:60,82
DA:63,2
DA:64,0
DA:67,2
DA:68,1
DA:70,1
DA:77,8
DA:80,8
DA:81,8
DA:84,8
DA:85,2
DA:89,8
DA:92,8
DA:95,8
DA:98,8
DA:99,0
DA:100,0
DA:101,0
DA:105,8
LF:45
LH:36
BRDA:13,0,0,0
BRDA:13,0,1,8
BRDA:13,1,0,8
BRDA:13,1,1,8
BRDA:18,2,0,0
BRDA:18,2,1,8
BRDA:18,3,0,8
BRDA:18,3,1,0
BRDA:35,4,0,0
BRDA:35,4,1,8
BRDA:56,5,0,0
BRDA:56,5,1,82
BRDA:60,6,0,80
BRDA:60,6,1,2
BRDA:63,7,0,0
BRDA:63,7,1,2
BRDA:63,8,0,2
BRDA:63,8,1,0
BRDA:67,9,0,1
BRDA:67,9,1,1
BRDA:98,10,0,0
BRDA:98,10,1,8
BRDA:99,11,0,0
BRDA:99,11,1,0
BRDA:101,12,0,0
BRDA:101,12,1,0
BRF:26
BRH:14
end_of_record
TN:
SF:config\db.js
FN:3,(anonymous_0)
FNF:1
FNH:1
FNDA:2,(anonymous_0)
DA:1,9
DA:3,9
DA:4,2
DA:5,2
DA:6,2
DA:8,0
DA:9,0
DA:14,9
LF:8
LH:6
BRF:0
BRH:0
end_of_record
TN:
SF:controllers\application.controller.js
FN:17,(anonymous_0)
FN:58,(anonymous_1)
FN:94,(anonymous_2)
FN:129,(anonymous_3)
FN:156,(anonymous_4)
FN:202,(anonymous_5)
FNF:6
FNH:5
FNDA:2,(anonymous_0)
FNDA:0,(anonymous_1)
FNDA:1,(anonymous_2)
FNDA:1,(anonymous_3)
FNDA:1,(anonymous_4)
FNDA:1,(anonymous_5)
DA:1,8
DA:2,8
DA:17,8
DA:18,2
DA:19,2
DA:21,2
DA:22,2
DA:27,0
DA:39,0
DA:46,0
DA:58,8
DA:59,0
DA:60,0
DA:62,0
DA:63,0
DA:66,0
DA:76,0
DA:83,0
DA:94,8
DA:95,1
DA:96,1
DA:97,1
DA:98,1
DA:100,1
DA:101,1
DA:102,1
DA:104,1
DA:109,0
DA:118,1
DA:129,8
DA:130,1
DA:131,1
DA:133,1
DA:134,1
DA:137,0
DA:143,0
DA:156,8
DA:157,1
DA:158,1
DA:159,1
DA:161,1
DA:162,0
DA:170,1
DA:171,1
DA:172,1
DA:174,1
DA:180,1
DA:181,1
DA:184,0
DA:191,0
DA:202,8
DA:203,1
DA:204,1
DA:206,1
DA:207,1
DA:210,0
DA:216,0
DA:220,8
LF:58
LH:40
BRDA:21,0,0,2
BRDA:21,0,1,0
BRDA:21,1,0,2
BRDA:21,1,1,0
BRDA:21,1,2,0
BRDA:62,2,0,0
BRDA:62,2,1,0
BRDA:62,3,0,0
BRDA:62,3,1,0
BRDA:96,4,0,1
BRDA:96,4,1,1
BRDA:97,5,0,1
BRDA:97,5,1,1
BRDA:101,6,0,0
BRDA:101,6,1,1
BRDA:102,7,0,0
BRDA:102,7,1,1
BRDA:133,8,0,1
BRDA:133,8,1,0
BRDA:161,9,0,0
BRDA:161,9,1,1
BRDA:161,10,0,1
BRDA:161,10,1,1
BRDA:171,11,0,1
BRDA:171,11,1,0
BRDA:172,12,0,0
BRDA:172,12,1,1
BRDA:180,13,0,1
BRDA:180,13,1,0
BRDA:206,14,0,1
BRDA:206,14,1,0
BRF:31
BRH:16
end_of_record
TN:
SF:controllers\auth.controller.js
FN:9,(anonymous_0)
FN:41,(anonymous_1)
FN:61,(anonymous_2)
FN:90,(anonymous_3)
FN:128,(anonymous_4)
FN:143,(anonymous_5)
FNF:6
FNH:3
FNDA:23,(anonymous_0)
FNDA:0,(anonymous_1)
FNDA:0,(anonymous_2)
FNDA:2,(anonymous_3)
FNDA:0,(anonymous_4)
FNDA:1,(anonymous_5)
DA:1,8
DA:2,8
DA:9,8
DA:10,23
DA:12,23
DA:13,23
DA:14,0
DA:17,23
DA:19,23
DA:20,10
DA:28,13
DA:31,0
DA:32,0
DA:41,8
DA:42,0
DA:43,0
DA:45,0
DA:46,0
DA:48,0
DA:51,0
DA:52,0
DA:61,8
DA:62,0
DA:64,0
DA:65,0
DA:66,0
DA:69,0
DA:71,0
DA:72,0
DA:73,0
DA:75,0
DA:77,0
DA:80,0
DA:81,0
DA:90,8
DA:91,2
DA:93,2
DA:94,2
DA:95,0
DA:98,2
DA:100,2
DA:101,1
DA:104,1
DA:111,1
DA:118,0
DA:119,0
DA:128,8
DA:129,0
DA:130,0
DA:131,0
DA:133,0
DA:134,0
DA:143,8
DA:144,1
DA:145,1
DA:147,1
DA:148,0
DA:149,0
DA:152,0
DA:153,0
DA:155,1
DA:156,1
DA:160,8
LF:63
LH:29
BRDA:13,0,0,0
BRDA:13,0,1,23
BRDA:13,1,0,23
BRDA:13,1,1,23
BRDA:19,2,0,10
BRDA:19,2,1,13
BRDA:19,3,0,23
BRDA:19,3,1,11
BRDA:45,4,0,0
BRDA:45,4,1,0
BRDA:65,5,0,0
BRDA:65,5,1,0
BRDA:65,6,0,0
BRDA:65,6,1,0
BRDA:71,7,0,0
BRDA:71,7,1,0
BRDA:71,8,0,0
BRDA:71,8,1,0
BRDA:94,9,0,0
BRDA:94,9,1,2
BRDA:94,10,0,2
BRDA:94,10,1,2
BRDA:94,10,2,2
BRDA:100,11,0,1
BRDA:100,11,1,1
BRDA:148,12,0,0
BRDA:148,12,1,0
BRDA:148,13,0,0
BRDA:148,13,1,0
BRF:29
BRH:13
end_of_record
TN:
SF:controllers\cms.controller.js
FN:13,(anonymous_0)
FN:19,(anonymous_1)
FN:35,(anonymous_2)
FNF:3
FNH:2
FNDA:2,(anonymous_0)
FNDA:0,(anonymous_1)
FNDA:1,(anonymous_2)
DA:1,8
DA:13,8
DA:14,2
DA:15,2
DA:16,1
DA:19,1
DA:20,0
DA:23,1
DA:25,1
DA:26,1
DA:35,8
DA:36,1
DA:37,1
DA:40,1
DA:42,0
DA:43,0
DA:46,0
DA:50,0
DA:51,0
DA:53,0
DA:55,1
DA:56,1
DA:60,8
LF:23
LH:16
BRDA:42,0,0,0
BRDA:42,0,1,0
BRF:2
BRH:0
end_of_record
TN:
SF:controllers\consultation.controller.js
FN:17,(anonymous_0)
FN:52,(anonymous_1)
FN:86,(anonymous_2)
FN:115,(anonymous_3)
FN:164,(anonymous_4)
FNF:5
FNH:1
FNDA:1,(anonymous_0)
FNDA:0,(anonymous_1)
FNDA:0,(anonymous_2)
FNDA:0,(anonymous_3)
FNDA:0,(anonymous_4)
DA:1,8
DA:2,8
DA:17,8
DA:18,1
DA:19,1
DA:21,1
DA:22,1
DA:25,0
DA:34,0
DA:41,0
DA:52,8
DA:53,0
DA:54,0
DA:55,0
DA:56,0
DA:58,0
DA:59,0
DA:61,0
DA:66,0
DA:75,0
DA:86,8
DA:87,0
DA:88,0
DA:90,0
DA:91,0
DA:96,0
DA:102,0
DA:115,8
DA:116,0
DA:117,0
DA:118,0
DA:120,0
DA:121,0
DA:129,0
DA:130,0
DA:131,0
DA:132,0
DA:134,0
DA:140,0
DA:141,0
DA:146,0
DA:153,0
DA:164,8
DA:165,0
DA:166,0
DA:168,0
DA:169,0
DA:174,0
DA:180,0
DA:184,8
LF:50
LH:12
BRDA:21,0,0,1
BRDA:21,0,1,0
BRDA:21,1,0,1
BRDA:21,1,1,0
BRDA:54,2,0,0
BRDA:54,2,1,0
BRDA:55,3,0,0
BRDA:55,3,1,0
BRDA:59,4,0,0
BRDA:59,4,1,0
BRDA:90,5,0,0
BRDA:90,5,1,0
BRDA:120,6,0,0
BRDA:120,6,1,0
BRDA:120,7,0,0
BRDA:120,7,1,0
BRDA:130,8,0,0
BRDA:130,8,1,0
BRDA:131,9,0,0
BRDA:131,9,1,0
BRDA:132,10,0,0
BRDA:132,10,1,0
BRDA:140,11,0,0
BRDA:140,11,1,0
BRDA:168,12,0,0
BRDA:168,12,1,0
BRF:26
BRH:2
end_of_record
TN:
SF:controllers\contact.controller.js
FN:17,(anonymous_0)
FN:46,(anonymous_1)
FN:83,(anonymous_2)
FN:109,(anonymous_3)
FN:139,(anonymous_4)
FNF:5
FNH:2
FNDA:1,(anonymous_0)
FNDA:1,(anonymous_1)
FNDA:0,(anonymous_2)
FNDA:0,(anonymous_3)
FNDA:0,(anonymous_4)
DA:1,8
DA:2,8
DA:17,8
DA:18,1
DA:19,1
DA:22,1
DA:23,0
DA:26,1
DA:28,1
DA:35,0
DA:46,8
DA:47,1
DA:48,1
DA:49,1
DA:50,1
DA:53,1
DA:54,1
DA:55,0
DA:58,1
DA:63,0
DA:72,1
DA:83,8
DA:84,0
DA:85,0
DA:87,0
DA:88,0
DA:91,0
DA:97,0
DA:109,8
DA:110,0
DA:111,0
DA:117,0
DA:118,0
DA:121,0
DA:128,0
DA:139,8
DA:140,0
DA:141,0
DA:143,0
DA:144,0
DA:147,0
DA:153,0
DA:157,8
LF:43
LH:21
BRDA:22,0,0,0
BRDA:22,0,1,1
BRDA:22,1,0,1
BRDA:22,1,1,1
BRDA:48,2,0,1
BRDA:48,2,1,1
BRDA:49,3,0,1
BRDA:49,3,1,1
BRDA:54,4,0,0
BRDA:54,4,1,1
BRDA:87,5,0,0
BRDA:87,5,1,0
BRDA:113,6,0,0
BRDA:113,6,1,0
BRDA:117,7,0,0
BRDA:117,7,1,0
BRDA:124,8,0,0
BRDA:124,8,1,0
BRDA:143,9,0,0
BRDA:143,9,1,0
BRF:20
BRH:8
end_of_record
TN:
SF:controllers\enquiry.controller.js
FN:8,(anonymous_0)
FN:38,(anonymous_1)
FN:53,(anonymous_2)
FNF:3
FNH:2
FNDA:1,(anonymous_0)
FNDA:1,(anonymous_1)
FNDA:0,(anonymous_2)
DA:1,8
DA:8,8
DA:9,1
DA:10,1
DA:12,1
DA:13,0
DA:16,1
DA:26,1
DA:28,0
DA:29,0
DA:38,8
DA:39,1
DA:40,1
DA:41,1
DA:43,0
DA:44,0
DA:53,8
DA:54,0
DA:55,0
DA:56,0
DA:58,0
DA:59,0
DA:62,0
DA:64,0
DA:65,0
DA:69,8
LF:26
LH:13
BRDA:12,0,0,0
BRDA:12,0,1,1
BRDA:12,1,0,1
BRDA:12,1,1,1
BRDA:12,1,2,1
BRDA:19,2,0,1
BRDA:19,2,1,0
BRDA:20,3,0,1
BRDA:20,3,1,1
BRDA:21,4,0,1
BRDA:21,4,1,1
BRDA:23,5,0,1
BRDA:23,5,1,0
BRDA:58,6,0,0
BRDA:58,6,1,0
BRF:15
BRH:10
end_of_record
TN:
SF:controllers\settings.controller.js
FN:8,(anonymous_0)
FN:23,(anonymous_1)
FNF:2
FNH:0
FNDA:0,(anonymous_0)
FNDA:0,(anonymous_1)
DA:1,8
DA:8,8
DA:9,0
DA:10,0
DA:11,0
DA:13,0
DA:14,0
DA:23,8
DA:24,0
DA:25,0
DA:28,0
DA:30,0
DA:32,0
DA:33,0
DA:37,8
LF:15
LH:4
BRF:0
BRH:0
end_of_record
TN:
SF:controllers\testQuery.controller.js
FN:8,(anonymous_0)
FN:42,(anonymous_1)
FN:46,(anonymous_2)
FN:59,(anonymous_3)
FNF:4
FNH:1
FNDA:1,(anonymous_0)
FNDA:0,(anonymous_1)
FNDA:0,(anonymous_2)
FNDA:0,(anonymous_3)
DA:1,8
DA:8,8
DA:9,1
DA:10,1
DA:12,1
DA:13,1
DA:16,0
DA:28,0
DA:30,0
DA:32,0
DA:33,0
DA:42,8
DA:43,0
DA:44,0
DA:46,0
DA:47,0
DA:49,0
DA:50,0
DA:59,8
DA:60,0
DA:61,0
DA:62,0
DA:63,0
DA:65,0
DA:66,0
DA:70,8
LF:26
LH:9
BRDA:12,0,0,1
BRDA:12,0,1,0
BRDA:12,1,0,1
BRDA:12,1,1,0
BRDA:12,1,2,0
BRDA:12,1,3,0
BRDA:21,2,0,0
BRDA:21,2,1,0
BRDA:23,3,0,0
BRDA:23,3,1,0
BRDA:24,4,0,0
BRDA:24,4,1,0
BRF:12
BRH:2
end_of_record
TN:
SF:controllers\pages\about.controller.js
FN:3,(anonymous_0)
FN:12,(anonymous_1)
FNF:2
FNH:0
FNDA:0,(anonymous_0)
FNDA:0,(anonymous_1)
DA:1,8
DA:3,8
DA:4,0
DA:5,0
DA:6,0
DA:8,0
DA:12,8
DA:13,0
DA:14,0
DA:15,0
DA:17,0
DA:21,8
LF:12
LH:4
BRF:0
BRH:0
end_of_record
TN:
SF:controllers\pages\contact.controller.js
FN:3,(anonymous_0)
FN:12,(anonymous_1)
FNF:2
FNH:0
FNDA:0,(anonymous_0)
FNDA:0,(anonymous_1)
DA:1,8
DA:3,8
DA:4,0
DA:5,0
DA:6,0
DA:8,0
DA:12,8
DA:13,0
DA:14,0
DA:15,0
DA:17,0
DA:21,8
LF:12
LH:4
BRF:0
BRH:0
end_of_record
TN:
SF:controllers\pages\destinations.controller.js
FN:3,(anonymous_0)
FN:12,(anonymous_1)
FNF:2
FNH:0
FNDA:0,(anonymous_0)
FNDA:0,(anonymous_1)
DA:1,8
DA:3,8
DA:4,0
DA:5,0
DA:6,0
DA:8,0
DA:12,8
DA:13,0
DA:14,0
DA:15,0
DA:17,0
DA:21,8
LF:12
LH:4
BRF:0
BRH:0
end_of_record
TN:
SF:controllers\pages\events.controller.js
FN:3,(anonymous_0)
FN:12,(anonymous_1)
FNF:2
FNH:0
FNDA:0,(anonymous_0)
FNDA:0,(anonymous_1)
DA:1,8
DA:3,8
DA:4,0
DA:5,0
DA:6,0
DA:8,0
DA:12,8
DA:13,0
DA:14,0
DA:15,0
DA:17,0
DA:21,8
LF:12
LH:4
BRF:0
BRH:0
end_of_record
TN:
SF:controllers\pages\home.controller.js
FN:3,(anonymous_0)
FN:12,(anonymous_1)
FNF:2
FNH:0
FNDA:0,(anonymous_0)
FNDA:0,(anonymous_1)
DA:1,8
DA:3,8
DA:4,0
DA:5,0
DA:6,0
DA:8,0
DA:12,8
DA:13,0
DA:14,0
DA:15,0
DA:17,0
DA:21,8
LF:12
LH:4
BRF:0
BRH:0
end_of_record
TN:
SF:controllers\pages\ielts.controller.js
FN:3,(anonymous_0)
FN:12,(anonymous_1)
FNF:2
FNH:0
FNDA:0,(anonymous_0)
FNDA:0,(anonymous_1)
DA:1,8
DA:3,8
DA:4,0
DA:5,0
DA:6,0
DA:8,0
DA:12,8
DA:13,0
DA:14,0
DA:15,0
DA:17,0
DA:21,8
LF:12
LH:4
BRF:0
BRH:0
end_of_record
TN:
SF:controllers\pages\pte.controller.js
FN:3,(anonymous_0)
FN:12,(anonymous_1)
FNF:2
FNH:0
FNDA:0,(anonymous_0)
FNDA:0,(anonymous_1)
DA:1,8
DA:3,8
DA:4,0
DA:5,0
DA:6,0
DA:8,0
DA:12,8
DA:13,0
DA:14,0
DA:15,0
DA:17,0
DA:21,8
LF:12
LH:4
BRF:0
BRH:0
end_of_record
TN:
SF:controllers\pages\services.controller.js
FN:3,(anonymous_0)
FN:12,(anonymous_1)
FNF:2
FNH:0
FNDA:0,(anonymous_0)
FNDA:0,(anonymous_1)
DA:1,8
DA:3,8
DA:4,0
DA:5,0
DA:6,0
DA:8,0
DA:12,8
DA:13,0
DA:14,0
DA:15,0
DA:17,0
DA:21,8
LF:12
LH:4
BRF:0
BRH:0
end_of_record
TN:
SF:middleware\authMiddleware.js
FN:4,(anonymous_0)
FN:47,(anonymous_1)
FNF:2
FNH:2
FNDA:24,(anonymous_0)
FNDA:8,(anonymous_1)
DA:1,8
DA:2,8
DA:4,8
DA:7,24
DA:11,20
DA:13,20
DA:16,20
DA:19,16
DA:21,16
DA:22,0
DA:25,16
DA:26,1
DA:29,15
DA:30,1
DA:33,14
DA:35,14
DA:37,4
DA:38,4
DA:42,22
DA:43,4
DA:47,8
DA:48,8
DA:49,4
DA:51,4
DA:55,8
LF:25
LH:24
BRDA:7,0,0,20
BRDA:7,0,1,4
BRDA:8,1,0,24
BRDA:8,1,1,20
BRDA:21,2,0,0
BRDA:21,2,1,16
BRDA:25,3,0,1
BRDA:25,3,1,15
BRDA:29,4,0,1
BRDA:29,4,1,14
BRDA:42,5,0,4
BRDA:42,5,1,18
BRDA:48,6,0,4
BRDA:48,6,1,4
BRDA:48,7,0,8
BRDA:48,7,1,8
BRF:16
BRH:15
end_of_record
TN:
SF:middleware\errorMiddleware.js
FN:14,(anonymous_0)
FN:22,(anonymous_1)
FN:36,(anonymous_2)
FN:37,(anonymous_3)
FN:45,(anonymous_4)
FN:52,(anonymous_5)
FN:58,(anonymous_6)
FN:71,(anonymous_7)
FN:93,(anonymous_8)
FN:123,(anonymous_9)
FNF:10
FNH:4
FNDA:1,(anonymous_0)
FNDA:0,(anonymous_1)
FNDA:0,(anonymous_2)
FNDA:0,(anonymous_3)
FNDA:0,(anonymous_4)
FNDA:0,(anonymous_5)
FNDA:0,(anonymous_6)
FNDA:16,(anonymous_7)
FNDA:16,(anonymous_8)
FNDA:4,(anonymous_9)
DA:1,8
DA:14,8
DA:15,1
DA:22,8
DA:23,0
DA:24,0
DA:25,0
DA:36,8
DA:37,0
DA:38,0
DA:45,8
DA:46,0
DA:52,8
DA:53,0
DA:58,8
DA:59,0
DA:71,8
DA:72,16
DA:74,14
DA:81,2
DA:82,2
DA:93,8
DA:94,16
DA:95,16
DA:97,16
DA:98,0
DA:100,16
DA:101,16
DA:102,16
DA:103,16
DA:105,16
DA:106,2
DA:109,16
DA:110,16
DA:111,16
DA:112,16
DA:113,16
DA:115,16
DA:123,8
DA:124,4
DA:127,8
LF:41
LH:32
BRDA:23,0,0,0
BRDA:23,0,1,0
BRDA:23,1,0,0
BRDA:23,1,1,0
BRDA:72,2,0,14
BRDA:72,2,1,2
BRDA:94,3,0,16
BRDA:94,3,1,3
BRDA:95,4,0,16
BRDA:95,4,1,3
BRDA:97,5,0,0
BRDA:97,5,1,16
BRDA:105,6,0,2
BRDA:105,6,1,14
BRDA:109,7,0,1
BRDA:109,7,1,15
BRDA:110,8,0,0
BRDA:110,8,1,16
BRDA:111,9,0,0
BRDA:111,9,1,16
BRDA:112,10,0,0
BRDA:112,10,1,16
BRDA:113,11,0,0
BRDA:113,11,1,16
BRF:24
BRH:15
end_of_record
TN:
SF:middleware\rateLimiter.js
FNF:0
FNH:0
DA:1,8
DA:4,8
DA:16,8
DA:28,8
DA:39,8
LF:5
LH:5
BRF:0
BRH:0
end_of_record
TN:
SF:middleware\uploadMiddleware.js
FN:13,(anonymous_0)
FN:16,(anonymous_1)
FN:23,(anonymous_2)
FNF:3
FNH:0
FNDA:0,(anonymous_0)
FNDA:0,(anonymous_1)
FNDA:0,(anonymous_2)
DA:1,8
DA:2,8
DA:3,8
DA:6,8
DA:7,8
DA:8,0
DA:12,8
DA:14,0
DA:18,0
DA:23,8
DA:24,0
DA:26,0
DA:28,0
DA:30,0
DA:31,0
DA:33,0
DA:37,8
DA:43,8
LF:18
LH:9
BRDA:7,0,0,0
BRDA:7,0,1,8
BRDA:30,1,0,0
BRDA:30,1,1,0
BRDA:30,2,0,0
BRDA:30,2,1,0
BRF:6
BRH:1
end_of_record
TN:
SF:middleware\validateResource.js
FN:1,(anonymous_0)
FN:1,(anonymous_1)
FN:14,(anonymous_2)
FNF:3
FNH:3
FNDA:48,(anonymous_0)
FNDA:43,(anonymous_1)
FNDA:17,(anonymous_2)
DA:1,48
DA:2,43
DA:3,43
DA:8,27
DA:11,16
DA:14,17
DA:22,8
LF:7
LH:7
BRF:0
BRH:0
end_of_record
TN:
SF:models\Application.js
FNF:0
FNH:0
DA:1,8
DA:10,8
DA:93,8
DA:94,8
DA:96,8
DA:97,8
LF:6
LH:6
BRF:0
BRH:0
end_of_record
TN:
SF:models\BaseJSONModel.js
FN:5,(anonymous_0)
FN:10,(anonymous_1)
FN:22,(anonymous_2)
FN:32,(anonymous_3)
FNF:4
FNH:2
FNDA:72,(anonymous_0)
FNDA:72,(anonymous_1)
FNDA:0,(anonymous_2)
FNDA:0,(anonymous_3)
DA:1,8
DA:2,8
DA:6,72
DA:7,72
DA:11,72
DA:13,0
DA:14,0
DA:15,0
DA:18,0
DA:23,0
DA:24,0
DA:25,0
DA:27,0
DA:28,0
DA:33,0
DA:34,0
DA:35,0
DA:36,0
DA:37,0
DA:39,0
DA:40,0
DA:45,8
LF:22
LH:6
BRDA:11,0,0,0
BRDA:11,0,1,72
BRDA:14,1,0,0
BRDA:14,1,1,0
BRF:4
BRH:1
end_of_record
TN:
SF:models\CMSData.js
FNF:0
FNH:0
DA:1,8
DA:3,8
DA:21,8
DA:23,8
LF:4
LH:4
BRF:0
BRH:0
end_of_record
TN:
SF:models\Consultation.js
FNF:0
FNH:0
DA:1,8
DA:7,8
DA:61,8
DA:63,8
DA:64,8
LF:5
LH:5
BRF:0
BRH:0
end_of_record
TN:
SF:models\Contact.js
FNF:0
FNH:0
DA:1,8
DA:15,8
DA:61,8
DA:62,8
DA:64,8
DA:65,8
LF:6
LH:6
BRF:0
BRH:0
end_of_record
TN:
SF:models\Enquiry.js
FNF:0
FNH:0
DA:1,9
DA:3,9
DA:54,9
DA:56,9
LF:4
LH:4
BRF:0
BRH:0
end_of_record
TN:
SF:models\User.js
FN:36,(anonymous_0)
FN:41,(anonymous_1)
FNF:2
FNH:2
FNDA:11,(anonymous_0)
FNDA:95,(anonymous_1)
DA:1,9
DA:2,9
DA:4,9
DA:36,9
DA:37,11
DA:41,9
DA:42,95
DA:43,0
DA:46,95
DA:47,95
DA:50,9
DA:52,9
LF:12
LH:11
BRDA:42,0,0,0
BRDA:42,0,1,95
BRF:2
BRH:1
end_of_record
TN:
SF:models\core\BaseJSONArrayModel.js
FN:5,(anonymous_0)
FN:10,(anonymous_1)
FN:18,(anonymous_2)
FN:28,(anonymous_3)
FN:38,(anonymous_4)
FN:45,(anonymous_5)
FN:47,(anonymous_6)
FN:50,(anonymous_7)
FN:52,(anonymous_8)
FNF:9
FNH:2
FNDA:8,(anonymous_0)
FNDA:8,(anonymous_1)
FNDA:0,(anonymous_2)
FNDA:0,(anonymous_3)
FNDA:0,(anonymous_4)
FNDA:0,(anonymous_5)
FNDA:0,(anonymous_6)
FNDA:0,(anonymous_7)
FNDA:0,(anonymous_8)
DA:1,8
DA:2,8
DA:6,8
DA:7,8
DA:11,8
DA:12,0
DA:13,0
DA:14,0
DA:19,0
DA:20,0
DA:21,0
DA:23,0
DA:24,0
DA:29,0
DA:30,0
DA:31,0
DA:33,0
DA:34,0
DA:39,0
DA:40,0
DA:41,0
DA:42,0
DA:46,0
DA:47,0
DA:51,0
DA:52,0
DA:53,0
DA:54,0
DA:58,8
LF:29
LH:6
BRDA:11,0,0,0
BRDA:11,0,1,8
BRDA:13,1,0,0
BRDA:13,1,1,0
BRDA:47,2,0,0
BRDA:47,2,1,0
BRDA:52,3,0,0
BRDA:52,3,1,0
BRF:8
BRH:1
end_of_record
TN:
SF:models\core\SettingsModel.js
FN:4,(anonymous_0)
FNF:1
FNH:1
FNDA:8,(anonymous_0)
DA:1,8
DA:5,8
DA:12,8
LF:3
LH:3
BRF:0
BRH:0
end_of_record
TN:
SF:models\core\TestQueryModel.js
FN:4,(anonymous_0)
FNF:1
FNH:1
FNDA:8,(anonymous_0)
DA:1,8
DA:5,8
DA:8,8
LF:3
LH:3
BRF:0
BRH:0
end_of_record
TN:
SF:models\pages\AboutModel.js
FN:4,(anonymous_0)
FNF:1
FNH:1
FNDA:8,(anonymous_0)
DA:1,8
DA:5,8
DA:9,8
LF:3
LH:3
BRF:0
BRH:0
end_of_record
TN:
SF:models\pages\ContactModel.js
FN:4,(anonymous_0)
FNF:1
FNH:1
FNDA:8,(anonymous_0)
DA:1,8
DA:5,8
DA:9,8
LF:3
LH:3
BRF:0
BRH:0
end_of_record
TN:
SF:models\pages\DestinationsModel.js
FN:4,(anonymous_0)
FNF:1
FNH:1
FNDA:8,(anonymous_0)
DA:1,8
DA:5,8
DA:9,8
LF:3
LH:3
BRF:0
BRH:0
end_of_record
TN:
SF:models\pages\EventsModel.js
FN:4,(anonymous_0)
FNF:1
FNH:1
FNDA:8,(anonymous_0)
DA:1,8
DA:5,8
DA:9,8
LF:3
LH:3
BRF:0
BRH:0
end_of_record
TN:
SF:models\pages\HomeModel.js
FN:4,(anonymous_0)
FNF:1
FNH:1
FNDA:8,(anonymous_0)
DA:1,8
DA:5,8
DA:9,8
LF:3
LH:3
BRF:0
BRH:0
end_of_record
TN:
SF:models\pages\IeltsModel.js
FN:4,(anonymous_0)
FNF:1
FNH:1
FNDA:8,(anonymous_0)
DA:1,8
DA:5,8
DA:9,8
LF:3
LH:3
BRF:0
BRH:0
end_of_record
TN:
SF:models\pages\PteModel.js
FN:4,(anonymous_0)
FNF:1
FNH:1
FNDA:8,(anonymous_0)
DA:1,8
DA:5,8
DA:9,8
LF:3
LH:3
BRF:0
BRH:0
end_of_record
TN:
SF:models\pages\ServicesModel.js
FN:4,(anonymous_0)
FNF:1
FNH:1
FNDA:8,(anonymous_0)
DA:1,8
DA:5,8
DA:9,8
LF:3
LH:3
BRF:0
BRH:0
end_of_record
TN:
SF:routes\enquiryRoutes.js
FNF:0
FNH:0
DA:1,8
DA:2,8
DA:3,8
DA:4,8
DA:5,8
DA:6,8
DA:7,8
DA:10,8
DA:13,8
DA:15,8
LF:10
LH:10
BRF:0
BRH:0
end_of_record
TN:
SF:routes\index.js
FNF:0
FNH:0
DA:1,8
DA:2,8
DA:9,8
DA:12,8
DA:15,8
DA:18,8
DA:21,8
DA:24,8
DA:27,8
DA:28,8
DA:31,8
DA:34,8
DA:36,8
LF:13
LH:13
BRF:0
BRH:0
end_of_record
TN:
SF:routes\pageRoutes.js
FNF:0
FNH:0
DA:1,8
DA:2,8
DA:3,8
DA:6,8
DA:7,8
DA:8,8
DA:9,8
DA:10,8
DA:11,8
DA:12,8
DA:13,8
DA:16,8
DA:17,8
DA:19,8
DA:20,8
DA:22,8
DA:23,8
DA:25,8
DA:26,8
DA:28,8
DA:29,8
DA:31,8
DA:32,8
DA:34,8
DA:35,8
DA:37,8
DA:38,8
DA:40,8
LF:28
LH:28
BRF:0
BRH:0
end_of_record
TN:
SF:routes\settingsRoutes.js
FNF:0
FNH:0
DA:1,8
DA:2,8
DA:3,8
DA:4,8
DA:7,8
DA:10,8
DA:12,8
LF:7
LH:7
BRF:0
BRH:0
end_of_record
TN:
SF:routes\testQueryRoutes.js
FNF:0
FNH:0
DA:1,8
DA:2,8
DA:3,8
DA:4,8
DA:7,8
DA:10,8
DA:12,8
LF:7
LH:7
BRF:0
BRH:0
end_of_record
TN:
SF:routes\uploadRoutes.js
FN:9,(anonymous_0)
FNF:1
FNH:0
FNDA:0,(anonymous_0)
DA:1,8
DA:2,8
DA:3,8
DA:4,8
DA:9,8
DA:10,0
DA:11,0
DA:16,0
DA:18,0
DA:24,8
LF:10
LH:6
BRDA:10,0,0,0
BRDA:10,0,1,0
BRF:2
BRH:0
end_of_record
TN:
SF:routes\apply\applyRoutes.js
FNF:0
FNH:0
DA:1,8
DA:2,8
DA:10,8
DA:11,8
DA:19,8
DA:22,8
DA:25,8
DA:28,8
DA:31,8
DA:34,8
DA:36,8
LF:11
LH:11
BRF:0
BRH:0
end_of_record
TN:
SF:routes\auth\authRoutes.js
FNF:0
FNH:0
DA:1,8
DA:2,8
DA:3,8
DA:4,8
DA:5,8
DA:6,8
DA:7,8
DA:15,8
DA:18,8
DA:21,8
DA:24,8
DA:27,8
DA:30,8
DA:32,8
LF:14
LH:14
BRF:0
BRH:0
end_of_record
TN:
SF:routes\cms\cmsRoutes.js
FNF:0
FNH:0
DA:1,8
DA:2,8
DA:3,8
DA:4,8
DA:12,8
DA:15,8
DA:17,8
LF:7
LH:7
BRF:0
BRH:0
end_of_record
TN:
SF:routes\consultation\consultationRoutes.js
FNF:0
FNH:0
DA:1,8
DA:2,8
DA:9,8
DA:10,8
DA:18,8
DA:21,8
DA:24,8
DA:27,8
DA:30,8
DA:32,8
LF:10
LH:10
BRF:0
BRH:0
end_of_record
TN:
SF:routes\contact\contactRoutes.js
FNF:0
FNH:0
DA:1,8
DA:2,8
DA:9,8
DA:10,8
DA:11,8
DA:12,8
DA:13,8
DA:21,8
DA:24,8
DA:27,8
DA:30,8
DA:33,8
DA:35,8
LF:13
LH:13
BRF:0
BRH:0
end_of_record
TN:
SF:schemas\auth.schema.js
FNF:0
FNH:0
DA:1,8
DA:3,8
DA:16,8
DA:27,8
DA:41,8
LF:5
LH:5
BRF:0
BRH:0
end_of_record
TN:
SF:schemas\contact.schema.js
FNF:0
FNH:0
DA:1,8
DA:3,8
DA:17,8
DA:26,8
LF:4
LH:4
BRF:0
BRH:0
end_of_record
TN:
SF:schemas\enquiry.schema.js
FNF:0
FNH:0
DA:1,8
DA:3,8
DA:21,8
LF:3
LH:3
BRF:0
BRH:0
end_of_record
TN:
SF:utils\AppError.js
FN:24,(anonymous_0)
FNF:1
FNH:1
FNDA:14,(anonymous_0)
DA:25,14
DA:27,14
DA:28,14
DA:31,14
DA:34,14
DA:38,8
LF:6
LH:6
BRDA:28,0,0,14
BRDA:28,0,1,0
BRF:2
BRH:1
end_of_record
TN:
SF:utils\generateToken.js
FN:3,(anonymous_0)
FNF:1
FNH:1
FNDA:13,(anonymous_0)
DA:1,8
DA:3,8
DA:4,13
DA:9,8
LF:4
LH:4
BRF:0
BRH:0
end_of_record
TN:
SF:utils\migrateJSON.js
FN:17,(anonymous_0)
FN:125,(anonymous_1)
FN:125,(anonymous_2)
FNF:3
FNH:1
FNDA:2,(anonymous_0)
FNDA:0,(anonymous_1)
FNDA:0,(anonymous_2)
DA:1,1
DA:2,1
DA:3,1
DA:4,1
DA:5,1
DA:8,1
DA:10,1
DA:11,1
DA:12,1
DA:15,1
DA:17,1
DA:18,2
DA:19,2
DA:20,2
DA:22,2
DA:28,2
DA:29,2
DA:30,2
DA:31,2
DA:32,2
DA:34,2
DA:35,8
DA:36,2
DA:37,2
DA:40,6
DA:41,6
DA:42,2
DA:43,2
DA:44,2
DA:45,1
DA:46,1
DA:49,2
DA:50,2
DA:60,2
DA:62,4
DA:66,0
DA:70,2
DA:71,2
DA:72,2
DA:73,2
DA:74,2
DA:76,2
DA:77,6
DA:78,2
DA:79,2
DA:82,4
DA:87,4
DA:88,1
DA:89,1
DA:100,1
DA:102,3
DA:106,0
DA:109,2
DA:110,2
DA:111,2
DA:112,0
DA:114,2
DA:117,2
DA:119,0
DA:120,0
DA:124,1
DA:125,0
DA:128,1
LF:63
LH:57
BRDA:19,0,0,0
BRDA:19,0,1,2
BRDA:29,1,0,2
BRDA:29,1,1,0
BRDA:35,2,0,2
BRDA:35,2,1,6
BRDA:35,3,0,8
BRDA:35,3,1,6
BRDA:35,3,2,6
BRDA:41,4,0,2
BRDA:41,4,1,4
BRDA:43,5,0,2
BRDA:43,5,1,1
BRDA:44,6,0,1
BRDA:44,6,1,1
BRDA:44,7,0,2
BRDA:44,7,1,1
BRDA:49,8,0,2
BRDA:49,8,1,0
BRDA:54,9,0,2
BRDA:54,9,1,0
BRDA:71,10,0,2
BRDA:71,10,1,0
BRDA:77,11,0,2
BRDA:77,11,1,4
BRDA:77,12,0,6
BRDA:77,12,1,6
BRDA:77,12,2,6
BRDA:83,13,0,4
BRDA:83,13,1,0
BRDA:85,14,0,4
BRDA:85,14,1,4
BRDA:87,15,0,1
BRDA:87,15,1,3
BRDA:88,16,0,1
BRDA:88,16,1,0
BRDA:92,17,0,1
BRDA:92,17,1,0
BRDA:93,18,0,1
BRDA:93,18,1,1
BRDA:94,19,0,1
BRDA:94,19,1,1
BRDA:96,20,0,1
BRDA:96,20,1,1
BRDA:97,21,0,0
BRDA:97,21,1,1
BRDA:111,22,0,0
BRDA:111,22,1,2
BRDA:124,23,0,0
BRDA:124,23,1,1
BRF:50
BRH:39
end_of_record
